2024-10-08 13:33:21,847 - INFO = <module> - ------------------------ Iniciando um novo log ------------------------ 
2024-10-08 13:33:22,030 - INFO = programa_principal - 
2024-10-08 13:33:22,030 - INFO = programa_principal - ---------------------------------------------------------------------------------------------------
2024-10-08 13:33:22,030 - INFO = programa_principal - --- INICIANDO UM NOVO LANÇAMENTO DE NFE --- 
2024-10-08 13:33:22,030 - INFO = programa_principal - ---------------------------------------------------------------------------------------------------
2024-10-08 13:33:22,031 - INFO = abre_planilha_navegador - --- Tentando abrir a planilha: debug_db_alltrips.xlsx
2024-10-08 13:33:22,152 - INFO = abre_planilha_navegador - --- Planilha já estava aberta, executou apenas um recarregamento
2024-10-08 13:33:30,875 - INFO = abre_planilha_navegador - --- Recarregou a planilha com sucesso.
2024-10-08 13:33:30,875 - INFO = coleta_planilha - --- Copiando dados e formatando na planilha de debug
2024-10-08 13:33:30,875 - INFO = reaplica_filtro_status - --- Executando a função REAPLICA FILTRO STATUS
2024-10-08 13:33:36,011 - INFO = reaplica_filtro_status - --- Navegou até celula A1 e abriu o filtro do status 
2024-10-08 13:33:37,538 - INFO = reaplica_filtro_status - --- Na tela do menu de filtro, clicou no botão "Aplicar" para reaplicar o filtro 
2024-10-08 13:33:43,247 - INFO = coleta_planilha - --- Navegou até a celula A1, e foi para a linha logo a baixo.
2024-10-08 13:33:47,470 - INFO = marca_lancado - --- Abrindo planilha - MARCA_LANCADO, com parametro: chave_invalida
2024-10-08 13:33:53,269 - INFO = reaplica_filtro_status - --- Executando a função REAPLICA FILTRO STATUS
2024-10-08 13:33:58,386 - INFO = reaplica_filtro_status - --- Navegou até celula A1 e abriu o filtro do status 
2024-10-08 13:33:59,913 - INFO = reaplica_filtro_status - --- Na tela do menu de filtro, clicou no botão "Aplicar" para reaplicar o filtro 
2024-10-08 13:34:04,620 - INFO = marca_lancado - --------------------- Processou NFE, situação: chave_invalida ---------------------
2024-10-08 13:34:04,620 - INFO = coleta_planilha - --- Copiando novamente pois os dados são invalidos: ['113068', '', '', '1001-VILA PRUDENTE', '4171172837728', '#NOME?', 'chave_invalida']
2024-10-08 13:34:04,620 - INFO = coleta_planilha - --- Copiando dados e formatando na planilha de debug
2024-10-08 13:34:04,620 - INFO = reaplica_filtro_status - --- Executando a função REAPLICA FILTRO STATUS
2024-10-08 13:34:09,764 - INFO = reaplica_filtro_status - --- Navegou até celula A1 e abriu o filtro do status 
2024-10-08 13:34:11,287 - INFO = reaplica_filtro_status - --- Na tela do menu de filtro, clicou no botão "Aplicar" para reaplicar o filtro 
2024-10-08 13:34:16,990 - INFO = coleta_planilha - --- Navegou até a celula A1, e foi para a linha logo a baixo.
2024-10-08 13:34:21,224 - INFO = marca_lancado - --- Abrindo planilha - MARCA_LANCADO, com parametro: chave_invalida
2024-10-08 13:34:27,021 - INFO = reaplica_filtro_status - --- Executando a função REAPLICA FILTRO STATUS
2024-10-08 13:34:32,137 - INFO = reaplica_filtro_status - --- Navegou até celula A1 e abriu o filtro do status 
2024-10-08 13:34:33,662 - INFO = reaplica_filtro_status - --- Na tela do menu de filtro, clicou no botão "Aplicar" para reaplicar o filtro 
2024-10-08 13:34:38,365 - INFO = marca_lancado - --------------------- Processou NFE, situação: chave_invalida ---------------------
2024-10-08 13:34:38,365 - INFO = coleta_planilha - --- Copiando novamente pois os dados são invalidos: ['113068', '', '', '1001-VILA PRUDENTE', '4171172837728', '#NOME?', 'chave_invalida']
2024-10-08 13:34:38,365 - INFO = coleta_planilha - --- Copiando dados e formatando na planilha de debug
2024-10-08 13:34:38,365 - INFO = reaplica_filtro_status - --- Executando a função REAPLICA FILTRO STATUS
2024-10-08 13:34:43,480 - INFO = reaplica_filtro_status - --- Navegou até celula A1 e abriu o filtro do status 
2024-10-08 13:34:45,004 - INFO = reaplica_filtro_status - --- Na tela do menu de filtro, clicou no botão "Aplicar" para reaplicar o filtro 
2024-10-08 13:34:50,715 - INFO = coleta_planilha - --- Navegou até a celula A1, e foi para a linha logo a baixo.
2024-10-08 13:34:54,936 - INFO = marca_lancado - --- Abrindo planilha - MARCA_LANCADO, com parametro: chave_invalida
2024-10-08 13:35:00,739 - INFO = reaplica_filtro_status - --- Executando a função REAPLICA FILTRO STATUS
2024-10-08 13:35:05,855 - INFO = reaplica_filtro_status - --- Navegou até celula A1 e abriu o filtro do status 
2024-10-08 13:35:07,381 - INFO = reaplica_filtro_status - --- Na tela do menu de filtro, clicou no botão "Aplicar" para reaplicar o filtro 
2024-10-08 13:35:12,090 - INFO = marca_lancado - --------------------- Processou NFE, situação: chave_invalida ---------------------
2024-10-08 13:35:12,090 - INFO = coleta_planilha - --- Copiando novamente pois os dados são invalidos: ['113068', '', '', '1001-VILA PRUDENTE', '4171172837728', '#NOME?', 'chave_invalida']
2024-10-08 13:35:12,090 - INFO = coleta_planilha - --- Copiando dados e formatando na planilha de debug
2024-10-08 13:35:12,090 - INFO = reaplica_filtro_status - --- Executando a função REAPLICA FILTRO STATUS
2024-10-08 13:35:17,231 - INFO = reaplica_filtro_status - --- Navegou até celula A1 e abriu o filtro do status 
2024-10-08 13:35:18,756 - INFO = reaplica_filtro_status - --- Na tela do menu de filtro, clicou no botão "Aplicar" para reaplicar o filtro 
2024-10-08 13:35:24,461 - INFO = coleta_planilha - --- Navegou até a celula A1, e foi para a linha logo a baixo.
2024-10-08 13:35:28,683 - INFO = marca_lancado - --- Abrindo planilha - MARCA_LANCADO, com parametro: chave_invalida
2024-10-08 13:35:34,490 - INFO = reaplica_filtro_status - --- Executando a função REAPLICA FILTRO STATUS
2024-10-08 13:35:39,605 - INFO = reaplica_filtro_status - --- Navegou até celula A1 e abriu o filtro do status 
2024-10-08 13:35:41,131 - INFO = reaplica_filtro_status - --- Na tela do menu de filtro, clicou no botão "Aplicar" para reaplicar o filtro 
2024-10-08 13:35:45,837 - INFO = marca_lancado - --------------------- Processou NFE, situação: chave_invalida ---------------------
2024-10-08 13:35:45,837 - INFO = coleta_planilha - --- Copiando novamente pois os dados são invalidos: ['113068', '', '', '1001-VILA PRUDENTE', '4171172837728', '#NOME?', 'chave_invalida']
2024-10-08 13:35:45,837 - INFO = coleta_planilha - --- Copiando dados e formatando na planilha de debug
2024-10-08 13:35:45,837 - INFO = reaplica_filtro_status - --- Executando a função REAPLICA FILTRO STATUS
2024-10-08 13:35:50,979 - INFO = reaplica_filtro_status - --- Navegou até celula A1 e abriu o filtro do status 
2024-10-08 13:35:52,506 - INFO = reaplica_filtro_status - --- Na tela do menu de filtro, clicou no botão "Aplicar" para reaplicar o filtro 
2024-10-08 13:35:58,213 - INFO = coleta_planilha - --- Navegou até a celula A1, e foi para a linha logo a baixo.
2024-10-08 13:36:02,440 - INFO = marca_lancado - --- Abrindo planilha - MARCA_LANCADO, com parametro: chave_invalida
2024-10-08 13:36:08,238 - INFO = reaplica_filtro_status - --- Executando a função REAPLICA FILTRO STATUS
2024-10-08 13:36:13,355 - INFO = reaplica_filtro_status - --- Navegou até celula A1 e abriu o filtro do status 
2024-10-08 13:36:14,881 - INFO = reaplica_filtro_status - --- Na tela do menu de filtro, clicou no botão "Aplicar" para reaplicar o filtro 
2024-10-08 13:36:19,590 - INFO = marca_lancado - --------------------- Processou NFE, situação: chave_invalida ---------------------
2024-10-08 13:36:19,590 - INFO = coleta_planilha - --- Copiando novamente pois os dados são invalidos: ['113068', '', '', '1001-VILA PRUDENTE', '4171172837728', '#NOME?', 'chave_invalida']
2024-10-08 13:36:19,590 - INFO = coleta_planilha - --- Copiando dados e formatando na planilha de debug
2024-10-08 13:36:19,590 - INFO = reaplica_filtro_status - --- Executando a função REAPLICA FILTRO STATUS
2024-10-08 13:36:24,730 - INFO = reaplica_filtro_status - --- Navegou até celula A1 e abriu o filtro do status 
2024-10-08 13:36:26,255 - INFO = reaplica_filtro_status - --- Na tela do menu de filtro, clicou no botão "Aplicar" para reaplicar o filtro 
2024-10-08 13:36:31,962 - INFO = coleta_planilha - --- Navegou até a celula A1, e foi para a linha logo a baixo.
2024-10-08 13:36:36,184 - INFO = marca_lancado - --- Abrindo planilha - MARCA_LANCADO, com parametro: chave_invalida
2024-10-08 13:36:41,989 - INFO = reaplica_filtro_status - --- Executando a função REAPLICA FILTRO STATUS
2024-10-08 13:36:47,107 - INFO = reaplica_filtro_status - --- Navegou até celula A1 e abriu o filtro do status 
2024-10-08 13:36:48,631 - INFO = reaplica_filtro_status - --- Na tela do menu de filtro, clicou no botão "Aplicar" para reaplicar o filtro 
2024-10-08 13:36:53,336 - INFO = marca_lancado - --------------------- Processou NFE, situação: chave_invalida ---------------------
2024-10-08 13:36:53,336 - INFO = coleta_planilha - --- Copiando novamente pois os dados são invalidos: ['113068', '', '', '1001-VILA PRUDENTE', '4171172837728', '#NOME?', 'chave_invalida']
2024-10-08 13:36:53,336 - INFO = coleta_planilha - --- Copiando dados e formatando na planilha de debug
2024-10-08 13:36:53,336 - INFO = reaplica_filtro_status - --- Executando a função REAPLICA FILTRO STATUS
2024-10-08 13:36:58,482 - INFO = reaplica_filtro_status - --- Navegou até celula A1 e abriu o filtro do status 
2024-10-08 13:37:00,006 - INFO = reaplica_filtro_status - --- Na tela do menu de filtro, clicou no botão "Aplicar" para reaplicar o filtro 
2024-10-08 13:37:05,714 - INFO = coleta_planilha - --- Navegou até a celula A1, e foi para a linha logo a baixo.
2024-10-08 13:37:09,938 - INFO = marca_lancado - --- Abrindo planilha - MARCA_LANCADO, com parametro: chave_invalida
2024-10-08 13:37:15,739 - INFO = reaplica_filtro_status - --- Executando a função REAPLICA FILTRO STATUS
2024-10-08 13:37:20,857 - INFO = reaplica_filtro_status - --- Navegou até celula A1 e abriu o filtro do status 
2024-10-08 13:37:22,382 - INFO = reaplica_filtro_status - --- Na tela do menu de filtro, clicou no botão "Aplicar" para reaplicar o filtro 
2024-10-08 13:37:27,085 - INFO = marca_lancado - --------------------- Processou NFE, situação: chave_invalida ---------------------
2024-10-08 13:37:27,085 - INFO = coleta_planilha - --- Copiando novamente pois os dados são invalidos: ['113068', '', '', '1001-VILA PRUDENTE', '4171172837728', '#NOME?', 'chave_invalida']
2024-10-08 13:37:27,085 - INFO = coleta_planilha - --- Copiando dados e formatando na planilha de debug
2024-10-08 13:37:27,085 - INFO = reaplica_filtro_status - --- Executando a função REAPLICA FILTRO STATUS
2024-10-08 13:37:32,199 - INFO = reaplica_filtro_status - --- Navegou até celula A1 e abriu o filtro do status 
2024-10-08 13:37:33,724 - INFO = reaplica_filtro_status - --- Na tela do menu de filtro, clicou no botão "Aplicar" para reaplicar o filtro 
2024-10-08 13:37:39,433 - INFO = coleta_planilha - --- Navegou até a celula A1, e foi para a linha logo a baixo.
2024-10-08 13:37:43,663 - INFO = marca_lancado - --- Abrindo planilha - MARCA_LANCADO, com parametro: chave_invalida
2024-10-08 13:37:49,457 - INFO = reaplica_filtro_status - --- Executando a função REAPLICA FILTRO STATUS
2024-10-08 13:37:54,574 - INFO = reaplica_filtro_status - --- Navegou até celula A1 e abriu o filtro do status 
2024-10-08 13:37:56,100 - INFO = reaplica_filtro_status - --- Na tela do menu de filtro, clicou no botão "Aplicar" para reaplicar o filtro 
2024-10-08 13:38:00,806 - INFO = marca_lancado - --------------------- Processou NFE, situação: chave_invalida ---------------------
2024-10-08 13:38:00,806 - INFO = coleta_planilha - --- Copiando novamente pois os dados são invalidos: ['113068', '', '', '1001-VILA PRUDENTE', '4171172837728', '#NOME?', 'chave_invalida']
2024-10-08 13:38:00,806 - INFO = coleta_planilha - --- Copiando dados e formatando na planilha de debug
2024-10-08 13:38:00,806 - INFO = reaplica_filtro_status - --- Executando a função REAPLICA FILTRO STATUS
2024-10-08 13:38:05,950 - INFO = reaplica_filtro_status - --- Navegou até celula A1 e abriu o filtro do status 
2024-10-08 13:38:07,475 - INFO = reaplica_filtro_status - --- Na tela do menu de filtro, clicou no botão "Aplicar" para reaplicar o filtro 
2024-10-08 13:38:13,184 - INFO = coleta_planilha - --- Navegou até a celula A1, e foi para a linha logo a baixo.
2024-10-08 13:38:17,407 - INFO = marca_lancado - --- Abrindo planilha - MARCA_LANCADO, com parametro: chave_invalida
2024-10-08 13:38:23,207 - INFO = reaplica_filtro_status - --- Executando a função REAPLICA FILTRO STATUS
2024-10-08 13:38:28,324 - INFO = reaplica_filtro_status - --- Navegou até celula A1 e abriu o filtro do status 
2024-10-08 13:38:29,848 - INFO = reaplica_filtro_status - --- Na tela do menu de filtro, clicou no botão "Aplicar" para reaplicar o filtro 
2024-10-08 13:38:34,555 - INFO = marca_lancado - --------------------- Processou NFE, situação: chave_invalida ---------------------
2024-10-08 13:38:34,555 - INFO = coleta_planilha - --- Copiando novamente pois os dados são invalidos: ['113068', '', '', '1001-VILA PRUDENTE', '4171172837728', '#NOME?', 'chave_invalida']
2024-10-08 13:38:34,555 - INFO = coleta_planilha - --- Copiando dados e formatando na planilha de debug
2024-10-08 13:38:34,555 - INFO = reaplica_filtro_status - --- Executando a função REAPLICA FILTRO STATUS
2024-10-08 13:38:39,700 - INFO = reaplica_filtro_status - --- Navegou até celula A1 e abriu o filtro do status 
2024-10-08 13:38:41,223 - INFO = reaplica_filtro_status - --- Na tela do menu de filtro, clicou no botão "Aplicar" para reaplicar o filtro 
2024-10-08 13:38:46,931 - INFO = coleta_planilha - --- Navegou até a celula A1, e foi para a linha logo a baixo.
2024-10-08 13:38:51,153 - INFO = marca_lancado - --- Abrindo planilha - MARCA_LANCADO, com parametro: chave_invalida
2024-10-08 13:38:56,958 - INFO = reaplica_filtro_status - --- Executando a função REAPLICA FILTRO STATUS
2024-10-08 13:39:02,076 - INFO = reaplica_filtro_status - --- Navegou até celula A1 e abriu o filtro do status 
2024-10-08 13:39:03,600 - INFO = reaplica_filtro_status - --- Na tela do menu de filtro, clicou no botão "Aplicar" para reaplicar o filtro 
2024-10-08 13:39:08,307 - INFO = marca_lancado - --------------------- Processou NFE, situação: chave_invalida ---------------------
2024-10-08 13:39:08,307 - INFO = coleta_planilha - --- Copiando novamente pois os dados são invalidos: ['113068', '', '', '1001-VILA PRUDENTE', '4171172837728', '#NOME?', 'chave_invalida']
2024-10-08 13:39:08,307 - INFO = coleta_planilha - --- Copiando dados e formatando na planilha de debug
2024-10-08 13:39:08,307 - INFO = reaplica_filtro_status - --- Executando a função REAPLICA FILTRO STATUS
2024-10-08 13:39:13,449 - INFO = reaplica_filtro_status - --- Navegou até celula A1 e abriu o filtro do status 
2024-10-08 13:39:14,974 - INFO = reaplica_filtro_status - --- Na tela do menu de filtro, clicou no botão "Aplicar" para reaplicar o filtro 
2024-10-08 13:39:20,685 - INFO = coleta_planilha - --- Navegou até a celula A1, e foi para a linha logo a baixo.
2024-10-08 13:39:24,908 - INFO = marca_lancado - --- Abrindo planilha - MARCA_LANCADO, com parametro: chave_invalida
2024-10-08 13:39:30,739 - INFO = reaplica_filtro_status - --- Executando a função REAPLICA FILTRO STATUS
2024-10-08 13:39:35,854 - INFO = reaplica_filtro_status - --- Navegou até celula A1 e abriu o filtro do status 
2024-10-08 13:39:37,381 - INFO = reaplica_filtro_status - --- Na tela do menu de filtro, clicou no botão "Aplicar" para reaplicar o filtro 
2024-10-08 13:39:42,084 - INFO = marca_lancado - --------------------- Processou NFE, situação: chave_invalida ---------------------
2024-10-08 13:39:42,084 - INFO = coleta_planilha - --- Copiando novamente pois os dados são invalidos: ['113068', '', '', '1001-VILA PRUDENTE', '4171172837728', '#NOME?', 'chave_invalida']
2024-10-08 13:39:42,084 - INFO = coleta_planilha - --- Copiando dados e formatando na planilha de debug
2024-10-08 13:39:42,084 - INFO = reaplica_filtro_status - --- Executando a função REAPLICA FILTRO STATUS
2024-10-08 13:39:47,200 - INFO = reaplica_filtro_status - --- Navegou até celula A1 e abriu o filtro do status 
2024-10-08 13:39:48,725 - INFO = reaplica_filtro_status - --- Na tela do menu de filtro, clicou no botão "Aplicar" para reaplicar o filtro 
2024-10-08 13:39:54,426 - INFO = coleta_planilha - --- Navegou até a celula A1, e foi para a linha logo a baixo.
2024-10-08 13:39:58,649 - INFO = marca_lancado - --- Abrindo planilha - MARCA_LANCADO, com parametro: chave_invalida
2024-10-08 13:40:04,458 - INFO = reaplica_filtro_status - --- Executando a função REAPLICA FILTRO STATUS
2024-10-08 13:40:09,574 - INFO = reaplica_filtro_status - --- Navegou até celula A1 e abriu o filtro do status 
2024-10-08 13:40:11,100 - INFO = reaplica_filtro_status - --- Na tela do menu de filtro, clicou no botão "Aplicar" para reaplicar o filtro 
2024-10-08 13:40:15,808 - INFO = marca_lancado - --------------------- Processou NFE, situação: chave_invalida ---------------------
2024-10-08 13:40:15,808 - INFO = coleta_planilha - --- Copiando novamente pois os dados são invalidos: ['113068', '', '', '1001-VILA PRUDENTE', '4171172837728', '#NOME?', 'chave_invalida']
2024-10-08 13:40:15,808 - INFO = coleta_planilha - --- Copiando dados e formatando na planilha de debug
2024-10-08 13:40:15,808 - INFO = reaplica_filtro_status - --- Executando a função REAPLICA FILTRO STATUS
2024-10-08 13:40:20,949 - INFO = reaplica_filtro_status - --- Navegou até celula A1 e abriu o filtro do status 
2024-10-08 13:40:22,474 - INFO = reaplica_filtro_status - --- Na tela do menu de filtro, clicou no botão "Aplicar" para reaplicar o filtro 
2024-10-08 13:40:28,181 - INFO = coleta_planilha - --- Navegou até a celula A1, e foi para a linha logo a baixo.
2024-10-08 13:40:32,412 - INFO = marca_lancado - --- Abrindo planilha - MARCA_LANCADO, com parametro: chave_invalida
2024-10-08 13:40:38,207 - INFO = reaplica_filtro_status - --- Executando a função REAPLICA FILTRO STATUS
2024-10-08 13:40:43,325 - INFO = reaplica_filtro_status - --- Navegou até celula A1 e abriu o filtro do status 
2024-10-08 13:40:44,850 - INFO = reaplica_filtro_status - --- Na tela do menu de filtro, clicou no botão "Aplicar" para reaplicar o filtro 
2024-10-08 13:40:49,555 - INFO = marca_lancado - --------------------- Processou NFE, situação: chave_invalida ---------------------
2024-10-08 13:40:49,555 - INFO = coleta_planilha - --- Copiando novamente pois os dados são invalidos: ['113068', '', '', '1001-VILA PRUDENTE', '4171172837728', '#NOME?', 'chave_invalida']
2024-10-08 13:40:49,555 - INFO = coleta_planilha - --- Copiando dados e formatando na planilha de debug
2024-10-08 13:40:49,555 - INFO = reaplica_filtro_status - --- Executando a função REAPLICA FILTRO STATUS
2024-10-08 13:40:54,700 - INFO = reaplica_filtro_status - --- Navegou até celula A1 e abriu o filtro do status 
2024-10-08 13:40:56,225 - INFO = reaplica_filtro_status - --- Na tela do menu de filtro, clicou no botão "Aplicar" para reaplicar o filtro 
2024-10-08 13:41:01,930 - INFO = coleta_planilha - --- Navegou até a celula A1, e foi para a linha logo a baixo.
2024-10-08 13:41:06,153 - INFO = marca_lancado - --- Abrindo planilha - MARCA_LANCADO, com parametro: chave_invalida
2024-10-08 13:41:11,958 - INFO = reaplica_filtro_status - --- Executando a função REAPLICA FILTRO STATUS
2024-10-08 13:41:17,074 - INFO = reaplica_filtro_status - --- Navegou até celula A1 e abriu o filtro do status 
2024-10-08 13:41:18,600 - INFO = reaplica_filtro_status - --- Na tela do menu de filtro, clicou no botão "Aplicar" para reaplicar o filtro 
2024-10-08 13:41:23,309 - INFO = marca_lancado - --------------------- Processou NFE, situação: chave_invalida ---------------------
2024-10-08 13:41:23,309 - INFO = coleta_planilha - --- Copiando novamente pois os dados são invalidos: ['113068', '', '', '1001-VILA PRUDENTE', '4171172837728', '#NOME?', 'chave_invalida']
2024-10-08 13:41:23,309 - INFO = coleta_planilha - --- Copiando dados e formatando na planilha de debug
2024-10-08 13:41:23,309 - INFO = reaplica_filtro_status - --- Executando a função REAPLICA FILTRO STATUS
2024-10-08 13:41:28,450 - INFO = reaplica_filtro_status - --- Navegou até celula A1 e abriu o filtro do status 
2024-10-08 13:41:29,974 - INFO = reaplica_filtro_status - --- Na tela do menu de filtro, clicou no botão "Aplicar" para reaplicar o filtro 
2024-10-08 13:41:35,683 - INFO = coleta_planilha - --- Navegou até a celula A1, e foi para a linha logo a baixo.
2024-10-08 13:41:39,904 - INFO = marca_lancado - --- Abrindo planilha - MARCA_LANCADO, com parametro: chave_invalida
2024-10-08 13:41:45,705 - INFO = reaplica_filtro_status - --- Executando a função REAPLICA FILTRO STATUS
2024-10-08 13:41:50,826 - INFO = reaplica_filtro_status - --- Navegou até celula A1 e abriu o filtro do status 
2024-10-08 13:41:52,350 - INFO = reaplica_filtro_status - --- Na tela do menu de filtro, clicou no botão "Aplicar" para reaplicar o filtro 
2024-10-08 13:41:57,062 - INFO = marca_lancado - --------------------- Processou NFE, situação: chave_invalida ---------------------
2024-10-08 13:41:57,062 - INFO = coleta_planilha - --- Copiando novamente pois os dados são invalidos: ['113068', '', '', '1001-VILA PRUDENTE', '4171172837728', '#NOME?', 'chave_invalida']
2024-10-08 13:41:57,062 - INFO = coleta_planilha - --- Copiando dados e formatando na planilha de debug
2024-10-08 13:41:57,062 - INFO = reaplica_filtro_status - --- Executando a função REAPLICA FILTRO STATUS
2024-10-08 13:42:02,200 - INFO = reaplica_filtro_status - --- Navegou até celula A1 e abriu o filtro do status 
2024-10-08 13:42:03,724 - INFO = reaplica_filtro_status - --- Na tela do menu de filtro, clicou no botão "Aplicar" para reaplicar o filtro 
2024-10-08 13:42:09,427 - INFO = coleta_planilha - --- Navegou até a celula A1, e foi para a linha logo a baixo.
2024-10-08 13:42:13,647 - INFO = marca_lancado - --- Abrindo planilha - MARCA_LANCADO, com parametro: chave_invalida
2024-10-08 13:42:19,459 - INFO = reaplica_filtro_status - --- Executando a função REAPLICA FILTRO STATUS
2024-10-08 13:42:24,575 - INFO = reaplica_filtro_status - --- Navegou até celula A1 e abriu o filtro do status 
2024-10-08 13:42:26,100 - INFO = reaplica_filtro_status - --- Na tela do menu de filtro, clicou no botão "Aplicar" para reaplicar o filtro 
2024-10-08 13:42:30,802 - INFO = marca_lancado - --------------------- Processou NFE, situação: chave_invalida ---------------------
2024-10-08 13:42:30,802 - INFO = coleta_planilha - --- Copiando novamente pois os dados são invalidos: ['113068', '', '', '1001-VILA PRUDENTE', '4171172837728', '#NOME?', 'chave_invalida']
2024-10-08 13:42:30,802 - INFO = coleta_planilha - --- Copiando dados e formatando na planilha de debug
2024-10-08 13:42:30,802 - INFO = reaplica_filtro_status - --- Executando a função REAPLICA FILTRO STATUS
2024-10-08 13:42:35,919 - INFO = reaplica_filtro_status - --- Navegou até celula A1 e abriu o filtro do status 
2024-10-08 13:42:37,443 - INFO = reaplica_filtro_status - --- Na tela do menu de filtro, clicou no botão "Aplicar" para reaplicar o filtro 
2024-10-08 13:42:43,151 - INFO = coleta_planilha - --- Navegou até a celula A1, e foi para a linha logo a baixo.
2024-10-08 13:42:47,373 - INFO = marca_lancado - --- Abrindo planilha - MARCA_LANCADO, com parametro: chave_invalida
2024-10-08 13:42:53,176 - INFO = reaplica_filtro_status - --- Executando a função REAPLICA FILTRO STATUS
2024-10-08 13:42:58,296 - INFO = reaplica_filtro_status - --- Navegou até celula A1 e abriu o filtro do status 
2024-10-08 13:42:59,818 - INFO = reaplica_filtro_status - --- Na tela do menu de filtro, clicou no botão "Aplicar" para reaplicar o filtro 
2024-10-08 13:43:04,522 - INFO = marca_lancado - --------------------- Processou NFE, situação: chave_invalida ---------------------
2024-10-08 13:43:04,522 - INFO = coleta_planilha - --- Copiando novamente pois os dados são invalidos: ['113068', '', '', '1001-VILA PRUDENTE', '4171172837728', '#NOME?', 'chave_invalida']
2024-10-08 13:43:04,522 - INFO = coleta_planilha - --- Copiando dados e formatando na planilha de debug
2024-10-08 13:43:04,522 - INFO = reaplica_filtro_status - --- Executando a função REAPLICA FILTRO STATUS
