2024-10-01 13:47:41,677 - INFO = <module> - ------------------------ Iniciando um novo log ------------------------ 
2024-10-01 13:47:41,911 - INFO = programa_principal - 
2024-10-01 13:47:41,911 - INFO = programa_principal - ---------------------------------------------------------------------------------------------------
2024-10-01 13:47:41,911 - INFO = programa_principal - --- INICIANDO UM NOVO LANÇAMENTO DE NFE --- 
2024-10-01 13:47:41,911 - INFO = programa_principal - ---------------------------------------------------------------------------------------------------
2024-10-01 13:47:41,911 - INFO = abre_planilha_navegador - --- Executando a função ABRE PLANILHA NAVEGADOR
2024-10-01 13:47:42,021 - INFO = abre_planilha_navegador - --- Abrindo a planilha no EDGE.
2024-10-01 13:47:53,652 - INFO = abre_planilha_navegador - --- Planilha aberta e maximizada.
2024-10-01 13:47:53,652 - INFO = coleta_planilha - --- Iniciando a função: coleta planilha ---
2024-10-01 13:47:53,652 - INFO = coleta_planilha - --- Copiando dados e formatando na planilha de debug
2024-10-01 13:47:53,652 - INFO = reaplica_filtro_status - --- Executando a função REAPLICA FILTRO STATUS
2024-10-01 13:48:02,091 - INFO = coleta_planilha - --- Navegou até a celula A1, e foi para a linha logo a baixo.
2024-10-01 13:48:13,314 - INFO = marca_lancado - --- Abrindo planilha - MARCA_LANCADO, com parametro: RE_Invalido
2024-10-01 13:48:19,131 - INFO = reaplica_filtro_status - --- Executando a função REAPLICA FILTRO STATUS
2024-10-01 13:48:26,862 - INFO = marca_lancado - --------------------- Processou NFE, situação: RE_Invalido ---------------------
2024-10-01 13:48:26,862 - INFO = coleta_planilha - --- Copiando novamente pois os dados são invalidos: ['12081', '', '', '1036-PERUS', '35240962136189000100550010001929151181928047', 'pjWb6YwamWo', 'RE_Invalido']
2024-10-01 13:48:26,862 - INFO = coleta_planilha - --- Iniciando a função: coleta planilha ---
2024-10-01 13:48:26,862 - INFO = coleta_planilha - --- Copiando dados e formatando na planilha de debug
2024-10-01 13:48:26,862 - INFO = reaplica_filtro_status - --- Executando a função REAPLICA FILTRO STATUS
2024-10-01 13:48:35,216 - INFO = coleta_planilha - --- Navegou até a celula A1, e foi para a linha logo a baixo.
2024-10-01 13:48:46,436 - INFO = marca_lancado - --- Abrindo planilha - MARCA_LANCADO, com parametro: RE_Invalido
2024-10-01 13:48:52,256 - INFO = reaplica_filtro_status - --- Executando a função REAPLICA FILTRO STATUS
2024-10-01 13:49:00,022 - INFO = marca_lancado - --------------------- Processou NFE, situação: RE_Invalido ---------------------
2024-10-01 13:49:00,022 - INFO = coleta_planilha - --- Copiando novamente pois os dados são invalidos: ['12081', '', '', '1036-PERUS', '35240962136189000100550010001929151181928047', 'pjWb6YwamWo', 'RE_Invalido']
2024-10-01 13:49:00,022 - INFO = coleta_planilha - --- Iniciando a função: coleta planilha ---
2024-10-01 13:49:00,022 - INFO = coleta_planilha - --- Copiando dados e formatando na planilha de debug
2024-10-01 13:49:00,022 - INFO = reaplica_filtro_status - --- Executando a função REAPLICA FILTRO STATUS
2024-10-01 13:49:08,405 - INFO = coleta_planilha - --- Navegou até a celula A1, e foi para a linha logo a baixo.
2024-10-01 13:49:19,629 - INFO = marca_lancado - --- Abrindo planilha - MARCA_LANCADO, com parametro: RE_Invalido
2024-10-01 13:49:25,420 - INFO = reaplica_filtro_status - --- Executando a função REAPLICA FILTRO STATUS
2024-10-01 13:49:33,185 - INFO = marca_lancado - --------------------- Processou NFE, situação: RE_Invalido ---------------------
2024-10-01 13:49:33,185 - INFO = coleta_planilha - --- Copiando novamente pois os dados são invalidos: ['12081', '', '', '1036-PERUS', '35240962136189000100550010001929151181928047', 'pjWb6YwamWo', 'RE_Invalido']
2024-10-01 13:49:33,185 - INFO = coleta_planilha - --- Iniciando a função: coleta planilha ---
2024-10-01 13:49:33,185 - INFO = coleta_planilha - --- Copiando dados e formatando na planilha de debug
2024-10-01 13:49:33,185 - INFO = reaplica_filtro_status - --- Executando a função REAPLICA FILTRO STATUS
2024-10-01 13:49:41,560 - INFO = coleta_planilha - --- Navegou até a celula A1, e foi para a linha logo a baixo.
2024-10-01 13:49:52,781 - INFO = marca_lancado - --- Abrindo planilha - MARCA_LANCADO, com parametro: RE_Invalido
2024-10-01 13:49:58,600 - INFO = reaplica_filtro_status - --- Executando a função REAPLICA FILTRO STATUS
2024-10-01 13:50:06,340 - INFO = marca_lancado - --------------------- Processou NFE, situação: RE_Invalido ---------------------
2024-10-01 13:50:06,340 - INFO = coleta_planilha - --- Copiando novamente pois os dados são invalidos: ['12081', '', '', '1036-PERUS', '35240962136189000100550010001929151181928047', 'pjWb6YwamWo', 'RE_Invalido']
2024-10-01 13:50:06,340 - INFO = coleta_planilha - --- Iniciando a função: coleta planilha ---
2024-10-01 13:50:06,340 - INFO = coleta_planilha - --- Copiando dados e formatando na planilha de debug
2024-10-01 13:50:06,340 - INFO = reaplica_filtro_status - --- Executando a função REAPLICA FILTRO STATUS
2024-10-01 13:50:14,686 - INFO = coleta_planilha - --- Navegou até a celula A1, e foi para a linha logo a baixo.
2024-10-01 13:50:25,907 - INFO = marca_lancado - --- Abrindo planilha - MARCA_LANCADO, com parametro: RE_Invalido
2024-10-01 13:50:31,706 - INFO = reaplica_filtro_status - --- Executando a função REAPLICA FILTRO STATUS
2024-10-01 13:50:39,460 - INFO = marca_lancado - --------------------- Processou NFE, situação: RE_Invalido ---------------------
2024-10-01 13:50:39,460 - INFO = coleta_planilha - --- Copiando novamente pois os dados são invalidos: ['12081', '', '', '1036-PERUS', '35240962136189000100550010001929151181928047', 'pjWb6YwamWo', 'RE_Invalido']
2024-10-01 13:50:39,460 - INFO = coleta_planilha - --- Iniciando a função: coleta planilha ---
2024-10-01 13:50:39,460 - INFO = coleta_planilha - --- Copiando dados e formatando na planilha de debug
2024-10-01 13:50:39,460 - INFO = reaplica_filtro_status - --- Executando a função REAPLICA FILTRO STATUS
2024-10-01 13:50:47,810 - INFO = coleta_planilha - --- Navegou até a celula A1, e foi para a linha logo a baixo.
2024-10-01 13:50:48,812 - ERROR = copia_linha_atual - Copiou o texto "Recuperando Dados", tentando copiar novamente []
2024-10-01 13:50:49,814 - ERROR = copia_linha_atual - Copiou o texto "Recuperando Dados", tentando copiar novamente []
2024-10-01 13:50:50,816 - ERROR = copia_linha_atual - Copiou o texto "Recuperando Dados", tentando copiar novamente []
2024-10-01 13:50:51,818 - ERROR = copia_linha_atual - Copiou o texto "Recuperando Dados", tentando copiar novamente []
2024-10-01 13:50:52,820 - ERROR = copia_linha_atual - Copiou o texto "Recuperando Dados", tentando copiar novamente []
2024-10-01 13:50:53,821 - ERROR = copia_linha_atual - Copiou o texto "Recuperando Dados", tentando copiar novamente []
2024-10-01 13:50:54,823 - ERROR = copia_linha_atual - Copiou o texto "Recuperando Dados", tentando copiar novamente []
2024-10-01 13:50:55,826 - ERROR = copia_linha_atual - Copiou o texto "Recuperando Dados", tentando copiar novamente []
2024-10-01 13:51:07,048 - INFO = marca_lancado - --- Abrindo planilha - MARCA_LANCADO, com parametro: RE_Invalido
2024-10-01 13:51:12,852 - INFO = reaplica_filtro_status - --- Executando a função REAPLICA FILTRO STATUS
2024-10-01 13:51:20,613 - INFO = marca_lancado - --------------------- Processou NFE, situação: RE_Invalido ---------------------
2024-10-01 13:51:20,613 - INFO = coleta_planilha - --- Copiando novamente pois os dados são invalidos: ['12081', '', '', '1036-PERUS', '35240962136189000100550010001929151181928047', 'pjWb6YwamWo', 'RE_Invalido']
2024-10-01 13:51:20,613 - INFO = coleta_planilha - --- Iniciando a função: coleta planilha ---
2024-10-01 13:51:20,613 - INFO = coleta_planilha - --- Copiando dados e formatando na planilha de debug
2024-10-01 13:51:20,613 - INFO = reaplica_filtro_status - --- Executando a função REAPLICA FILTRO STATUS
2024-10-01 13:51:28,998 - INFO = coleta_planilha - --- Navegou até a celula A1, e foi para a linha logo a baixo.
2024-10-01 13:51:40,219 - INFO = marca_lancado - --- Abrindo planilha - MARCA_LANCADO, com parametro: RE_Invalido
2024-10-01 13:51:46,018 - INFO = reaplica_filtro_status - --- Executando a função REAPLICA FILTRO STATUS
2024-10-01 13:51:53,769 - INFO = marca_lancado - --------------------- Processou NFE, situação: RE_Invalido ---------------------
2024-10-01 13:51:53,769 - INFO = coleta_planilha - --- Copiando novamente pois os dados são invalidos: ['12081', '', '', '1036-PERUS', '35240962136189000100550010001929151181928047', 'pjWb6YwamWo', 'RE_Invalido']
2024-10-01 13:51:53,769 - INFO = coleta_planilha - --- Iniciando a função: coleta planilha ---
2024-10-01 13:51:53,769 - INFO = coleta_planilha - --- Copiando dados e formatando na planilha de debug
2024-10-01 13:51:53,769 - INFO = reaplica_filtro_status - --- Executando a função REAPLICA FILTRO STATUS
2024-10-01 13:52:02,155 - INFO = coleta_planilha - --- Navegou até a celula A1, e foi para a linha logo a baixo.
2024-10-01 13:52:13,376 - INFO = marca_lancado - --- Abrindo planilha - MARCA_LANCADO, com parametro: RE_Invalido
2024-10-01 13:52:19,194 - INFO = reaplica_filtro_status - --- Executando a função REAPLICA FILTRO STATUS
2024-10-01 13:52:26,931 - INFO = marca_lancado - --------------------- Processou NFE, situação: RE_Invalido ---------------------
2024-10-01 13:52:26,931 - INFO = coleta_planilha - --- Copiando novamente pois os dados são invalidos: ['12081', '', '', '1036-PERUS', '35240962136189000100550010001929151181928047', 'pjWb6YwamWo', 'RE_Invalido']
2024-10-01 13:52:26,931 - INFO = coleta_planilha - --- Iniciando a função: coleta planilha ---
2024-10-01 13:52:26,931 - INFO = coleta_planilha - --- Copiando dados e formatando na planilha de debug
2024-10-01 13:52:26,931 - INFO = reaplica_filtro_status - --- Executando a função REAPLICA FILTRO STATUS
2024-10-01 13:52:35,281 - INFO = coleta_planilha - --- Navegou até a celula A1, e foi para a linha logo a baixo.
2024-10-01 13:52:46,501 - INFO = marca_lancado - --- Abrindo planilha - MARCA_LANCADO, com parametro: RE_Invalido
2024-10-01 13:52:52,291 - INFO = reaplica_filtro_status - --- Executando a função REAPLICA FILTRO STATUS
2024-10-01 13:53:00,053 - INFO = marca_lancado - --------------------- Processou NFE, situação: RE_Invalido ---------------------
2024-10-01 13:53:00,053 - INFO = coleta_planilha - --- Copiando novamente pois os dados são invalidos: ['12081', '', '', '1036-PERUS', '35240962136189000100550010001929151181928047', 'pjWb6YwamWo', 'RE_Invalido']
2024-10-01 13:53:00,053 - INFO = coleta_planilha - --- Iniciando a função: coleta planilha ---
2024-10-01 13:53:00,053 - INFO = coleta_planilha - --- Copiando dados e formatando na planilha de debug
2024-10-01 13:53:00,053 - INFO = reaplica_filtro_status - --- Executando a função REAPLICA FILTRO STATUS
2024-10-01 13:53:08,403 - INFO = coleta_planilha - --- Navegou até a celula A1, e foi para a linha logo a baixo.
2024-10-01 13:53:19,625 - INFO = marca_lancado - --- Abrindo planilha - MARCA_LANCADO, com parametro: RE_Invalido
2024-10-01 13:53:25,431 - INFO = reaplica_filtro_status - --- Executando a função REAPLICA FILTRO STATUS
2024-10-01 13:53:33,183 - INFO = marca_lancado - --------------------- Processou NFE, situação: RE_Invalido ---------------------
2024-10-01 13:53:33,183 - INFO = coleta_planilha - --- Copiando novamente pois os dados são invalidos: ['12081', '', '', '1036-PERUS', '35240962136189000100550010001929151181928047', 'pjWb6YwamWo', 'RE_Invalido']
2024-10-01 13:53:33,183 - INFO = coleta_planilha - --- Iniciando a função: coleta planilha ---
2024-10-01 13:53:33,183 - INFO = coleta_planilha - --- Copiando dados e formatando na planilha de debug
2024-10-01 13:53:33,183 - INFO = reaplica_filtro_status - --- Executando a função REAPLICA FILTRO STATUS
2024-10-01 13:53:41,561 - INFO = coleta_planilha - --- Navegou até a celula A1, e foi para a linha logo a baixo.
2024-10-01 13:53:52,782 - INFO = marca_lancado - --- Abrindo planilha - MARCA_LANCADO, com parametro: RE_Invalido
2024-10-01 13:53:58,573 - INFO = reaplica_filtro_status - --- Executando a função REAPLICA FILTRO STATUS
2024-10-01 13:54:06,338 - INFO = marca_lancado - --------------------- Processou NFE, situação: RE_Invalido ---------------------
2024-10-01 13:54:06,338 - INFO = coleta_planilha - --- Copiando novamente pois os dados são invalidos: ['12081', '', '', '1036-PERUS', '35240962136189000100550010001929151181928047', 'pjWb6YwamWo', 'RE_Invalido']
2024-10-01 13:54:06,338 - INFO = coleta_planilha - --- Iniciando a função: coleta planilha ---
2024-10-01 13:54:06,338 - INFO = coleta_planilha - --- Copiando dados e formatando na planilha de debug
2024-10-01 13:54:06,338 - INFO = reaplica_filtro_status - --- Executando a função REAPLICA FILTRO STATUS
2024-10-01 13:54:14,688 - INFO = coleta_planilha - --- Navegou até a celula A1, e foi para a linha logo a baixo.
2024-10-01 13:54:25,911 - INFO = marca_lancado - --- Abrindo planilha - MARCA_LANCADO, com parametro: RE_Invalido
2024-10-01 13:54:31,701 - INFO = reaplica_filtro_status - --- Executando a função REAPLICA FILTRO STATUS
2024-10-01 13:54:39,461 - INFO = marca_lancado - --------------------- Processou NFE, situação: RE_Invalido ---------------------
2024-10-01 13:54:39,461 - INFO = coleta_planilha - --- Copiando novamente pois os dados são invalidos: ['12081', '', '', '1036-PERUS', '35240962136189000100550010001929151181928047', 'pjWb6YwamWo', 'RE_Invalido']
2024-10-01 13:54:39,461 - INFO = coleta_planilha - --- Iniciando a função: coleta planilha ---
2024-10-01 13:54:39,461 - INFO = coleta_planilha - --- Copiando dados e formatando na planilha de debug
2024-10-01 13:54:39,461 - INFO = reaplica_filtro_status - --- Executando a função REAPLICA FILTRO STATUS
2024-10-01 13:54:47,812 - INFO = coleta_planilha - --- Navegou até a celula A1, e foi para a linha logo a baixo.
2024-10-01 13:54:59,036 - INFO = marca_lancado - --- Abrindo planilha - MARCA_LANCADO, com parametro: RE_Invalido
2024-10-01 13:55:04,824 - INFO = reaplica_filtro_status - --- Executando a função REAPLICA FILTRO STATUS
2024-10-01 13:55:12,591 - INFO = marca_lancado - --------------------- Processou NFE, situação: RE_Invalido ---------------------
2024-10-01 13:55:12,591 - INFO = coleta_planilha - --- Copiando novamente pois os dados são invalidos: ['12081', '', '', '1036-PERUS', '35240962136189000100550010001929151181928047', 'pjWb6YwamWo', 'RE_Invalido']
2024-10-01 13:55:12,591 - INFO = coleta_planilha - --- Iniciando a função: coleta planilha ---
2024-10-01 13:55:12,591 - INFO = coleta_planilha - --- Copiando dados e formatando na planilha de debug
2024-10-01 13:55:12,591 - INFO = reaplica_filtro_status - --- Executando a função REAPLICA FILTRO STATUS
2024-10-01 13:55:20,971 - INFO = coleta_planilha - --- Navegou até a celula A1, e foi para a linha logo a baixo.
2024-10-01 13:55:32,192 - INFO = marca_lancado - --- Abrindo planilha - MARCA_LANCADO, com parametro: RE_Invalido
2024-10-01 13:55:37,979 - INFO = reaplica_filtro_status - --- Executando a função REAPLICA FILTRO STATUS
2024-10-01 13:55:45,737 - INFO = marca_lancado - --------------------- Processou NFE, situação: RE_Invalido ---------------------
2024-10-01 13:55:45,737 - INFO = coleta_planilha - --- Copiando novamente pois os dados são invalidos: ['12081', '', '', '1036-PERUS', '35240962136189000100550010001929151181928047', 'pjWb6YwamWo', 'RE_Invalido']
2024-10-01 13:55:45,737 - INFO = coleta_planilha - --- Iniciando a função: coleta planilha ---
2024-10-01 13:55:45,737 - INFO = coleta_planilha - --- Copiando dados e formatando na planilha de debug
2024-10-01 13:55:45,737 - INFO = reaplica_filtro_status - --- Executando a função REAPLICA FILTRO STATUS
2024-10-01 13:55:54,090 - INFO = coleta_planilha - --- Navegou até a celula A1, e foi para a linha logo a baixo.
2024-10-01 13:56:05,312 - INFO = marca_lancado - --- Abrindo planilha - MARCA_LANCADO, com parametro: RE_Invalido
2024-10-01 13:56:11,110 - INFO = reaplica_filtro_status - --- Executando a função REAPLICA FILTRO STATUS
2024-10-01 13:56:18,863 - INFO = marca_lancado - --------------------- Processou NFE, situação: RE_Invalido ---------------------
2024-10-01 13:56:18,863 - INFO = coleta_planilha - --- Copiando novamente pois os dados são invalidos: ['12081', '', '', '1036-PERUS', '35240962136189000100550010001929151181928047', 'pjWb6YwamWo', 'RE_Invalido']
2024-10-01 13:56:18,863 - INFO = coleta_planilha - --- Iniciando a função: coleta planilha ---
2024-10-01 13:56:18,863 - INFO = coleta_planilha - --- Copiando dados e formatando na planilha de debug
2024-10-01 13:56:18,863 - INFO = reaplica_filtro_status - --- Executando a função REAPLICA FILTRO STATUS
2024-10-01 13:56:27,219 - INFO = coleta_planilha - --- Navegou até a celula A1, e foi para a linha logo a baixo.
2024-10-01 13:56:38,461 - INFO = marca_lancado - --- Abrindo planilha - MARCA_LANCADO, com parametro: RE_Invalido
2024-10-01 13:56:44,247 - INFO = reaplica_filtro_status - --- Executando a função REAPLICA FILTRO STATUS
2024-10-01 13:56:52,024 - INFO = marca_lancado - --------------------- Processou NFE, situação: RE_Invalido ---------------------
2024-10-01 13:56:52,024 - INFO = coleta_planilha - --- Copiando novamente pois os dados são invalidos: ['12081', '', '', '1036-PERUS', '35240962136189000100550010001929151181928047', 'pjWb6YwamWo', 'RE_Invalido']
2024-10-01 13:56:52,024 - INFO = coleta_planilha - --- Iniciando a função: coleta planilha ---
2024-10-01 13:56:52,024 - INFO = coleta_planilha - --- Copiando dados e formatando na planilha de debug
2024-10-01 13:56:52,024 - INFO = reaplica_filtro_status - --- Executando a função REAPLICA FILTRO STATUS
2024-10-01 13:57:00,403 - INFO = coleta_planilha - --- Navegou até a celula A1, e foi para a linha logo a baixo.
2024-10-01 13:57:11,625 - INFO = marca_lancado - --- Abrindo planilha - MARCA_LANCADO, com parametro: RE_Invalido
2024-10-01 13:57:17,427 - INFO = reaplica_filtro_status - --- Executando a função REAPLICA FILTRO STATUS
2024-10-01 13:57:25,181 - INFO = marca_lancado - --------------------- Processou NFE, situação: RE_Invalido ---------------------
2024-10-01 13:57:25,181 - INFO = coleta_planilha - --- Copiando novamente pois os dados são invalidos: ['12081', '', '', '1036-PERUS', '35240962136189000100550010001929151181928047', 'pjWb6YwamWo', 'RE_Invalido']
2024-10-01 13:57:25,181 - INFO = coleta_planilha - --- Iniciando a função: coleta planilha ---
2024-10-01 13:57:25,181 - INFO = coleta_planilha - --- Copiando dados e formatando na planilha de debug
2024-10-01 13:57:25,181 - INFO = reaplica_filtro_status - --- Executando a função REAPLICA FILTRO STATUS
2024-10-01 13:57:33,528 - INFO = coleta_planilha - --- Navegou até a celula A1, e foi para a linha logo a baixo.
2024-10-01 13:57:44,747 - INFO = marca_lancado - --- Abrindo planilha - MARCA_LANCADO, com parametro: RE_Invalido
2024-10-01 13:57:50,549 - INFO = reaplica_filtro_status - --- Executando a função REAPLICA FILTRO STATUS
2024-10-01 13:57:58,306 - INFO = marca_lancado - --------------------- Processou NFE, situação: RE_Invalido ---------------------
2024-10-01 13:57:58,306 - INFO = coleta_planilha - --- Copiando novamente pois os dados são invalidos: ['12081', '', '', '1036-PERUS', '35240962136189000100550010001929151181928047', 'pjWb6YwamWo', 'RE_Invalido']
2024-10-01 13:57:58,306 - INFO = coleta_planilha - --- Iniciando a função: coleta planilha ---
2024-10-01 13:57:58,306 - INFO = coleta_planilha - --- Copiando dados e formatando na planilha de debug
2024-10-01 13:57:58,306 - INFO = reaplica_filtro_status - --- Executando a função REAPLICA FILTRO STATUS
2024-10-01 13:58:06,653 - INFO = coleta_planilha - --- Navegou até a celula A1, e foi para a linha logo a baixo.
2024-10-01 13:58:17,920 - INFO = marca_lancado - --- Abrindo planilha - MARCA_LANCADO, com parametro: RE_Invalido
2024-10-01 13:58:23,720 - INFO = reaplica_filtro_status - --- Executando a função REAPLICA FILTRO STATUS
2024-10-01 13:58:31,454 - INFO = marca_lancado - --------------------- Processou NFE, situação: RE_Invalido ---------------------
2024-10-01 13:58:31,454 - INFO = coleta_planilha - --- Copiando novamente pois os dados são invalidos: ['12081', '', '', '1036-PERUS', '35240962136189000100550010001929151181928047', 'pjWb6YwamWo', 'RE_Invalido']
2024-10-01 13:58:31,454 - INFO = coleta_planilha - --- Iniciando a função: coleta planilha ---
2024-10-01 13:58:31,454 - INFO = coleta_planilha - --- Copiando dados e formatando na planilha de debug
2024-10-01 13:58:31,454 - INFO = reaplica_filtro_status - --- Executando a função REAPLICA FILTRO STATUS
2024-10-01 13:58:39,813 - INFO = coleta_planilha - --- Navegou até a celula A1, e foi para a linha logo a baixo.
2024-10-01 13:58:51,034 - INFO = marca_lancado - --- Abrindo planilha - MARCA_LANCADO, com parametro: RE_Invalido
2024-10-01 13:58:56,831 - INFO = reaplica_filtro_status - --- Executando a função REAPLICA FILTRO STATUS
2024-10-01 13:59:04,585 - INFO = marca_lancado - --------------------- Processou NFE, situação: RE_Invalido ---------------------
2024-10-01 13:59:04,585 - INFO = coleta_planilha - --- Copiando novamente pois os dados são invalidos: ['12081', '', '', '1036-PERUS', '35240962136189000100550010001929151181928047', 'pjWb6YwamWo', 'RE_Invalido']
2024-10-01 13:59:04,585 - INFO = coleta_planilha - --- Iniciando a função: coleta planilha ---
2024-10-01 13:59:04,585 - INFO = coleta_planilha - --- Copiando dados e formatando na planilha de debug
2024-10-01 13:59:04,585 - INFO = reaplica_filtro_status - --- Executando a função REAPLICA FILTRO STATUS
2024-10-01 13:59:12,934 - INFO = coleta_planilha - --- Navegou até a celula A1, e foi para a linha logo a baixo.
2024-10-01 13:59:24,153 - INFO = marca_lancado - --- Abrindo planilha - MARCA_LANCADO, com parametro: RE_Invalido
2024-10-01 13:59:29,952 - INFO = reaplica_filtro_status - --- Executando a função REAPLICA FILTRO STATUS
2024-10-01 13:59:37,741 - INFO = marca_lancado - --------------------- Processou NFE, situação: RE_Invalido ---------------------
2024-10-01 13:59:37,741 - INFO = coleta_planilha - --- Copiando novamente pois os dados são invalidos: ['12081', '', '', '1036-PERUS', '35240962136189000100550010001929151181928047', 'pjWb6YwamWo', 'RE_Invalido']
2024-10-01 13:59:37,741 - INFO = coleta_planilha - --- Iniciando a função: coleta planilha ---
2024-10-01 13:59:37,741 - INFO = coleta_planilha - --- Copiando dados e formatando na planilha de debug
2024-10-01 13:59:37,741 - INFO = reaplica_filtro_status - --- Executando a função REAPLICA FILTRO STATUS
2024-10-01 13:59:46,088 - INFO = coleta_planilha - --- Navegou até a celula A1, e foi para a linha logo a baixo.
2024-10-01 13:59:57,308 - INFO = marca_lancado - --- Abrindo planilha - MARCA_LANCADO, com parametro: RE_Invalido
2024-10-01 14:00:03,110 - INFO = reaplica_filtro_status - --- Executando a função REAPLICA FILTRO STATUS
2024-10-01 14:00:10,868 - INFO = marca_lancado - --------------------- Processou NFE, situação: RE_Invalido ---------------------
2024-10-01 14:00:10,868 - INFO = coleta_planilha - --- Copiando novamente pois os dados são invalidos: ['12081', '', '', '1036-PERUS', '35240962136189000100550010001929151181928047', 'pjWb6YwamWo', 'RE_Invalido']
2024-10-01 14:00:10,868 - INFO = coleta_planilha - --- Iniciando a função: coleta planilha ---
2024-10-01 14:00:10,868 - INFO = coleta_planilha - --- Copiando dados e formatando na planilha de debug
2024-10-01 14:00:10,868 - INFO = reaplica_filtro_status - --- Executando a função REAPLICA FILTRO STATUS
2024-10-01 14:00:19,213 - INFO = coleta_planilha - --- Navegou até a celula A1, e foi para a linha logo a baixo.
2024-10-01 14:00:30,434 - INFO = marca_lancado - --- Abrindo planilha - MARCA_LANCADO, com parametro: RE_Invalido
2024-10-01 14:00:36,241 - INFO = reaplica_filtro_status - --- Executando a função REAPLICA FILTRO STATUS
2024-10-01 14:00:43,987 - INFO = marca_lancado - --------------------- Processou NFE, situação: RE_Invalido ---------------------
2024-10-01 14:00:43,987 - INFO = coleta_planilha - --- Copiando novamente pois os dados são invalidos: ['12081', '', '', '1036-PERUS', '35240962136189000100550010001929151181928047', 'pjWb6YwamWo', 'RE_Invalido']
2024-10-01 14:00:43,987 - INFO = coleta_planilha - --- Iniciando a função: coleta planilha ---
2024-10-01 14:00:43,987 - INFO = coleta_planilha - --- Copiando dados e formatando na planilha de debug
2024-10-01 14:00:43,987 - INFO = reaplica_filtro_status - --- Executando a função REAPLICA FILTRO STATUS
2024-10-01 14:00:52,339 - INFO = coleta_planilha - --- Navegou até a celula A1, e foi para a linha logo a baixo.
2024-10-01 14:01:03,561 - INFO = marca_lancado - --- Abrindo planilha - MARCA_LANCADO, com parametro: RE_Invalido
2024-10-01 14:01:09,363 - INFO = reaplica_filtro_status - --- Executando a função REAPLICA FILTRO STATUS
2024-10-01 14:01:17,116 - INFO = marca_lancado - --------------------- Processou NFE, situação: RE_Invalido ---------------------
2024-10-01 14:01:17,116 - INFO = coleta_planilha - --- Copiando novamente pois os dados são invalidos: ['12081', '', '', '1036-PERUS', '35240962136189000100550010001929151181928047', 'pjWb6YwamWo', 'RE_Invalido']
2024-10-01 14:01:17,116 - INFO = coleta_planilha - --- Iniciando a função: coleta planilha ---
2024-10-01 14:01:17,116 - INFO = coleta_planilha - --- Copiando dados e formatando na planilha de debug
2024-10-01 14:01:17,116 - INFO = reaplica_filtro_status - --- Executando a função REAPLICA FILTRO STATUS
2024-10-01 14:01:25,469 - INFO = coleta_planilha - --- Navegou até a celula A1, e foi para a linha logo a baixo.
2024-10-01 14:01:36,691 - INFO = marca_lancado - --- Abrindo planilha - MARCA_LANCADO, com parametro: RE_Invalido
2024-10-01 14:01:42,482 - INFO = reaplica_filtro_status - --- Executando a função REAPLICA FILTRO STATUS
2024-10-01 14:01:50,240 - INFO = marca_lancado - --------------------- Processou NFE, situação: RE_Invalido ---------------------
2024-10-01 14:01:50,240 - INFO = coleta_planilha - --- Copiando novamente pois os dados são invalidos: ['12081', '', '', '1036-PERUS', '35240962136189000100550010001929151181928047', 'pjWb6YwamWo', 'RE_Invalido']
2024-10-01 14:01:50,240 - INFO = coleta_planilha - --- Iniciando a função: coleta planilha ---
2024-10-01 14:01:50,240 - INFO = coleta_planilha - --- Copiando dados e formatando na planilha de debug
2024-10-01 14:01:50,240 - INFO = reaplica_filtro_status - --- Executando a função REAPLICA FILTRO STATUS
2024-10-01 14:01:58,621 - INFO = coleta_planilha - --- Navegou até a celula A1, e foi para a linha logo a baixo.
2024-10-01 14:02:09,844 - INFO = marca_lancado - --- Abrindo planilha - MARCA_LANCADO, com parametro: RE_Invalido
2024-10-01 14:02:15,642 - INFO = reaplica_filtro_status - --- Executando a função REAPLICA FILTRO STATUS
2024-10-01 14:02:23,400 - INFO = marca_lancado - --------------------- Processou NFE, situação: RE_Invalido ---------------------
2024-10-01 14:02:23,400 - INFO = coleta_planilha - --- Copiando novamente pois os dados são invalidos: ['12081', '', '', '1036-PERUS', '35240962136189000100550010001929151181928047', 'pjWb6YwamWo', 'RE_Invalido']
2024-10-01 14:02:23,400 - INFO = coleta_planilha - --- Iniciando a função: coleta planilha ---
2024-10-01 14:02:23,400 - INFO = coleta_planilha - --- Copiando dados e formatando na planilha de debug
2024-10-01 14:02:23,400 - INFO = reaplica_filtro_status - --- Executando a função REAPLICA FILTRO STATUS
2024-10-01 14:02:31,747 - INFO = coleta_planilha - --- Navegou até a celula A1, e foi para a linha logo a baixo.
2024-10-01 14:02:42,969 - INFO = marca_lancado - --- Abrindo planilha - MARCA_LANCADO, com parametro: RE_Invalido
2024-10-01 14:02:48,771 - INFO = reaplica_filtro_status - --- Executando a função REAPLICA FILTRO STATUS
2024-10-01 14:02:56,529 - INFO = marca_lancado - --------------------- Processou NFE, situação: RE_Invalido ---------------------
2024-10-01 14:02:56,529 - INFO = coleta_planilha - --- Copiando novamente pois os dados são invalidos: ['12081', '', '', '1036-PERUS', '35240962136189000100550010001929151181928047', 'pjWb6YwamWo', 'RE_Invalido']
2024-10-01 14:02:56,529 - INFO = coleta_planilha - --- Iniciando a função: coleta planilha ---
2024-10-01 14:02:56,529 - INFO = coleta_planilha - --- Copiando dados e formatando na planilha de debug
2024-10-01 14:02:56,529 - INFO = reaplica_filtro_status - --- Executando a função REAPLICA FILTRO STATUS
2024-10-01 14:03:04,902 - INFO = coleta_planilha - --- Navegou até a celula A1, e foi para a linha logo a baixo.
2024-10-01 14:03:16,123 - INFO = marca_lancado - --- Abrindo planilha - MARCA_LANCADO, com parametro: RE_Invalido
