2024-10-08 13:45:05,738 - INFO = <module> - ------------------------ Iniciando um novo log ------------------------ 
2024-10-08 13:45:05,908 - INFO = programa_principal - 
2024-10-08 13:45:05,908 - INFO = programa_principal - ---------------------------------------------------------------------------------------------------
2024-10-08 13:45:05,908 - INFO = programa_principal - --- INICIANDO UM NOVO LANÇAMENTO DE NFE --- 
2024-10-08 13:45:05,908 - INFO = programa_principal - ---------------------------------------------------------------------------------------------------
2024-10-08 13:45:05,909 - INFO = abre_planilha_navegador - --- Tentando abrir a planilha: debug_db_alltrips.xlsx
2024-10-08 13:45:06,025 - INFO = abre_planilha_navegador - --- Planilha já estava aberta, executou apenas um recarregamento
2024-10-08 13:45:14,757 - INFO = abre_planilha_navegador - --- Recarregou a planilha com sucesso.
2024-10-08 13:45:14,757 - INFO = coleta_planilha - --- Copiando dados e formatando na planilha de debug
2024-10-08 13:45:14,757 - INFO = reaplica_filtro_status - --- Executando a função REAPLICA FILTRO STATUS
2024-10-08 13:45:19,887 - INFO = reaplica_filtro_status - --- Navegou até celula A1 e abriu o filtro do status 
2024-10-08 13:45:21,412 - INFO = reaplica_filtro_status - --- Na tela do menu de filtro, clicou no botão "Aplicar" para reaplicar o filtro 
2024-10-08 13:45:27,116 - INFO = coleta_planilha - --- Navegou até a celula A1, e foi para a linha logo a baixo.
2024-10-08 13:45:31,343 - INFO = marca_lancado - --- Abrindo planilha - MARCA_LANCADO, com parametro: chave_invalida
2024-10-08 13:45:37,146 - INFO = reaplica_filtro_status - --- Executando a função REAPLICA FILTRO STATUS
2024-10-08 13:45:42,294 - INFO = reaplica_filtro_status - --- Navegou até celula A1 e abriu o filtro do status 
2024-10-08 13:45:43,816 - INFO = reaplica_filtro_status - --- Na tela do menu de filtro, clicou no botão "Aplicar" para reaplicar o filtro 
2024-10-08 13:45:48,529 - INFO = marca_lancado - --------------------- Processou NFE, situação: chave_invalida ---------------------
2024-10-08 13:45:48,529 - INFO = coleta_planilha - --- Dados copiados: ['113068', '', '', '1001-VILA PRUDENTE', '4171172837728', '#NOME?', 'chave_invalida']
2024-10-08 13:45:48,529 - INFO = coleta_planilha - --- Chegou na ultima NFE 4171172837728
2024-10-08 13:45:48,529 - INFO = abre_planilha_navegador - --- Tentando abrir a planilha: db_alltrips.xlsx
2024-10-08 13:45:49,152 - INFO = abre_planilha_navegador - --- Abrindo a planilha no EDGE.
2024-10-08 13:46:00,673 - INFO = abre_planilha_navegador - --- Planilha aberta e maximizada.
2024-10-08 13:46:00,673 - INFO = encontra_ultimo_xml - --- Iniciando a navegação até a ultima chave XML: 4171172837728
2024-10-08 13:46:04,102 - INFO = encontra_ultimo_xml - --- Navegou até a coluna/celula A1
2024-10-08 13:46:06,010 - INFO = encontra_ultimo_xml - --- Navegou até a D. Inserção
2024-10-08 13:46:14,193 - WARNING = procura_imagem - --- Não encontrou a imagem: imagens/img_planilha/icone_organiza_A_Z.png
2024-10-08 13:46:14,402 - ERROR = main - Os processos de coleta na PLANILHA deram erro, fechando planilha e executando novamente.
Traceback (most recent call last):
  File "c:\Users\bruno.santos\Documents\GitHub\AutomacaoRPA_Cortesia\coleta_planilha.py", line 26, in main
    dados_copiados = coleta_planilha()
                     ^^^^^^^^^^^^^^^^^
  File "c:\Users\bruno.santos\Documents\GitHub\AutomacaoRPA_Cortesia\coleta_planilha.py", line 58, in coleta_planilha
    copia_banco(chave_xml)
  File "c:\Users\bruno.santos\Documents\GitHub\AutomacaoRPA_Cortesia\copia_alltrips.py", line 200, in main
    encontra_ultimo_xml(ultimo_xml = ultimo_xml)
  File "c:\Users\bruno.santos\Documents\GitHub\AutomacaoRPA_Cortesia\copia_alltrips.py", line 55, in encontra_ultimo_xml
    bot.click(procura_imagem(imagem='imagens/img_planilha/icone_organiza_A_Z.png')) # Clica no botão "organizar do mais antigo ao mais novo"
              ^^^^^^^^^^^^^^^^^^^^^^^^^^^^^^^^^^^^^^^^^^^^^^^^^^^^^^^^^^^^^^^^^^^^
  File "c:\Users\bruno.santos\Documents\GitHub\AutomacaoRPA_Cortesia\utils\funcoes.py", line 106, in procura_imagem
    raise TimeoutError
TimeoutError
2024-10-08 13:46:14,697 - WARNING = main - Fechando o EDGE
2024-10-08 13:46:19,698 - INFO = abre_planilha_navegador - --- Tentando abrir a planilha: debug_db_alltrips.xlsx
2024-10-08 13:46:19,698 - INFO = abre_planilha_navegador - --- Abrindo a planilha no EDGE.
2024-10-08 13:46:31,184 - INFO = abre_planilha_navegador - --- Planilha aberta e maximizada.
2024-10-08 13:46:31,184 - INFO = coleta_planilha - --- Copiando dados e formatando na planilha de debug
2024-10-08 13:46:31,184 - INFO = reaplica_filtro_status - --- Executando a função REAPLICA FILTRO STATUS
2024-10-08 13:46:36,324 - INFO = reaplica_filtro_status - --- Navegou até celula A1 e abriu o filtro do status 
2024-10-08 13:46:37,849 - INFO = reaplica_filtro_status - --- Na tela do menu de filtro, clicou no botão "Aplicar" para reaplicar o filtro 
2024-10-08 13:46:43,555 - INFO = coleta_planilha - --- Navegou até a celula A1, e foi para a linha logo a baixo.
2024-10-08 13:46:47,778 - INFO = marca_lancado - --- Abrindo planilha - MARCA_LANCADO, com parametro: chave_invalida
2024-10-08 13:46:53,612 - INFO = reaplica_filtro_status - --- Executando a função REAPLICA FILTRO STATUS
2024-10-08 13:46:58,730 - INFO = reaplica_filtro_status - --- Navegou até celula A1 e abriu o filtro do status 
2024-10-08 13:47:00,256 - INFO = reaplica_filtro_status - --- Na tela do menu de filtro, clicou no botão "Aplicar" para reaplicar o filtro 
2024-10-08 13:47:04,966 - INFO = marca_lancado - --------------------- Processou NFE, situação: chave_invalida ---------------------
2024-10-08 13:47:04,966 - INFO = coleta_planilha - --- Dados copiados: ['113068', '', '', '1001-VILA PRUDENTE', '4171172837728', '#NOME?', 'chave_invalida']
2024-10-08 13:47:04,966 - INFO = coleta_planilha - --- Chegou na ultima NFE 4171172837728
2024-10-08 13:47:04,966 - INFO = abre_planilha_navegador - --- Tentando abrir a planilha: db_alltrips.xlsx
2024-10-08 13:47:05,589 - INFO = abre_planilha_navegador - --- Abrindo a planilha no EDGE.
2024-10-08 13:47:17,043 - INFO = abre_planilha_navegador - --- Planilha aberta e maximizada.
2024-10-08 13:47:17,043 - INFO = encontra_ultimo_xml - --- Iniciando a navegação até a ultima chave XML: 4171172837728
2024-10-08 13:47:20,382 - INFO = encontra_ultimo_xml - --- Navegou até a coluna/celula A1
2024-10-08 13:47:22,290 - INFO = encontra_ultimo_xml - --- Navegou até a D. Inserção
2024-10-08 13:47:30,471 - WARNING = procura_imagem - --- Não encontrou a imagem: imagens/img_planilha/icone_organiza_A_Z.png
2024-10-08 13:47:30,653 - ERROR = main - Os processos de coleta na PLANILHA deram erro, fechando planilha e executando novamente.
Traceback (most recent call last):
  File "c:\Users\bruno.santos\Documents\GitHub\AutomacaoRPA_Cortesia\coleta_planilha.py", line 26, in main
    dados_copiados = coleta_planilha()
                     ^^^^^^^^^^^^^^^^^
  File "c:\Users\bruno.santos\Documents\GitHub\AutomacaoRPA_Cortesia\coleta_planilha.py", line 58, in coleta_planilha
    copia_banco(chave_xml)
  File "c:\Users\bruno.santos\Documents\GitHub\AutomacaoRPA_Cortesia\copia_alltrips.py", line 200, in main
    encontra_ultimo_xml(ultimo_xml = ultimo_xml)
  File "c:\Users\bruno.santos\Documents\GitHub\AutomacaoRPA_Cortesia\copia_alltrips.py", line 55, in encontra_ultimo_xml
    bot.click(procura_imagem(imagem='imagens/img_planilha/icone_organiza_A_Z.png')) # Clica no botão "organizar do mais antigo ao mais novo"
              ^^^^^^^^^^^^^^^^^^^^^^^^^^^^^^^^^^^^^^^^^^^^^^^^^^^^^^^^^^^^^^^^^^^^
  File "c:\Users\bruno.santos\Documents\GitHub\AutomacaoRPA_Cortesia\utils\funcoes.py", line 106, in procura_imagem
    raise TimeoutError
TimeoutError
2024-10-08 13:47:30,841 - WARNING = main - Fechando o EDGE
2024-10-08 13:47:35,842 - INFO = abre_planilha_navegador - --- Tentando abrir a planilha: debug_db_alltrips.xlsx
2024-10-08 13:47:35,842 - INFO = abre_planilha_navegador - --- Abrindo a planilha no EDGE.
2024-10-08 13:47:47,297 - INFO = abre_planilha_navegador - --- Planilha aberta e maximizada.
2024-10-08 13:47:47,297 - INFO = coleta_planilha - --- Copiando dados e formatando na planilha de debug
2024-10-08 13:47:47,297 - INFO = reaplica_filtro_status - --- Executando a função REAPLICA FILTRO STATUS
2024-10-08 13:47:52,449 - INFO = reaplica_filtro_status - --- Navegou até celula A1 e abriu o filtro do status 
2024-10-08 13:47:53,974 - INFO = reaplica_filtro_status - --- Na tela do menu de filtro, clicou no botão "Aplicar" para reaplicar o filtro 
2024-10-08 13:47:59,682 - INFO = coleta_planilha - --- Navegou até a celula A1, e foi para a linha logo a baixo.
2024-10-08 13:48:03,904 - INFO = marca_lancado - --- Abrindo planilha - MARCA_LANCADO, com parametro: chave_invalida
2024-10-08 13:48:09,707 - INFO = reaplica_filtro_status - --- Executando a função REAPLICA FILTRO STATUS
2024-10-08 13:48:14,824 - INFO = reaplica_filtro_status - --- Navegou até celula A1 e abriu o filtro do status 
2024-10-08 13:48:16,348 - INFO = reaplica_filtro_status - --- Na tela do menu de filtro, clicou no botão "Aplicar" para reaplicar o filtro 
2024-10-08 13:48:21,054 - INFO = marca_lancado - --------------------- Processou NFE, situação: chave_invalida ---------------------
2024-10-08 13:48:21,054 - INFO = coleta_planilha - --- Dados copiados: ['113068', '', '', '1001-VILA PRUDENTE', '4171172837728', '#NOME?', 'chave_invalida']
2024-10-08 13:48:21,054 - INFO = coleta_planilha - --- Chegou na ultima NFE 4171172837728
2024-10-08 13:48:21,054 - INFO = abre_planilha_navegador - --- Tentando abrir a planilha: db_alltrips.xlsx
2024-10-08 13:48:21,670 - INFO = abre_planilha_navegador - --- Abrindo a planilha no EDGE.
2024-10-08 13:48:33,126 - INFO = abre_planilha_navegador - --- Planilha aberta e maximizada.
2024-10-08 13:48:33,126 - INFO = encontra_ultimo_xml - --- Iniciando a navegação até a ultima chave XML: 4171172837728
2024-10-08 13:48:36,476 - INFO = encontra_ultimo_xml - --- Navegou até a coluna/celula A1
2024-10-08 13:48:38,386 - INFO = encontra_ultimo_xml - --- Navegou até a D. Inserção
2024-10-08 13:48:46,560 - WARNING = procura_imagem - --- Não encontrou a imagem: imagens/img_planilha/icone_organiza_A_Z.png
2024-10-08 13:48:46,746 - ERROR = main - Os processos de coleta na PLANILHA deram erro, fechando planilha e executando novamente.
Traceback (most recent call last):
  File "c:\Users\bruno.santos\Documents\GitHub\AutomacaoRPA_Cortesia\coleta_planilha.py", line 26, in main
    dados_copiados = coleta_planilha()
                     ^^^^^^^^^^^^^^^^^
  File "c:\Users\bruno.santos\Documents\GitHub\AutomacaoRPA_Cortesia\coleta_planilha.py", line 58, in coleta_planilha
    copia_banco(chave_xml)
  File "c:\Users\bruno.santos\Documents\GitHub\AutomacaoRPA_Cortesia\copia_alltrips.py", line 200, in main
    encontra_ultimo_xml(ultimo_xml = ultimo_xml)
  File "c:\Users\bruno.santos\Documents\GitHub\AutomacaoRPA_Cortesia\copia_alltrips.py", line 55, in encontra_ultimo_xml
    bot.click(procura_imagem(imagem='imagens/img_planilha/icone_organiza_A_Z.png')) # Clica no botão "organizar do mais antigo ao mais novo"
              ^^^^^^^^^^^^^^^^^^^^^^^^^^^^^^^^^^^^^^^^^^^^^^^^^^^^^^^^^^^^^^^^^^^^
  File "c:\Users\bruno.santos\Documents\GitHub\AutomacaoRPA_Cortesia\utils\funcoes.py", line 106, in procura_imagem
    raise TimeoutError
TimeoutError
2024-10-08 13:48:46,961 - WARNING = main - Fechando o EDGE
2024-10-08 13:48:51,962 - INFO = abre_planilha_navegador - --- Tentando abrir a planilha: debug_db_alltrips.xlsx
2024-10-08 13:48:51,962 - INFO = abre_planilha_navegador - --- Abrindo a planilha no EDGE.
2024-10-08 13:49:03,509 - INFO = abre_planilha_navegador - --- Planilha aberta e maximizada.
2024-10-08 13:49:03,509 - INFO = coleta_planilha - --- Copiando dados e formatando na planilha de debug
2024-10-08 13:49:03,509 - INFO = reaplica_filtro_status - --- Executando a função REAPLICA FILTRO STATUS
2024-10-08 13:49:08,636 - INFO = reaplica_filtro_status - --- Navegou até celula A1 e abriu o filtro do status 
2024-10-08 13:49:10,438 - WARNING = procura_imagem - --- Não encontrou a imagem: imagens/img_planilha/bt_aplicar.png
2024-10-08 13:49:10,596 - ERROR = main - Os processos de coleta na PLANILHA deram erro, fechando planilha e executando novamente.
Traceback (most recent call last):
  File "c:\Users\bruno.santos\Documents\GitHub\AutomacaoRPA_Cortesia\coleta_planilha.py", line 26, in main
    dados_copiados = coleta_planilha()
                     ^^^^^^^^^^^^^^^^^
  File "c:\Users\bruno.santos\Documents\GitHub\AutomacaoRPA_Cortesia\coleta_planilha.py", line 43, in coleta_planilha
    reaplica_filtro_status()
  File "c:\Users\bruno.santos\Documents\GitHub\AutomacaoRPA_Cortesia\utils\funcoes.py", line 170, in reaplica_filtro_status
    bot.click(procura_imagem(imagem='imagens/img_planilha/bt_aplicar.png'))
              ^^^^^^^^^^^^^^^^^^^^^^^^^^^^^^^^^^^^^^^^^^^^^^^^^^^^^^^^^^^^
  File "c:\Users\bruno.santos\Documents\GitHub\AutomacaoRPA_Cortesia\utils\funcoes.py", line 106, in procura_imagem
    raise TimeoutError
TimeoutError
2024-10-08 13:49:10,790 - WARNING = main - Fechando o EDGE
2024-10-08 13:49:15,791 - INFO = abre_planilha_navegador - --- Tentando abrir a planilha: debug_db_alltrips.xlsx
2024-10-08 13:49:15,791 - INFO = abre_planilha_navegador - --- Abrindo a planilha no EDGE.
2024-10-08 13:49:27,312 - INFO = abre_planilha_navegador - --- Planilha aberta e maximizada.
2024-10-08 13:49:27,312 - INFO = coleta_planilha - --- Copiando dados e formatando na planilha de debug
2024-10-08 13:49:27,312 - INFO = reaplica_filtro_status - --- Executando a função REAPLICA FILTRO STATUS
2024-10-08 13:49:32,449 - INFO = reaplica_filtro_status - --- Navegou até celula A1 e abriu o filtro do status 
2024-10-08 13:49:34,257 - WARNING = procura_imagem - --- Não encontrou a imagem: imagens/img_planilha/bt_aplicar.png
2024-10-08 13:49:34,451 - ERROR = main - Os processos de coleta na PLANILHA deram erro, fechando planilha e executando novamente.
Traceback (most recent call last):
  File "c:\Users\bruno.santos\Documents\GitHub\AutomacaoRPA_Cortesia\coleta_planilha.py", line 26, in main
    dados_copiados = coleta_planilha()
                     ^^^^^^^^^^^^^^^^^
  File "c:\Users\bruno.santos\Documents\GitHub\AutomacaoRPA_Cortesia\coleta_planilha.py", line 43, in coleta_planilha
    reaplica_filtro_status()
  File "c:\Users\bruno.santos\Documents\GitHub\AutomacaoRPA_Cortesia\utils\funcoes.py", line 170, in reaplica_filtro_status
    bot.click(procura_imagem(imagem='imagens/img_planilha/bt_aplicar.png'))
              ^^^^^^^^^^^^^^^^^^^^^^^^^^^^^^^^^^^^^^^^^^^^^^^^^^^^^^^^^^^^
  File "c:\Users\bruno.santos\Documents\GitHub\AutomacaoRPA_Cortesia\utils\funcoes.py", line 106, in procura_imagem
    raise TimeoutError
TimeoutError
2024-10-08 13:49:34,642 - WARNING = main - Fechando o EDGE
2024-10-08 13:49:39,643 - INFO = abre_planilha_navegador - --- Tentando abrir a planilha: debug_db_alltrips.xlsx
2024-10-08 13:49:39,644 - INFO = abre_planilha_navegador - --- Abrindo a planilha no EDGE.
2024-10-08 13:49:51,259 - INFO = abre_planilha_navegador - --- Planilha aberta e maximizada.
2024-10-08 13:49:51,259 - INFO = coleta_planilha - --- Copiando dados e formatando na planilha de debug
2024-10-08 13:49:51,259 - INFO = reaplica_filtro_status - --- Executando a função REAPLICA FILTRO STATUS
2024-10-08 13:49:56,417 - INFO = reaplica_filtro_status - --- Navegou até celula A1 e abriu o filtro do status 
2024-10-08 13:49:57,943 - INFO = reaplica_filtro_status - --- Na tela do menu de filtro, clicou no botão "Aplicar" para reaplicar o filtro 
2024-10-08 13:50:03,648 - INFO = coleta_planilha - --- Navegou até a celula A1, e foi para a linha logo a baixo.
2024-10-08 13:50:07,870 - INFO = marca_lancado - --- Abrindo planilha - MARCA_LANCADO, com parametro: chave_invalida
2024-10-08 13:50:13,677 - INFO = reaplica_filtro_status - --- Executando a função REAPLICA FILTRO STATUS
2024-10-08 13:50:18,793 - INFO = reaplica_filtro_status - --- Navegou até celula A1 e abriu o filtro do status 
2024-10-08 13:50:20,318 - INFO = reaplica_filtro_status - --- Na tela do menu de filtro, clicou no botão "Aplicar" para reaplicar o filtro 
2024-10-08 13:50:25,014 - INFO = marca_lancado - --------------------- Processou NFE, situação: chave_invalida ---------------------
2024-10-08 13:50:25,014 - INFO = coleta_planilha - --- Dados copiados: ['113068', '', '', '1001-VILA PRUDENTE', '4171172837728', '#NOME?', 'chave_invalida']
2024-10-08 13:50:25,014 - INFO = coleta_planilha - --- Chegou na ultima NFE 4171172837728
2024-10-08 13:50:25,014 - INFO = abre_planilha_navegador - --- Tentando abrir a planilha: db_alltrips.xlsx
2024-10-08 13:50:25,637 - INFO = abre_planilha_navegador - --- Abrindo a planilha no EDGE.
2024-10-08 13:50:37,134 - INFO = abre_planilha_navegador - --- Planilha aberta e maximizada.
2024-10-08 13:50:37,134 - INFO = encontra_ultimo_xml - --- Iniciando a navegação até a ultima chave XML: 4171172837728
2024-10-08 13:50:40,507 - INFO = encontra_ultimo_xml - --- Navegou até a coluna/celula A1
2024-10-08 13:50:42,417 - INFO = encontra_ultimo_xml - --- Navegou até a D. Inserção
2024-10-08 13:50:50,818 - INFO = encontra_ultimo_xml - --- Organizou a planilha da forma "da menor para a maior" 
2024-10-08 13:50:52,943 - INFO = encontra_ultimo_xml - --- Abrindo o menu de pesquisa na planilha
2024-10-08 13:51:00,461 - INFO = encontra_ultimo_xml - --- Digitando a ultima chave XML: 4171172837728
2024-10-08 13:51:06,470 - INFO = encontra_ultimo_xml - --- Fechou o menu de pesquisa
2024-10-08 13:51:07,972 - INFO = encontra_ultimo_xml - --- Concluido a navegação até a ultima chave XML: 4171172837728
2024-10-08 13:51:07,972 - INFO = copia_dados - --- Iniciando o processo de cópia.
2024-10-08 13:51:10,078 - INFO = copia_dados - --- Dado copiado com sucesso, realizando avaliação.
2024-10-08 13:51:10,078 - INFO = copia_dados - --- Uma nova chave foi inserida: 35241060869336000621550000002517461196921376
2024-10-08 13:51:10,078 - INFO = copia_dados - --- Iniciando o processo de seleção dos dados
2024-10-08 13:51:16,087 - INFO = copia_dados - --- Pressionou SHIFT e CONTROL, indo até a ultima coluna preenchida
2024-10-08 13:51:45,120 - INFO = copia_dados - --- Novos dados copiados com sucesso da planilha db_alltrips
2024-10-08 13:51:45,121 - INFO = main - Não encontrou: 5/ nos dados copiados, os dados são novos!
