2024-11-30 21:11:51,943 - INFO - 80 = programa_principal - 



2024-11-30 21:11:51,943 - INFO - 81 = programa_principal - ---------------------------------------------------------------------------------------------------
2024-11-30 21:11:51,943 - INFO - 82 = programa_principal - --- INICIANDO UM NOVO LANÇAMENTO DE NFE --- 
2024-11-30 21:11:51,943 - INFO - 83 = programa_principal - ---------------------------------------------------------------------------------------------------
2024-11-30 21:12:00,905 - INFO - 261 = abre_planilha_navegador - --- Planilha já estava aberta, executou apenas um recarregamento
2024-11-30 21:12:00,907 - INFO - 33 = coleta_planilha - --- Copiando dados e formatando na planilha de debug
2024-11-30 21:12:08,037 - INFO - 158 = reaplica_filtro_status - --- Navegou até celula A1 e abriu o filtro do status 
2024-11-30 21:12:10,193 - INFO - 161 = reaplica_filtro_status - --- Na tela do menu de filtro, clicou no botão "Aplicar" para reaplicar o filtro 
2024-11-30 21:12:12,557 - INFO - 165 = reaplica_filtro_status - --- Clicou para visualizar o filtro de todos.
2024-11-30 21:12:16,060 - INFO - 169 = reaplica_filtro_status - --- Filtro reaplicado com sucesso
2024-11-30 21:12:23,348 - INFO - 56 = processa_dados - --- Dados copiados com sucesso: 35241133039223000979550010003824101719144915
2024-11-30 21:12:23,348 - SUCCESS - 15 = success - --- Processo de coleta da planilha foi executado corretamente.
2024-11-30 21:12:23,348 - INFO - 33 = valida_lancamento - --- Abrindo TopCompras para iniciar o lançamento, dados copiados: ['111685', 'SILO 2', '', '1036-PERUS', '35241133039223000979550010003824101719144915', 'bK7lUnk8K5Y', '']
2024-11-30 21:12:23,348 - SUCCESS - 15 = success - --- TopCompras e Topcon estão abertos, processo pode iniciar
2024-11-30 21:12:23,348 - INFO - 45 = valida_lancamento - --- Alterando o TopCompras para o modo incluir
2024-11-30 21:12:23,583 - INFO - 50 = valida_lancamento - --- Verificando se está no modo Localizar.
2024-11-30 21:12:25,301 - INFO - 54 = valida_lancamento - --- Não está no modo Localizar, enviando comando F2 para tentar entrar no modo, tentativa: 0
2024-11-30 21:12:25,904 - INFO - 59 = valida_lancamento - --- Entrou no modo localizar, mudando para o modo incluir, tentativa: 0
2024-11-30 21:12:26,209 - INFO - 50 = valida_lancamento - --- Verificando se está no modo Localizar.
2024-11-30 21:12:28,204 - INFO - 81 = valida_lancamento - --- Entrou no modo incluir, continuando inserção da NFE
2024-11-30 21:12:30,978 - INFO - 16 = conferencia_xml - --- Iniciando a função: CONFERENCIA XML ---
2024-11-30 21:12:38,202 - INFO - 31 = conferencia_xml - --- XML Validado, indo para validação do pedido
2024-11-30 21:12:38,899 - SUCCESS - 15 = success - --- Validou o XML! Prosseguindo para a seleção do pedido: True
2024-11-30 21:12:38,899 - INFO - 51 = valida_pedido - --- Executando função: valida pedido
2024-11-30 21:12:42,103 - INFO - 76 = valida_pedido - --- O item: CP II-E-40 é igual ao item extraido: CIMENTO PORTLAND CP II-E-40RS |, procurando a imagem: PED_CPIIE40.png
2024-11-30 21:12:42,620 - INFO - 134 = valida_pedido - --- Tentativa: 0, achou o CIMENTO PORTLAND CP II-E-40RS | na posição Box(left=349, top=204, width=57, height=15)
2024-11-30 21:12:46,108 - INFO - 208 = verifica_ped_vazio - --- Item da nota: CIMENTO PORTLAND CP II-E-40RS |, texto que ainda ficou: I, tamanho do texto 1
2024-11-30 21:12:46,108 - INFO - 215 = verifica_ped_vazio - --- Itens XML ficou vazio! saindo da tela de vinculação
2024-11-30 21:12:49,431 - INFO - 227 = verifica_ped_vazio - --- Encerrado a função verifica pedido vazio!
2024-11-30 21:12:49,431 - INFO - 141 = valida_pedido - --- Valor campo "item XML": True
2024-11-30 21:12:49,431 - SUCCESS - 15 = success - --- Pedido validado, saindo do loop dos pedidos encontrados, valor do campo: True
2024-11-30 21:12:49,432 - SUCCESS - 15 = success - --- Pedido validado, retornando para o programa principal
2024-11-30 21:12:49,432 - INFO - 103 = programa_principal - --- Preenchendo dados na tela principal do lançamento
2024-11-30 21:12:50,862 - INFO - 117 = programa_principal - --- Preenchendo filial de estoque
2024-11-30 21:12:52,471 - INFO - 122 = programa_principal - --- Realizando validação/alteração da data
2024-11-30 21:12:58,412 - INFO - 160 = programa_principal - --- Trocando o centro de custo para PERUS
2024-11-30 21:12:59,334 - INFO - 163 = programa_principal - --- Aguarda aparecer o campo cod_desc
2024-11-30 21:12:59,706 - INFO - 177 = programa_principal - --- Apareceu o campo COD_DESC, tentativa: 0 
2024-11-30 21:13:00,508 - INFO - 180 = programa_principal - --- Aguarda até SUMIR o campo "cod_desc"
2024-11-30 21:13:06,264 - INFO - 195 = programa_principal - --- sumiu o campo "cod_desc", tentativa: 3
2024-11-30 21:13:07,679 - INFO - 203 = programa_principal - --- Preenchendo transportador: 111685
2024-11-30 21:13:11,652 - INFO - 221 = programa_principal - --- Campo RE habilitado, preenchendo.
2024-11-30 21:13:13,511 - INFO - 227 = programa_principal - --- Aguardando validar o campo do transportador
2024-11-30 21:13:15,334 - INFO - 236 = programa_principal - --- Transportador validado! Prosseguindo para validação da placa
2024-11-30 21:13:16,922 - INFO - 243 = programa_principal - --- Encontrou o campo vazio, inserindo XXX0000
2024-11-30 21:13:20,322 - INFO - 255 = programa_principal - --- Navegando para a aba Produtos e Servicos
2024-11-30 21:13:22,051 - INFO - 266 = programa_principal - --- Tentativa de procurar PRODUTO E SERVIÇOS: 0
2024-11-30 21:13:23,073 - INFO - 288 = programa_principal - --- Abrindo a tela "Itens nota fiscal de compra" 
2024-11-30 21:13:24,570 - INFO - 291 = programa_principal - --- Aguardando aparecer a tela "Itens nota fiscal de compra" 
2024-11-30 21:13:25,015 - INFO - 291 = programa_principal - --- Aguardando aparecer a tela "Itens nota fiscal de compra" 
2024-11-30 21:13:25,883 - INFO - 296 = programa_principal - --- Preenchendo SILO e quantidade
2024-11-30 21:13:26,700 - INFO - 312 = programa_principal - --- Foi informado UM silo, preenchendo... SILO 2, quantidade: 34.73
2024-11-30 21:13:34,061 - INFO - 338 = programa_principal - --- Preenchimento completo, saindo do loop.
2024-11-30 21:13:34,061 - INFO - 22 = finaliza_lancamento - --- Iniciando a função de finalização de lançamento, enviando PAGEDOWN ---
2024-11-30 21:13:46,210 - INFO - 50 = finaliza_lancamento - --- Operação realizada, marcando a planilha com "Lancado RPA" 
2024-11-30 21:13:46,210 - INFO - 111 = marca_lancado - --- Abrindo planilha - MARCA_LANCADO, com parametro: Lancado_RPA
2024-11-30 21:14:14,922 - INFO - 158 = reaplica_filtro_status - --- Navegou até celula A1 e abriu o filtro do status 
2024-11-30 21:14:16,940 - INFO - 161 = reaplica_filtro_status - --- Na tela do menu de filtro, clicou no botão "Aplicar" para reaplicar o filtro 
2024-11-30 21:14:22,152 - INFO - 169 = reaplica_filtro_status - --- Filtro reaplicado com sucesso
2024-11-30 21:14:23,657 - INFO - 146 = marca_lancado - --------------------- Processou NFE, situação: Lancado_RPA ---------------------
2024-11-30 21:14:25,666 - INFO - 56 = finaliza_lancamento - --- Clicando na tela "Operação Realizada" 
2024-11-30 21:14:33,146 - INFO - 83 = finaliza_lancamento - --- Apareceu a tela: deseja imprimir o espelho da nota?
2024-11-30 21:14:38,324 - INFO - 22 = processo_transferencia - --- Iniciando a função: processo transferencia ---
2024-11-30 21:14:41,975 - INFO - 72 = processo_transferencia - --- Não encontrou a tela "Deseja processar NFE ainda
2024-11-30 21:14:45,341 - INFO - 56 = finaliza_lancamento - --- Clicando na tela "Operação Realizada" 
2024-11-30 21:14:50,498 - INFO - 22 = processo_transferencia - --- Iniciando a função: processo transferencia ---
2024-11-30 21:14:54,139 - INFO - 72 = processo_transferencia - --- Não encontrou a tela "Deseja processar NFE ainda
2024-11-30 21:18:07,420 - ERROR - 125 = finaliza_lancamento - --- Excedeu o limite de tentativas de encontrar as telas, reabrindo o TopCompras, tentativa: 20
2024-11-30 21:18:07,924 - ERROR - 388 = <module> - --- A execução principal apresentou erro! Executando o script PROGRAMA PRINCIPAL novamente.
Traceback (most recent call last):
  File "c:\Users\bruno.santos\Documents\GitHub\AutomacaoRPA_Cortesia\Materia_Prima.py", line 384, in <module>
    programa_principal()
  File "c:\Users\bruno.santos\Documents\GitHub\AutomacaoRPA_Cortesia\Materia_Prima.py", line 365, in programa_principal
    finaliza_lancamento() # Realiza todo o processo de finalização de lançamento.
    ^^^^^^^^^^^^^^^^^^^^^
  File "c:\Users\bruno.santos\Documents\GitHub\AutomacaoRPA_Cortesia\automacao\finaliza_lancamento.py", line 127, in finaliza_lancamento
    abre_topcon()
    ^^^^^^^^^^^
NameError: name 'abre_topcon' is not defined
2024-11-30 21:18:17,102 - INFO - 80 = programa_principal - 



2024-11-30 21:18:17,102 - INFO - 81 = programa_principal - ---------------------------------------------------------------------------------------------------
2024-11-30 21:18:17,102 - INFO - 82 = programa_principal - --- INICIANDO UM NOVO LANÇAMENTO DE NFE --- 
2024-11-30 21:18:17,102 - INFO - 83 = programa_principal - ---------------------------------------------------------------------------------------------------
2024-11-30 21:18:25,833 - INFO - 261 = abre_planilha_navegador - --- Planilha já estava aberta, executou apenas um recarregamento
2024-11-30 21:18:25,833 - INFO - 33 = coleta_planilha - --- Copiando dados e formatando na planilha de debug
2024-11-30 21:18:32,969 - INFO - 158 = reaplica_filtro_status - --- Navegou até celula A1 e abriu o filtro do status 
2024-11-30 21:18:35,016 - INFO - 161 = reaplica_filtro_status - --- Na tela do menu de filtro, clicou no botão "Aplicar" para reaplicar o filtro 
2024-11-30 21:18:37,361 - INFO - 165 = reaplica_filtro_status - --- Clicou para visualizar o filtro de todos.
2024-11-30 21:18:40,863 - INFO - 169 = reaplica_filtro_status - --- Filtro reaplicado com sucesso
2024-11-30 21:18:48,098 - INFO - 56 = processa_dados - --- Dados copiados com sucesso: 35241133039223000979550010003824011681852846
2024-11-30 21:18:48,098 - SUCCESS - 15 = success - --- Processo de coleta da planilha foi executado corretamente.
2024-11-30 21:18:48,098 - INFO - 33 = valida_lancamento - --- Abrindo TopCompras para iniciar o lançamento, dados copiados: ['112551', 'SILO 8', '', '1004-JAGUARE', '35241133039223000979550010003824011681852846', 'uMUdn4zPRJ4', '']
2024-11-30 21:18:48,100 - SUCCESS - 15 = success - --- TopCompras e Topcon estão abertos, processo pode iniciar
2024-11-30 21:18:48,100 - INFO - 45 = valida_lancamento - --- Alterando o TopCompras para o modo incluir
2024-11-30 21:18:48,333 - INFO - 50 = valida_lancamento - --- Verificando se está no modo Localizar.
2024-11-30 21:18:50,381 - INFO - 81 = valida_lancamento - --- Entrou no modo incluir, continuando inserção da NFE
2024-11-30 21:18:53,156 - INFO - 16 = conferencia_xml - --- Iniciando a função: CONFERENCIA XML ---
2024-11-30 21:18:57,796 - INFO - 49 = conferencia_xml - --- Apresentou um erro: Lancado_Manual 
2024-11-30 21:19:00,072 - INFO - 54 = conferencia_xml - --- Alterando a tela para o modo "localiza" para ficar correto o proximo lançamento.
2024-11-30 21:19:03,342 - INFO - 54 = conferencia_xml - --- Alterando a tela para o modo "localiza" para ficar correto o proximo lançamento.
2024-11-30 21:19:06,618 - INFO - 54 = conferencia_xml - --- Alterando a tela para o modo "localiza" para ficar correto o proximo lançamento.
2024-11-30 21:19:09,878 - INFO - 54 = conferencia_xml - --- Alterando a tela para o modo "localiza" para ficar correto o proximo lançamento.
2024-11-30 21:19:13,154 - INFO - 54 = conferencia_xml - --- Alterando a tela para o modo "localiza" para ficar correto o proximo lançamento.
2024-11-30 21:19:16,436 - INFO - 54 = conferencia_xml - --- Alterando a tela para o modo "localiza" para ficar correto o proximo lançamento.
2024-11-30 21:19:19,735 - INFO - 54 = conferencia_xml - --- Alterando a tela para o modo "localiza" para ficar correto o proximo lançamento.
2024-11-30 21:19:22,992 - INFO - 54 = conferencia_xml - --- Alterando a tela para o modo "localiza" para ficar correto o proximo lançamento.
2024-11-30 21:19:26,249 - INFO - 54 = conferencia_xml - --- Alterando a tela para o modo "localiza" para ficar correto o proximo lançamento.
2024-11-30 21:19:29,529 - INFO - 54 = conferencia_xml - --- Alterando a tela para o modo "localiza" para ficar correto o proximo lançamento.
2024-11-30 21:19:32,811 - INFO - 54 = conferencia_xml - --- Alterando a tela para o modo "localiza" para ficar correto o proximo lançamento.
2024-11-30 21:19:36,098 - INFO - 54 = conferencia_xml - --- Alterando a tela para o modo "localiza" para ficar correto o proximo lançamento.
2024-11-30 21:19:39,410 - INFO - 54 = conferencia_xml - --- Alterando a tela para o modo "localiza" para ficar correto o proximo lançamento.
2024-11-30 21:19:42,710 - INFO - 54 = conferencia_xml - --- Alterando a tela para o modo "localiza" para ficar correto o proximo lançamento.
2024-11-30 21:19:45,994 - INFO - 54 = conferencia_xml - --- Alterando a tela para o modo "localiza" para ficar correto o proximo lançamento.
2024-11-30 21:19:49,263 - INFO - 54 = conferencia_xml - --- Alterando a tela para o modo "localiza" para ficar correto o proximo lançamento.
2024-11-30 21:19:52,580 - INFO - 54 = conferencia_xml - --- Alterando a tela para o modo "localiza" para ficar correto o proximo lançamento.
2024-11-30 21:19:55,871 - INFO - 54 = conferencia_xml - --- Alterando a tela para o modo "localiza" para ficar correto o proximo lançamento.
2024-11-30 21:19:59,155 - INFO - 54 = conferencia_xml - --- Alterando a tela para o modo "localiza" para ficar correto o proximo lançamento.
2024-11-30 21:20:02,437 - INFO - 54 = conferencia_xml - --- Alterando a tela para o modo "localiza" para ficar correto o proximo lançamento.
2024-11-30 21:20:05,739 - INFO - 54 = conferencia_xml - --- Alterando a tela para o modo "localiza" para ficar correto o proximo lançamento.
2024-11-30 21:20:09,036 - INFO - 54 = conferencia_xml - --- Alterando a tela para o modo "localiza" para ficar correto o proximo lançamento.
2024-11-30 21:20:12,326 - INFO - 54 = conferencia_xml - --- Alterando a tela para o modo "localiza" para ficar correto o proximo lançamento.
2024-11-30 21:20:15,592 - INFO - 54 = conferencia_xml - --- Alterando a tela para o modo "localiza" para ficar correto o proximo lançamento.
2024-11-30 21:20:18,874 - INFO - 54 = conferencia_xml - --- Alterando a tela para o modo "localiza" para ficar correto o proximo lançamento.
2024-11-30 21:20:22,162 - INFO - 54 = conferencia_xml - --- Alterando a tela para o modo "localiza" para ficar correto o proximo lançamento.
2024-11-30 21:20:25,448 - INFO - 54 = conferencia_xml - --- Alterando a tela para o modo "localiza" para ficar correto o proximo lançamento.
2024-11-30 21:20:28,741 - INFO - 54 = conferencia_xml - --- Alterando a tela para o modo "localiza" para ficar correto o proximo lançamento.
2024-11-30 21:20:32,050 - INFO - 54 = conferencia_xml - --- Alterando a tela para o modo "localiza" para ficar correto o proximo lançamento.
2024-11-30 21:20:35,359 - INFO - 54 = conferencia_xml - --- Alterando a tela para o modo "localiza" para ficar correto o proximo lançamento.
2024-11-30 21:20:38,686 - INFO - 54 = conferencia_xml - --- Alterando a tela para o modo "localiza" para ficar correto o proximo lançamento.
2024-11-30 21:20:42,013 - INFO - 54 = conferencia_xml - --- Alterando a tela para o modo "localiza" para ficar correto o proximo lançamento.
2024-11-30 21:20:45,326 - INFO - 54 = conferencia_xml - --- Alterando a tela para o modo "localiza" para ficar correto o proximo lançamento.
2024-11-30 21:20:48,630 - INFO - 54 = conferencia_xml - --- Alterando a tela para o modo "localiza" para ficar correto o proximo lançamento.
2024-11-30 21:20:51,937 - INFO - 54 = conferencia_xml - --- Alterando a tela para o modo "localiza" para ficar correto o proximo lançamento.
2024-11-30 21:20:55,219 - INFO - 54 = conferencia_xml - --- Alterando a tela para o modo "localiza" para ficar correto o proximo lançamento.
2024-11-30 21:20:58,499 - INFO - 54 = conferencia_xml - --- Alterando a tela para o modo "localiza" para ficar correto o proximo lançamento.
2024-11-30 21:21:01,787 - INFO - 54 = conferencia_xml - --- Alterando a tela para o modo "localiza" para ficar correto o proximo lançamento.
2024-11-30 21:21:05,084 - INFO - 54 = conferencia_xml - --- Alterando a tela para o modo "localiza" para ficar correto o proximo lançamento.
2024-11-30 21:21:08,383 - INFO - 54 = conferencia_xml - --- Alterando a tela para o modo "localiza" para ficar correto o proximo lançamento.
2024-11-30 21:21:11,687 - INFO - 54 = conferencia_xml - --- Alterando a tela para o modo "localiza" para ficar correto o proximo lançamento.
2024-11-30 21:21:14,986 - INFO - 54 = conferencia_xml - --- Alterando a tela para o modo "localiza" para ficar correto o proximo lançamento.
2024-11-30 21:21:18,265 - INFO - 54 = conferencia_xml - --- Alterando a tela para o modo "localiza" para ficar correto o proximo lançamento.
2024-11-30 21:21:21,545 - INFO - 54 = conferencia_xml - --- Alterando a tela para o modo "localiza" para ficar correto o proximo lançamento.
2024-11-30 21:21:24,847 - INFO - 54 = conferencia_xml - --- Alterando a tela para o modo "localiza" para ficar correto o proximo lançamento.
2024-11-30 21:21:28,113 - INFO - 54 = conferencia_xml - --- Alterando a tela para o modo "localiza" para ficar correto o proximo lançamento.
2024-11-30 21:21:31,392 - INFO - 54 = conferencia_xml - --- Alterando a tela para o modo "localiza" para ficar correto o proximo lançamento.
2024-11-30 21:21:34,657 - INFO - 54 = conferencia_xml - --- Alterando a tela para o modo "localiza" para ficar correto o proximo lançamento.
2024-11-30 21:21:37,936 - INFO - 54 = conferencia_xml - --- Alterando a tela para o modo "localiza" para ficar correto o proximo lançamento.
2024-11-30 21:21:41,243 - INFO - 54 = conferencia_xml - --- Alterando a tela para o modo "localiza" para ficar correto o proximo lançamento.
2024-11-30 21:21:44,507 - INFO - 54 = conferencia_xml - --- Alterando a tela para o modo "localiza" para ficar correto o proximo lançamento.
2024-11-30 21:21:47,804 - INFO - 54 = conferencia_xml - --- Alterando a tela para o modo "localiza" para ficar correto o proximo lançamento.
2024-11-30 21:21:51,085 - INFO - 54 = conferencia_xml - --- Alterando a tela para o modo "localiza" para ficar correto o proximo lançamento.
2024-11-30 21:21:54,349 - INFO - 54 = conferencia_xml - --- Alterando a tela para o modo "localiza" para ficar correto o proximo lançamento.
2024-11-30 21:21:57,657 - INFO - 54 = conferencia_xml - --- Alterando a tela para o modo "localiza" para ficar correto o proximo lançamento.
2024-11-30 21:22:00,944 - INFO - 54 = conferencia_xml - --- Alterando a tela para o modo "localiza" para ficar correto o proximo lançamento.
2024-11-30 21:22:04,241 - INFO - 54 = conferencia_xml - --- Alterando a tela para o modo "localiza" para ficar correto o proximo lançamento.
2024-11-30 21:22:07,522 - INFO - 54 = conferencia_xml - --- Alterando a tela para o modo "localiza" para ficar correto o proximo lançamento.
2024-11-30 21:22:10,808 - INFO - 54 = conferencia_xml - --- Alterando a tela para o modo "localiza" para ficar correto o proximo lançamento.
2024-11-30 21:22:14,084 - INFO - 54 = conferencia_xml - --- Alterando a tela para o modo "localiza" para ficar correto o proximo lançamento.
2024-11-30 21:22:17,355 - INFO - 54 = conferencia_xml - --- Alterando a tela para o modo "localiza" para ficar correto o proximo lançamento.
2024-11-30 21:22:20,648 - INFO - 54 = conferencia_xml - --- Alterando a tela para o modo "localiza" para ficar correto o proximo lançamento.
2024-11-30 21:22:23,921 - INFO - 54 = conferencia_xml - --- Alterando a tela para o modo "localiza" para ficar correto o proximo lançamento.
2024-11-30 21:22:27,193 - INFO - 54 = conferencia_xml - --- Alterando a tela para o modo "localiza" para ficar correto o proximo lançamento.
2024-11-30 21:22:30,488 - INFO - 54 = conferencia_xml - --- Alterando a tela para o modo "localiza" para ficar correto o proximo lançamento.
2024-11-30 21:22:33,780 - INFO - 54 = conferencia_xml - --- Alterando a tela para o modo "localiza" para ficar correto o proximo lançamento.
2024-11-30 21:22:37,068 - INFO - 54 = conferencia_xml - --- Alterando a tela para o modo "localiza" para ficar correto o proximo lançamento.
2024-11-30 21:22:40,335 - INFO - 54 = conferencia_xml - --- Alterando a tela para o modo "localiza" para ficar correto o proximo lançamento.
2024-11-30 21:22:43,623 - INFO - 54 = conferencia_xml - --- Alterando a tela para o modo "localiza" para ficar correto o proximo lançamento.
2024-11-30 21:22:46,922 - INFO - 54 = conferencia_xml - --- Alterando a tela para o modo "localiza" para ficar correto o proximo lançamento.
2024-11-30 21:22:50,209 - INFO - 54 = conferencia_xml - --- Alterando a tela para o modo "localiza" para ficar correto o proximo lançamento.
2024-11-30 21:22:53,499 - INFO - 54 = conferencia_xml - --- Alterando a tela para o modo "localiza" para ficar correto o proximo lançamento.
2024-11-30 21:22:56,795 - INFO - 54 = conferencia_xml - --- Alterando a tela para o modo "localiza" para ficar correto o proximo lançamento.
2024-11-30 21:23:00,092 - INFO - 54 = conferencia_xml - --- Alterando a tela para o modo "localiza" para ficar correto o proximo lançamento.
2024-11-30 21:23:03,366 - INFO - 54 = conferencia_xml - --- Alterando a tela para o modo "localiza" para ficar correto o proximo lançamento.
2024-11-30 21:23:06,642 - INFO - 54 = conferencia_xml - --- Alterando a tela para o modo "localiza" para ficar correto o proximo lançamento.
2024-11-30 21:23:09,943 - INFO - 54 = conferencia_xml - --- Alterando a tela para o modo "localiza" para ficar correto o proximo lançamento.
2024-11-30 21:23:13,241 - INFO - 54 = conferencia_xml - --- Alterando a tela para o modo "localiza" para ficar correto o proximo lançamento.
2024-11-30 21:23:16,522 - INFO - 54 = conferencia_xml - --- Alterando a tela para o modo "localiza" para ficar correto o proximo lançamento.
2024-11-30 21:23:19,806 - INFO - 54 = conferencia_xml - --- Alterando a tela para o modo "localiza" para ficar correto o proximo lançamento.
2024-11-30 21:23:23,100 - INFO - 54 = conferencia_xml - --- Alterando a tela para o modo "localiza" para ficar correto o proximo lançamento.
2024-11-30 21:23:26,375 - INFO - 54 = conferencia_xml - --- Alterando a tela para o modo "localiza" para ficar correto o proximo lançamento.
2024-11-30 21:23:29,647 - INFO - 54 = conferencia_xml - --- Alterando a tela para o modo "localiza" para ficar correto o proximo lançamento.
2024-11-30 21:23:32,954 - INFO - 54 = conferencia_xml - --- Alterando a tela para o modo "localiza" para ficar correto o proximo lançamento.
2024-11-30 21:23:36,195 - INFO - 54 = conferencia_xml - --- Alterando a tela para o modo "localiza" para ficar correto o proximo lançamento.
2024-11-30 21:23:39,499 - INFO - 54 = conferencia_xml - --- Alterando a tela para o modo "localiza" para ficar correto o proximo lançamento.
2024-11-30 21:23:42,823 - INFO - 54 = conferencia_xml - --- Alterando a tela para o modo "localiza" para ficar correto o proximo lançamento.
2024-11-30 21:23:46,119 - INFO - 54 = conferencia_xml - --- Alterando a tela para o modo "localiza" para ficar correto o proximo lançamento.
2024-11-30 21:23:49,428 - INFO - 54 = conferencia_xml - --- Alterando a tela para o modo "localiza" para ficar correto o proximo lançamento.
2024-11-30 21:23:52,718 - INFO - 54 = conferencia_xml - --- Alterando a tela para o modo "localiza" para ficar correto o proximo lançamento.
2024-11-30 21:23:56,006 - INFO - 54 = conferencia_xml - --- Alterando a tela para o modo "localiza" para ficar correto o proximo lançamento.
2024-11-30 21:23:59,294 - INFO - 54 = conferencia_xml - --- Alterando a tela para o modo "localiza" para ficar correto o proximo lançamento.
2024-11-30 21:24:02,585 - INFO - 54 = conferencia_xml - --- Alterando a tela para o modo "localiza" para ficar correto o proximo lançamento.
2024-11-30 21:24:05,896 - INFO - 54 = conferencia_xml - --- Alterando a tela para o modo "localiza" para ficar correto o proximo lançamento.
2024-11-30 21:24:09,170 - INFO - 54 = conferencia_xml - --- Alterando a tela para o modo "localiza" para ficar correto o proximo lançamento.
2024-11-30 21:24:12,459 - INFO - 54 = conferencia_xml - --- Alterando a tela para o modo "localiza" para ficar correto o proximo lançamento.
2024-11-30 21:24:15,750 - INFO - 54 = conferencia_xml - --- Alterando a tela para o modo "localiza" para ficar correto o proximo lançamento.
2024-11-30 21:24:19,001 - INFO - 54 = conferencia_xml - --- Alterando a tela para o modo "localiza" para ficar correto o proximo lançamento.
2024-11-30 21:24:22,288 - INFO - 54 = conferencia_xml - --- Alterando a tela para o modo "localiza" para ficar correto o proximo lançamento.
2024-11-30 21:24:25,594 - INFO - 54 = conferencia_xml - --- Alterando a tela para o modo "localiza" para ficar correto o proximo lançamento.
2024-11-30 21:24:28,891 - INFO - 54 = conferencia_xml - --- Alterando a tela para o modo "localiza" para ficar correto o proximo lançamento.
2024-11-30 21:24:32,172 - INFO - 54 = conferencia_xml - --- Alterando a tela para o modo "localiza" para ficar correto o proximo lançamento.
2024-11-30 21:24:35,446 - INFO - 54 = conferencia_xml - --- Alterando a tela para o modo "localiza" para ficar correto o proximo lançamento.
2024-11-30 21:24:38,734 - INFO - 54 = conferencia_xml - --- Alterando a tela para o modo "localiza" para ficar correto o proximo lançamento.
2024-11-30 21:24:42,056 - INFO - 54 = conferencia_xml - --- Alterando a tela para o modo "localiza" para ficar correto o proximo lançamento.
2024-11-30 21:24:45,310 - INFO - 54 = conferencia_xml - --- Alterando a tela para o modo "localiza" para ficar correto o proximo lançamento.
2024-11-30 21:24:48,618 - INFO - 54 = conferencia_xml - --- Alterando a tela para o modo "localiza" para ficar correto o proximo lançamento.
2024-11-30 21:24:51,907 - INFO - 54 = conferencia_xml - --- Alterando a tela para o modo "localiza" para ficar correto o proximo lançamento.
2024-11-30 21:24:55,181 - INFO - 54 = conferencia_xml - --- Alterando a tela para o modo "localiza" para ficar correto o proximo lançamento.
2024-11-30 21:24:58,457 - INFO - 54 = conferencia_xml - --- Alterando a tela para o modo "localiza" para ficar correto o proximo lançamento.
2024-11-30 21:25:01,749 - INFO - 54 = conferencia_xml - --- Alterando a tela para o modo "localiza" para ficar correto o proximo lançamento.
2024-11-30 21:25:05,022 - INFO - 54 = conferencia_xml - --- Alterando a tela para o modo "localiza" para ficar correto o proximo lançamento.
2024-11-30 21:25:08,298 - INFO - 54 = conferencia_xml - --- Alterando a tela para o modo "localiza" para ficar correto o proximo lançamento.
2024-11-30 21:25:11,578 - INFO - 54 = conferencia_xml - --- Alterando a tela para o modo "localiza" para ficar correto o proximo lançamento.
2024-11-30 21:25:14,872 - INFO - 54 = conferencia_xml - --- Alterando a tela para o modo "localiza" para ficar correto o proximo lançamento.
2024-11-30 21:25:18,175 - INFO - 54 = conferencia_xml - --- Alterando a tela para o modo "localiza" para ficar correto o proximo lançamento.
2024-11-30 21:25:21,461 - INFO - 54 = conferencia_xml - --- Alterando a tela para o modo "localiza" para ficar correto o proximo lançamento.
2024-11-30 21:25:24,725 - INFO - 54 = conferencia_xml - --- Alterando a tela para o modo "localiza" para ficar correto o proximo lançamento.
2024-11-30 21:25:27,991 - INFO - 54 = conferencia_xml - --- Alterando a tela para o modo "localiza" para ficar correto o proximo lançamento.
2024-11-30 21:25:31,257 - INFO - 54 = conferencia_xml - --- Alterando a tela para o modo "localiza" para ficar correto o proximo lançamento.
2024-11-30 21:25:34,547 - INFO - 54 = conferencia_xml - --- Alterando a tela para o modo "localiza" para ficar correto o proximo lançamento.
2024-11-30 21:25:37,836 - INFO - 54 = conferencia_xml - --- Alterando a tela para o modo "localiza" para ficar correto o proximo lançamento.
2024-11-30 21:25:41,134 - INFO - 54 = conferencia_xml - --- Alterando a tela para o modo "localiza" para ficar correto o proximo lançamento.
2024-11-30 21:25:44,436 - INFO - 54 = conferencia_xml - --- Alterando a tela para o modo "localiza" para ficar correto o proximo lançamento.
2024-11-30 21:25:47,711 - INFO - 54 = conferencia_xml - --- Alterando a tela para o modo "localiza" para ficar correto o proximo lançamento.
2024-11-30 21:25:50,973 - INFO - 54 = conferencia_xml - --- Alterando a tela para o modo "localiza" para ficar correto o proximo lançamento.
2024-11-30 21:25:54,239 - INFO - 54 = conferencia_xml - --- Alterando a tela para o modo "localiza" para ficar correto o proximo lançamento.
2024-11-30 21:25:57,513 - INFO - 54 = conferencia_xml - --- Alterando a tela para o modo "localiza" para ficar correto o proximo lançamento.
2024-11-30 21:26:00,805 - INFO - 54 = conferencia_xml - --- Alterando a tela para o modo "localiza" para ficar correto o proximo lançamento.
2024-11-30 21:26:04,087 - INFO - 54 = conferencia_xml - --- Alterando a tela para o modo "localiza" para ficar correto o proximo lançamento.
2024-11-30 21:26:07,375 - INFO - 54 = conferencia_xml - --- Alterando a tela para o modo "localiza" para ficar correto o proximo lançamento.
2024-11-30 21:26:12,908 - CRITICAL - 392 = <module> - Execução pausada pelo usuario
