2024-12-01 01:14:24,295 - INFO - 82 = programa_principal - 



2024-12-01 01:14:24,295 - INFO - 83 = programa_principal - ---------------------------------------------------------------------------------------------------
2024-12-01 01:14:24,295 - INFO - 84 = programa_principal - --- INICIANDO UM NOVO LANÇAMENTO DE NFE --- 
2024-12-01 01:14:24,296 - INFO - 85 = programa_principal - ---------------------------------------------------------------------------------------------------
2024-12-01 01:14:33,289 - INFO - 259 = abre_planilha_navegador - --- Planilha já estava aberta, executou apenas um recarregamento
2024-12-01 01:14:33,289 - INFO - 33 = coleta_planilha - --- Copiando dados e formatando na planilha de debug
2024-12-01 01:14:40,437 - INFO - 156 = reaplica_filtro_status - --- Navegou até celula A1 e abriu o filtro do status 
2024-12-01 01:14:40,535 - INFO - 52 = procura_imagem - --- Tentando encontrar: imagens/img_planilha/bt_aplicar.png
2024-12-01 01:14:41,020 - INFO - 66 = procura_imagem - --- Encontrou imagens/img_planilha/bt_aplicar.png na posição: Point(x=1407, y=961) ( Tentativa: 0, Confiança: 0.78
2024-12-01 01:14:42,540 - INFO - 159 = reaplica_filtro_status - --- Na tela do menu de filtro, clicou no botão "Aplicar" para reaplicar o filtro 
2024-12-01 01:14:42,540 - INFO - 52 = procura_imagem - --- Tentando encontrar: imagens/img_planilha/bt_visualizar_todos.png
2024-12-01 01:14:47,767 - INFO - 167 = reaplica_filtro_status - --- Filtro reaplicado com sucesso
2024-12-01 01:14:55,002 - INFO - 56 = processa_dados - --- Dados copiados com sucesso: 35241149034010000137550010010491861210564081
2024-12-01 01:14:55,002 - SUCCESS - 15 = success - --- Processo de coleta da planilha foi executado corretamente.
2024-12-01 01:14:55,002 - INFO - 33 = valida_lancamento - --- Abrindo TopCompras para iniciar o lançamento, dados copiados: ['112826', '', '', '1001-VILA PRUDENTE', '35241149034010000137550010010491861210564081', 'cP02wIRWiUY', '']
2024-12-01 01:14:55,005 - SUCCESS - 15 = success - --- TopCompras e Topcon estão abertos, processo pode iniciar
2024-12-01 01:14:55,005 - INFO - 45 = valida_lancamento - --- Alterando o TopCompras para o modo incluir
2024-12-01 01:14:55,237 - INFO - 50 = valida_lancamento - --- Verificando se está no modo Localizar.
2024-12-01 01:14:55,350 - INFO - 52 = procura_imagem - --- Tentando encontrar: imagens/img_topcon/txt_inclui.png
2024-12-01 01:14:55,631 - INFO - 66 = procura_imagem - --- Encontrou imagens/img_topcon/txt_inclui.png na posição: Point(x=925, y=1002) ( Tentativa: 0, Confiança: 0.78
2024-12-01 01:14:55,631 - INFO - 52 = procura_imagem - --- Tentando encontrar: imagens/img_topcon/txt_localizar.png
2024-12-01 01:14:57,234 - INFO - 81 = valida_lancamento - --- Entrou no modo incluir, continuando inserção da NFE
2024-12-01 01:15:00,003 - INFO - 16 = conferencia_xml - --- Iniciando a função: CONFERENCIA XML ---
2024-12-01 01:15:00,475 - INFO - 52 = procura_imagem - --- Tentando encontrar: imagens/img_topcon/txt_fornecedor_cadastrado.png
2024-12-01 01:15:00,888 - INFO - 52 = procura_imagem - --- Tentando encontrar: imagens/img_topcon/botao_sim.jpg
2024-12-01 01:15:01,261 - INFO - 52 = procura_imagem - --- Tentando encontrar: imagens/img_topcon/chave_invalida.png
2024-12-01 01:15:01,676 - INFO - 66 = procura_imagem - --- Encontrou imagens/img_topcon/chave_invalida.png na posição: Point(x=833, y=502) ( Tentativa: 0, Confiança: 0.73
2024-12-01 01:15:01,677 - INFO - 51 = conferencia_xml - --- Apresentou um erro: Lancado_Manual
2024-12-01 01:15:01,677 - INFO - 109 = marca_lancado - --- Abrindo planilha - MARCA_LANCADO, com parametro: Lancado_Manual
2024-12-01 01:15:30,370 - INFO - 156 = reaplica_filtro_status - --- Navegou até celula A1 e abriu o filtro do status 
2024-12-01 01:15:30,472 - INFO - 52 = procura_imagem - --- Tentando encontrar: imagens/img_planilha/bt_aplicar.png
2024-12-01 01:15:30,902 - INFO - 66 = procura_imagem - --- Encontrou imagens/img_planilha/bt_aplicar.png na posição: Point(x=1407, y=961) ( Tentativa: 0, Confiança: 0.78
2024-12-01 01:15:32,429 - INFO - 159 = reaplica_filtro_status - --- Na tela do menu de filtro, clicou no botão "Aplicar" para reaplicar o filtro 
2024-12-01 01:15:32,429 - INFO - 52 = procura_imagem - --- Tentando encontrar: imagens/img_planilha/bt_visualizar_todos.png
2024-12-01 01:15:37,664 - INFO - 167 = reaplica_filtro_status - --- Filtro reaplicado com sucesso
2024-12-01 01:15:39,167 - INFO - 144 = marca_lancado - --------------------- Processou NFE, situação: Lancado_Manual ---------------------
2024-12-01 01:15:39,167 - INFO - 52 = procura_imagem - --- Tentando encontrar: imagens/img_topcon/txt_localizar.png
2024-12-01 01:15:40,785 - INFO - 55 = conferencia_xml - --- Tela de erro fechada, alterando a tela para o modo "localiza" para ficar correto o proximo lançamento, tentativa: 0
2024-12-01 01:15:40,915 - INFO - 52 = procura_imagem - --- Tentando encontrar: imagens/img_topcon/botao_ok.jpg
2024-12-01 01:15:41,305 - INFO - 66 = procura_imagem - --- Encontrou imagens/img_topcon/botao_ok.jpg na posição: Point(x=1160, y=636) ( Tentativa: 0, Confiança: 0.75
2024-12-01 01:15:44,582 - INFO - 52 = procura_imagem - --- Tentando encontrar: imagens/img_topcon/txt_localizar.png
2024-12-01 01:15:46,188 - INFO - 55 = conferencia_xml - --- Tela de erro fechada, alterando a tela para o modo "localiza" para ficar correto o proximo lançamento, tentativa: 1
2024-12-01 01:15:46,295 - INFO - 52 = procura_imagem - --- Tentando encontrar: imagens/img_topcon/botao_ok.jpg
2024-12-01 01:15:50,505 - INFO - 52 = procura_imagem - --- Tentando encontrar: imagens/img_topcon/txt_localizar.png
2024-12-01 01:15:52,106 - INFO - 55 = conferencia_xml - --- Tela de erro fechada, alterando a tela para o modo "localiza" para ficar correto o proximo lançamento, tentativa: 2
2024-12-01 01:15:52,215 - INFO - 52 = procura_imagem - --- Tentando encontrar: imagens/img_topcon/botao_ok.jpg
2024-12-01 01:15:56,433 - INFO - 52 = procura_imagem - --- Tentando encontrar: imagens/img_topcon/txt_localizar.png
2024-12-01 01:15:58,034 - INFO - 55 = conferencia_xml - --- Tela de erro fechada, alterando a tela para o modo "localiza" para ficar correto o proximo lançamento, tentativa: 3
2024-12-01 01:15:58,146 - INFO - 52 = procura_imagem - --- Tentando encontrar: imagens/img_topcon/botao_ok.jpg
2024-12-01 01:16:02,335 - INFO - 52 = procura_imagem - --- Tentando encontrar: imagens/img_topcon/txt_localizar.png
2024-12-01 01:16:03,924 - INFO - 55 = conferencia_xml - --- Tela de erro fechada, alterando a tela para o modo "localiza" para ficar correto o proximo lançamento, tentativa: 4
2024-12-01 01:16:04,039 - INFO - 52 = procura_imagem - --- Tentando encontrar: imagens/img_topcon/botao_ok.jpg
2024-12-01 01:16:08,269 - ERROR - 65 = conferencia_xml - --- Não foi possivel alterar a tela para o modo LOCALIZAR!
2024-12-01 01:16:08,269 - ERROR - 392 = <module> - --- A execução principal apresentou erro! Executando o script PROGRAMA PRINCIPAL novamente.
Traceback (most recent call last):
  File "c:\Users\bruno.santos\Documents\GitHub\AutomacaoRPA_Cortesia\Materia_Prima.py", line 388, in <module>
    programa_principal()
  File "c:\Users\bruno.santos\Documents\GitHub\AutomacaoRPA_Cortesia\Materia_Prima.py", line 90, in programa_principal
    dados_planilha = valida_lancamento() # Coleta e confere os dados do lançamento atual
                     ^^^^^^^^^^^^^^^^^^^
  File "c:\Users\bruno.santos\Documents\GitHub\AutomacaoRPA_Cortesia\valida_lancamento.py", line 90, in valida_lancamento
    validou_xml = conferencia_xml() # Confere qual tela será apresentada.
                 ^^^^^^^^^^^^^^^^^
  File "c:\Users\bruno.santos\Documents\GitHub\AutomacaoRPA_Cortesia\automacao\conferencia_xml.py", line 66, in conferencia_xml
    raise TimeoutError
TimeoutError
2024-12-01 01:16:18,162 - INFO - 82 = programa_principal - 



2024-12-01 01:16:18,162 - INFO - 83 = programa_principal - ---------------------------------------------------------------------------------------------------
2024-12-01 01:16:18,163 - INFO - 84 = programa_principal - --- INICIANDO UM NOVO LANÇAMENTO DE NFE --- 
2024-12-01 01:16:18,163 - INFO - 85 = programa_principal - ---------------------------------------------------------------------------------------------------
2024-12-01 01:16:26,898 - INFO - 259 = abre_planilha_navegador - --- Planilha já estava aberta, executou apenas um recarregamento
2024-12-01 01:16:26,898 - INFO - 33 = coleta_planilha - --- Copiando dados e formatando na planilha de debug
2024-12-01 01:16:34,046 - INFO - 156 = reaplica_filtro_status - --- Navegou até celula A1 e abriu o filtro do status 
2024-12-01 01:16:34,158 - INFO - 52 = procura_imagem - --- Tentando encontrar: imagens/img_planilha/bt_aplicar.png
