2024-11-30 20:41:17,979 - INFO = abre_topcon - --- Executando a função: ABRE TOPCON
2024-11-30 20:41:18,203 - INFO = fecha_execucoes - --- Iniciando fecha execucoes, para fechar o TopCompras e o RDP ---
2024-11-30 20:41:18,458 - INFO = fecha_execucoes - --- Fechou a tela "TopCompras" 
2024-11-30 20:41:19,046 - INFO = fecha_execucoes - --- Fechou o processo MSTSC.EXE" 
2024-11-30 20:41:19,046 - INFO = abre_topcon - --- Iniciando o RemoteApp
2024-11-30 20:41:29,243 - INFO = abre_topcon - --- Tentando a tela: Windows Security
2024-11-30 20:41:29,351 - INFO = abre_topcon - --- Encontrou com o nome Windows Security
2024-11-30 20:41:29,458 - INFO = abre_topcon - --- Tentando a tela: Segurança do Windows
2024-11-30 20:41:36,962 - INFO = abre_topcon - --- Abriu a tela "Windows Security", realizando o login" 
2024-11-30 20:41:40,351 - INFO = abre_topcon - --- Login realizado no RemoteApp-Cortesia.rdp
2024-11-30 20:41:44,476 - INFO = abre_mercantil - --- TopCon está aberto, pode prosseguir com a abertura do TopCompras
2024-11-30 20:41:57,477 - WARNING = corrige_nometela - Não encontrou o TopCompras nem a tela sem nome
2024-11-30 20:41:57,477 - INFO = abre_mercantil - --- Modulo de compras realmente está fechado, abrindo uma nova execução
2024-11-30 20:41:58,110 - INFO = abre_mercantil - --- Na tela do Topcon, clicou no logo do topcompras 
2024-11-30 20:42:06,211 - INFO = abre_mercantil - --- Encontrou a tela do interveniente, clicando no botão "OK"
2024-11-30 20:42:09,215 - INFO = abre_mercantil - --- Encontrou a tela do interveniente, clicando no botão "OK"
2024-11-30 20:42:11,810 - INFO = abre_mercantil - --- Fechou a tela dos intervenientes
2024-11-30 20:42:16,910 - INFO = corrige_nometela - --- TopCompras abriu com o nome normal, prosseguindo.
2024-11-30 20:42:16,910 - INFO = navega_topcompras - --- Executando a função: navega topcompras 
2024-11-30 20:42:25,143 - INFO = navega_topcompras - --- TopCompras aberto!
2024-11-30 20:42:26,697 - INFO = abre_topcon - --- Tela do Topcon já está aberta.
