2024-12-01 14:38:02,302 - INFO - 249 = abre_planilha_navegador - --- Planilha já estava aberta, executou apenas um recarregamento
2024-12-01 14:38:02,302 - INFO - 33 = coleta_planilha - --- Copiando dados e formatando na planilha de debug
2024-12-01 14:38:09,445 - INFO - 150 = reaplica_filtro_status - --- Navegou até celula A1 e abriu o filtro do status 
2024-12-01 14:38:09,965 - INFO - 66 = procura_imagem - --- Encontrou imagens/img_planilha/bt_aplicar.png na posição: Point(x=1407, y=961) ( Tentativa: 0, Confiança: 0.78 )
2024-12-01 14:38:11,484 - INFO - 153 = reaplica_filtro_status - --- Na tela do menu de filtro, clicou no botão "Aplicar" para reaplicar o filtro 
2024-12-01 14:38:16,706 - INFO - 161 = reaplica_filtro_status - --- Filtro reaplicado com sucesso
2024-12-01 14:38:23,935 - INFO - 56 = processa_dados - --- Dados copiados com sucesso: 35241156899602000268550010008133731164089832
2024-12-01 14:38:23,935 - SUCCESS - 15 = success - --- Processo de coleta da planilha foi executado corretamente.
2024-12-01 14:38:23,935 - INFO - 31 = valida_lancamento - --- Alterando o TopCompras para o modo incluir
2024-12-01 14:38:24,164 - INFO - 36 = valida_lancamento - --- Verificando se está no modo Localizar.
2024-12-01 14:38:25,875 - INFO - 40 = valida_lancamento - --- Não está no modo Localizar, enviando comando F2 para tentar entrar no modo, tentativa: 0
2024-12-01 14:38:26,460 - INFO - 66 = procura_imagem - --- Encontrou imagens/img_topcon/txt_localizar.png na posição: Point(x=939, y=1001) ( Tentativa: 0, Confiança: 0.78 )
2024-12-01 14:38:26,460 - INFO - 45 = valida_lancamento - --- Entrou no modo localizar, mudando para o modo incluir, tentativa: 0
2024-12-01 14:38:26,767 - INFO - 36 = valida_lancamento - --- Verificando se está no modo Localizar.
2024-12-01 14:38:27,159 - INFO - 66 = procura_imagem - --- Encontrou imagens/img_topcon/txt_inclui.png na posição: Point(x=925, y=1002) ( Tentativa: 0, Confiança: 0.78 )
2024-12-01 14:38:28,752 - INFO - 67 = valida_lancamento - --- Entrou no modo incluir, continuando inserção da NFE
2024-12-01 14:38:31,510 - INFO - 16 = conferencia_xml - --- Iniciando a função: CONFERENCIA XML ---
2024-12-01 14:38:38,721 - INFO - 66 = procura_imagem - --- Encontrou imagens/img_topcon/botao_sim.jpg na posição: Point(x=989, y=626) ( Tentativa: 0, Confiança: 0.73 )
2024-12-01 14:38:38,721 - INFO - 31 = conferencia_xml - --- XML Validado, indo para validação do pedido
2024-12-01 14:38:39,209 - INFO - 66 = procura_imagem - --- Encontrou imagens/img_topcon/botao_sim.jpg na posição: Point(x=989, y=626) ( Tentativa: 0, Confiança: 0.78 )
2024-12-01 14:38:39,417 - SUCCESS - 15 = success - --- Validou o XML! Prosseguindo para a seleção do pedido: True
