2024-11-30 20:56:48,546 - INFO - 132 = abre_topcon - --- Executando a função: ABRE TOPCON
2024-11-30 20:56:48,904 - INFO - 105 = fecha_execucoes - --- Iniciando fecha execucoes, para fechar o TopCompras e o RDP ---
2024-11-30 20:56:50,076 - INFO - 123 = fecha_execucoes - --- Fechou a tela "TopCompras" 
2024-11-30 20:56:51,206 - INFO - 128 = fecha_execucoes - --- Fechou o processo MSTSC.EXE" 
2024-11-30 20:56:51,207 - INFO - 142 = abre_topcon - --- Iniciando o RemoteApp
2024-11-30 20:57:02,126 - INFO - 150 = abre_topcon - --- Tentando a tela: Windows Security
2024-11-30 20:57:02,239 - INFO - 156 = abre_topcon - --- Encontrou com o nome Windows Security
2024-11-30 20:57:02,352 - INFO - 150 = abre_topcon - --- Tentando a tela: Segurança do Windows
2024-11-30 20:57:09,857 - INFO - 165 = abre_topcon - --- Abriu a tela "Windows Security", realizando o login" 
2024-11-30 20:57:13,239 - INFO - 173 = abre_topcon - --- Login realizado no RemoteApp-Cortesia.rdp
2024-11-30 20:57:18,179 - INFO - 33 = abre_mercantil - --- TopCon está aberto, pode prosseguir com a abertura do TopCompras
2024-11-30 20:57:31,184 - WARNING - 244 = corrige_nometela - Não encontrou o TopCompras nem a tela sem nome
2024-11-30 20:57:31,186 - INFO - 52 = abre_mercantil - --- Modulo de compras realmente está fechado, abrindo uma nova execução
2024-11-30 20:57:31,811 - INFO - 57 = abre_mercantil - --- Na tela do Topcon, clicou no logo do topcompras 
2024-11-30 20:57:39,917 - INFO - 65 = abre_mercantil - --- Encontrou a tela do interveniente, clicando no botão "OK"
2024-11-30 20:57:42,895 - INFO - 72 = abre_mercantil - --- Encontrou a tela do interveniente, clicando no botão "OK"
2024-11-30 20:57:45,477 - INFO - 79 = abre_mercantil - --- Fechou a tela dos intervenientes
2024-11-30 20:57:50,590 - INFO - 239 = corrige_nometela - --- TopCompras abriu com o nome normal, prosseguindo.
2024-11-30 20:57:50,590 - INFO - 89 = navega_topcompras - --- Executando a função: navega topcompras 
2024-11-30 20:57:58,812 - INFO - 100 = navega_topcompras - --- TopCompras aberto!
2024-11-30 20:58:00,331 - INFO - 199 = abre_topcon - --- Tela do Topcon já está aberta.
