2024-10-08 18:46:54,904 - INFO = <module> - ------------------------ Iniciando um novo log ------------------------ 
2024-10-08 18:46:55,081 - INFO = programa_principal - 
2024-10-08 18:46:55,081 - INFO = programa_principal - ---------------------------------------------------------------------------------------------------
2024-10-08 18:46:55,082 - INFO = programa_principal - --- INICIANDO UM NOVO LANÇAMENTO DE NFE --- 
2024-10-08 18:46:55,082 - INFO = programa_principal - ---------------------------------------------------------------------------------------------------
2024-10-08 18:46:55,083 - INFO = abre_planilha_navegador - --- Tentando abrir a planilha: debug_db_alltrips.xlsx
2024-10-08 18:46:55,200 - INFO = abre_planilha_navegador - --- Planilha já estava aberta, executou apenas um recarregamento
2024-10-08 18:47:03,925 - INFO = abre_planilha_navegador - --- Recarregou a planilha com sucesso.
2024-10-08 18:47:03,925 - INFO = coleta_planilha - --- Copiando dados e formatando na planilha de debug
2024-10-08 18:47:03,925 - INFO = reaplica_filtro_status - --- Executando a função REAPLICA FILTRO STATUS
2024-10-08 18:47:09,044 - INFO = reaplica_filtro_status - --- Navegou até celula A1 e abriu o filtro do status 
2024-10-08 18:47:10,599 - INFO = reaplica_filtro_status - --- Na tela do menu de filtro, clicou no botão "Aplicar" para reaplicar o filtro 
2024-10-08 18:47:12,428 - INFO = reaplica_filtro_status - --- Clicou para visualizar o filtro de todos.
2024-10-08 18:47:16,433 - INFO = coleta_planilha - --- Navegou até a celula A1, e foi para a linha logo a baixo.
2024-10-08 18:47:20,661 - INFO = coleta_planilha - --- Dados copiados com sucesso: 35241060869336000621550000002517461196921376
2024-10-08 18:47:20,661 - INFO = main - --- Processo de coleta da planilha foi executado corretamente.
2024-10-08 18:47:20,661 - INFO = valida_lancamento - --- Iniciando VALIDA LANÇAMENTO - dados copiados: ['112874', 'SILO 4', '', '1001-VILA PRUDENTE', '35241060869336000621550000002517461196921376', '5IlPbIwKgeo', '']
2024-10-08 18:47:20,662 - INFO = valida_lancamento - --- Abrindo TopCompras para iniciar o lançamento
2024-10-08 18:47:33,762 - WARNING = corrige_nometela - Não encontrou o TopCompras nem a tela sem nome
2024-10-08 18:47:33,763 - ERROR = valida_lancamento - --- TopCompras e TopCon NÃO estão abertos, realizando abertura.
2024-10-08 18:47:33,763 - INFO = abre_topcon - --- Executando a função: ABRE TOPCON
2024-10-08 18:47:33,864 - INFO = fecha_execucoes - --- Iniciando fecha_execucoes, para fechar o TopCompras e o RDP ---
2024-10-08 18:47:34,210 - INFO = abre_topcon - --- Iniciando o RemoteApp
2024-10-08 18:47:34,294 - INFO = abre_topcon - --- Tentando a tela: Windows Security
2024-10-08 18:47:35,730 - INFO = abre_topcon - --- Encontrou com o nome Windows Security
2024-10-08 18:47:35,839 - INFO = abre_topcon - --- Tentando a tela: Segurança do Windows
2024-10-08 18:47:43,338 - INFO = abre_topcon - --- Abriu a tela "Windows Security", realizando o login" 
2024-10-08 18:47:46,721 - INFO = abre_topcon - --- Login realizado no RemoteApp-Cortesia.rdp
2024-10-08 18:47:52,314 - INFO = abre_topcon - --- Tela de login do topcon aberta
2024-10-08 18:48:01,304 - INFO = abre_mercantil - --- TopCon está aberto, pode prosseguir com a abertura do TopCompras
2024-10-08 18:48:14,311 - WARNING = corrige_nometela - Não encontrou o TopCompras nem a tela sem nome
2024-10-08 18:48:14,312 - INFO = abre_mercantil - --- Modulo de compras realmente está fechado, abrindo uma nova execução
2024-10-08 18:48:14,918 - INFO = abre_mercantil - --- Na tela do Topcon, clicou no logo do topcompras 
2024-10-08 18:48:23,025 - INFO = abre_mercantil - --- Encontrou a tela do interveniente, clicando no botão "OK"
2024-10-08 18:48:24,446 - INFO = abre_mercantil - --- Encontrou a tela do interveniente, clicando no botão "OK"
2024-10-08 18:48:25,023 - INFO = abre_mercantil - --- Fechou a tela dos intervenientes
2024-10-08 18:48:30,140 - INFO = corrige_nometela - --- TopCompras abriu com o nome normal, prosseguindo.
2024-10-08 18:48:30,140 - INFO = navega_topcompras - --- Executando a função: navega topcompras 
2024-10-08 18:48:38,344 - INFO = navega_topcompras - --- TopCompras aberto!
2024-10-08 18:48:38,344 - INFO = valida_lancamento - --- Alterando o TopCompras para o modo incluir
2024-10-08 18:48:38,554 - INFO = valida_lancamento - --- Verificando se está no modo Localizar.
2024-10-08 18:48:40,253 - INFO = valida_lancamento - --- Não está no modo Localizar, enviando comando F2 para tentar entrar no modo, tentativa: 0
2024-10-08 18:48:41,636 - INFO = valida_lancamento - --- Entrou no modo localizar, mudando para o modo incluir, tentativa: 0
2024-10-08 18:48:42,745 - INFO = valida_lancamento - --- Verificando se está no modo Localizar.
2024-10-08 18:48:44,720 - INFO = valida_lancamento - --- Entrou no modo incluir, continuando inserção da NFE
2024-10-08 18:48:49,864 - INFO = conferencia_xml - --- Iniciando a função: CONFERENCIA XML ---
2024-10-08 18:49:21,244 - INFO = conferencia_xml - --- XML Validado, indo para validação do pedido
2024-10-08 18:49:22,723 - INFO = valida_lancamento - --- Validou o XML! Prosseguindo para a seleção do pedido: True
2024-10-08 18:49:22,724 - INFO = valida_pedido - --- Executando função: valida pedido
2024-10-08 18:49:24,322 - INFO = valida_pedido - --- O item: CPV é igual ao item extraido: CIMENTO CPV ARI RS GRANEL, procurando a imagem: PED_CIMENTOCPV.png
2024-10-08 18:49:24,841 - INFO = valida_pedido - --- Tentativa: 0, achou o CIMENTO CPV ARI RS GRANEL na posição Box(left=350, top=205, width=39, height=15)
2024-10-08 18:49:27,817 - INFO = verifica_ped_vazio - --- Item da nota: CIMENTO CPV ARI RS GRANEL, texto que ainda ficou: CIMENTO CPV ARI RS GRANEL, tamanho do texto 25
2024-10-08 18:49:27,817 - INFO = verifica_ped_vazio - --- Itens XML ainda tem informação!
2024-10-08 18:49:27,817 - INFO = valida_pedido - --- Valor campo "item XML": False
2024-10-08 18:49:29,613 - INFO = verifica_ped_vazio - --- Item da nota: CIMENTO CPV ARI RS GRANEL, texto que ainda ficou: CIMENTO CPV ARI RS GRANEL, tamanho do texto 25
2024-10-08 18:49:29,613 - INFO = verifica_ped_vazio - --- Itens XML ainda tem informação!
2024-10-08 18:49:29,613 - INFO = valida_pedido - --- Valor campo "vazio": False
2024-10-08 18:49:33,082 - INFO = verifica_ped_vazio - --- Item da nota: CIMENTO CPV ARI RS GRANEL, texto que ainda ficou: CIMENTO CPV ARI RS GRANEL, tamanho do texto 25
2024-10-08 18:49:33,082 - INFO = verifica_ped_vazio - --- Itens XML ainda tem informação!
2024-10-08 18:49:33,701 - INFO = valida_pedido - --- Tentativa: 0, achou o CIMENTO CPV ARI RS GRANEL na posição Box(left=350, top=229, width=39, height=15)
2024-10-08 18:49:36,643 - INFO = verifica_ped_vazio - --- Item da nota: CIMENTO CPV ARI RS GRANEL, texto que ainda ficou: CIMENTO CPV ARI RS GRANEL, tamanho do texto 25
2024-10-08 18:49:36,644 - INFO = verifica_ped_vazio - --- Itens XML ainda tem informação!
2024-10-08 18:49:36,644 - INFO = valida_pedido - --- Valor campo "item XML": False
2024-10-08 18:49:38,390 - INFO = verifica_ped_vazio - --- Item da nota: CIMENTO CPV ARI RS GRANEL, texto que ainda ficou: CIMENTO CPV ARI RS GRANEL, tamanho do texto 25
2024-10-08 18:49:38,390 - INFO = verifica_ped_vazio - --- Itens XML ainda tem informação!
2024-10-08 18:49:38,390 - INFO = valida_pedido - --- Valor campo "vazio": False
2024-10-08 18:49:41,832 - INFO = verifica_ped_vazio - --- Item da nota: CIMENTO CPV ARI RS GRANEL, texto que ainda ficou: CIMENTO CPV ARI RS GRANEL, tamanho do texto 25
2024-10-08 18:49:41,832 - INFO = verifica_ped_vazio - --- Itens XML ainda tem informação!
2024-10-08 18:49:42,452 - INFO = valida_pedido - --- Tentativa: 0, achou o CIMENTO CPV ARI RS GRANEL na posição Box(left=350, top=325, width=39, height=15)
2024-10-08 18:49:45,386 - INFO = verifica_ped_vazio - --- Item da nota: CIMENTO CPV ARI RS GRANEL, texto que ainda ficou: I, tamanho do texto 1
2024-10-08 18:49:45,386 - INFO = verifica_ped_vazio - --- Itens XML ficou vazio! saindo da tela de vinculação
2024-10-08 18:49:48,339 - INFO = verifica_ped_vazio - --- Encerrado a função verifica pedido vazio!
2024-10-08 18:49:48,339 - INFO = valida_pedido - --- Valor campo "item XML": True
2024-10-08 18:49:48,339 - INFO = valida_pedido - --- Pedido validado, saindo do loop dos pedidos encontrados, valor do campo: True
2024-10-08 18:49:48,340 - INFO = programa_principal - --- Pedido validado, retornando para o programa principal
