2024-10-08 15:45:52,790 - INFO = <module> - ------------------------ Iniciando um novo log ------------------------ 
2024-10-08 15:45:52,961 - INFO = programa_principal - 
2024-10-08 15:45:52,962 - INFO = programa_principal - ---------------------------------------------------------------------------------------------------
2024-10-08 15:45:52,962 - INFO = programa_principal - --- INICIANDO UM NOVO LANÇAMENTO DE NFE --- 
2024-10-08 15:45:52,962 - INFO = programa_principal - ---------------------------------------------------------------------------------------------------
2024-10-08 15:45:52,963 - INFO = abre_planilha_navegador - --- Tentando abrir a planilha: debug_db_alltrips.xlsx
2024-10-08 15:45:53,071 - INFO = abre_planilha_navegador - --- Abrindo a planilha no EDGE.
2024-10-08 15:46:04,689 - INFO = abre_planilha_navegador - --- Planilha aberta e maximizada.
2024-10-08 15:46:04,689 - INFO = coleta_planilha - --- Copiando dados e formatando na planilha de debug
2024-10-08 15:46:04,689 - INFO = reaplica_filtro_status - --- Executando a função REAPLICA FILTRO STATUS
2024-10-08 15:46:09,824 - INFO = reaplica_filtro_status - --- Navegou até celula A1 e abriu o filtro do status 
2024-10-08 15:46:11,349 - INFO = reaplica_filtro_status - --- Na tela do menu de filtro, clicou no botão "Aplicar" para reaplicar o filtro 
2024-10-08 15:46:17,055 - INFO = coleta_planilha - --- Navegou até a celula A1, e foi para a linha logo a baixo.
2024-10-08 15:46:21,281 - INFO = marca_lancado - --- Abrindo planilha - MARCA_LANCADO, com parametro: chave_invalida
2024-10-08 15:46:27,082 - INFO = reaplica_filtro_status - --- Executando a função REAPLICA FILTRO STATUS
2024-10-08 15:46:32,198 - INFO = reaplica_filtro_status - --- Navegou até celula A1 e abriu o filtro do status 
2024-10-08 15:46:33,997 - WARNING = procura_imagem - --- Não encontrou a imagem: imagens/img_planilha/bt_aplicar.png
2024-10-08 15:46:34,174 - ERROR = main - Os processos de coleta na PLANILHA deram erro, fechando planilha e executando novamente.
Traceback (most recent call last):
  File "c:\Users\bruno.santos\Documents\GitHub\AutomacaoRPA_Cortesia\coleta_planilha.py", line 26, in main
    dados_copiados = coleta_planilha()
                     ^^^^^^^^^^^^^^^^^
  File "c:\Users\bruno.santos\Documents\GitHub\AutomacaoRPA_Cortesia\coleta_planilha.py", line 51, in coleta_planilha
    validou_dados = valida_dados_coletados(dados_planilha) # Valida se os campos foram copiados corretamente.
                 ^^^^^^^^^^^^^^^^^^^^^^^^^^^^^^^^^^^^^^
  File "c:\Users\bruno.santos\Documents\GitHub\AutomacaoRPA_Cortesia\automacao_planilha\valida_dados_coletados.py", line 26, in valida_dados_coletados
    marca_lancado('chave_invalida')
  File "c:\Users\bruno.santos\Documents\GitHub\AutomacaoRPA_Cortesia\utils\funcoes.py", line 154, in marca_lancado
    reaplica_filtro_status() # Reaplica o filtro da coluna "Status"
    ^^^^^^^^^^^^^^^^^^^^^^^^
  File "c:\Users\bruno.santos\Documents\GitHub\AutomacaoRPA_Cortesia\utils\funcoes.py", line 170, in reaplica_filtro_status
    bot.click(procura_imagem(imagem='imagens/img_planilha/bt_aplicar.png'))
              ^^^^^^^^^^^^^^^^^^^^^^^^^^^^^^^^^^^^^^^^^^^^^^^^^^^^^^^^^^^^
  File "c:\Users\bruno.santos\Documents\GitHub\AutomacaoRPA_Cortesia\utils\funcoes.py", line 106, in procura_imagem
    raise TimeoutError
TimeoutError
2024-10-08 15:46:34,511 - WARNING = main - Fechando o EDGE
2024-10-08 15:46:39,512 - INFO = abre_planilha_navegador - --- Tentando abrir a planilha: debug_db_alltrips.xlsx
2024-10-08 15:46:39,512 - INFO = abre_planilha_navegador - --- Abrindo a planilha no EDGE.
2024-10-08 15:46:51,125 - INFO = abre_planilha_navegador - --- Planilha aberta e maximizada.
2024-10-08 15:46:51,125 - INFO = coleta_planilha - --- Copiando dados e formatando na planilha de debug
2024-10-08 15:46:51,125 - INFO = reaplica_filtro_status - --- Executando a função REAPLICA FILTRO STATUS
2024-10-08 15:46:56,262 - INFO = reaplica_filtro_status - --- Navegou até celula A1 e abriu o filtro do status 
2024-10-08 15:46:58,063 - WARNING = procura_imagem - --- Não encontrou a imagem: imagens/img_planilha/bt_aplicar.png
2024-10-08 15:46:58,224 - ERROR = main - Os processos de coleta na PLANILHA deram erro, fechando planilha e executando novamente.
Traceback (most recent call last):
  File "c:\Users\bruno.santos\Documents\GitHub\AutomacaoRPA_Cortesia\coleta_planilha.py", line 26, in main
    dados_copiados = coleta_planilha()
                     ^^^^^^^^^^^^^^^^^
  File "c:\Users\bruno.santos\Documents\GitHub\AutomacaoRPA_Cortesia\coleta_planilha.py", line 43, in coleta_planilha
    reaplica_filtro_status()
  File "c:\Users\bruno.santos\Documents\GitHub\AutomacaoRPA_Cortesia\utils\funcoes.py", line 170, in reaplica_filtro_status
    bot.click(procura_imagem(imagem='imagens/img_planilha/bt_aplicar.png'))
              ^^^^^^^^^^^^^^^^^^^^^^^^^^^^^^^^^^^^^^^^^^^^^^^^^^^^^^^^^^^^
  File "c:\Users\bruno.santos\Documents\GitHub\AutomacaoRPA_Cortesia\utils\funcoes.py", line 106, in procura_imagem
    raise TimeoutError
TimeoutError
2024-10-08 15:46:58,417 - WARNING = main - Fechando o EDGE
2024-10-08 15:47:03,418 - INFO = abre_planilha_navegador - --- Tentando abrir a planilha: debug_db_alltrips.xlsx
2024-10-08 15:47:03,418 - INFO = abre_planilha_navegador - --- Abrindo a planilha no EDGE.
2024-10-08 15:47:14,967 - INFO = abre_planilha_navegador - --- Planilha aberta e maximizada.
2024-10-08 15:47:14,967 - INFO = coleta_planilha - --- Copiando dados e formatando na planilha de debug
2024-10-08 15:47:14,967 - INFO = reaplica_filtro_status - --- Executando a função REAPLICA FILTRO STATUS
2024-10-08 15:47:20,106 - INFO = reaplica_filtro_status - --- Navegou até celula A1 e abriu o filtro do status 
2024-10-08 15:47:21,910 - WARNING = procura_imagem - --- Não encontrou a imagem: imagens/img_planilha/bt_aplicar.png
2024-10-08 15:47:22,116 - ERROR = main - Os processos de coleta na PLANILHA deram erro, fechando planilha e executando novamente.
Traceback (most recent call last):
  File "c:\Users\bruno.santos\Documents\GitHub\AutomacaoRPA_Cortesia\coleta_planilha.py", line 26, in main
    dados_copiados = coleta_planilha()
                     ^^^^^^^^^^^^^^^^^
  File "c:\Users\bruno.santos\Documents\GitHub\AutomacaoRPA_Cortesia\coleta_planilha.py", line 43, in coleta_planilha
    reaplica_filtro_status()
  File "c:\Users\bruno.santos\Documents\GitHub\AutomacaoRPA_Cortesia\utils\funcoes.py", line 170, in reaplica_filtro_status
    bot.click(procura_imagem(imagem='imagens/img_planilha/bt_aplicar.png'))
              ^^^^^^^^^^^^^^^^^^^^^^^^^^^^^^^^^^^^^^^^^^^^^^^^^^^^^^^^^^^^
  File "c:\Users\bruno.santos\Documents\GitHub\AutomacaoRPA_Cortesia\utils\funcoes.py", line 106, in procura_imagem
    raise TimeoutError
TimeoutError
2024-10-08 15:47:22,794 - WARNING = main - Fechando o EDGE
2024-10-08 15:47:27,795 - INFO = abre_planilha_navegador - --- Tentando abrir a planilha: debug_db_alltrips.xlsx
2024-10-08 15:47:27,795 - INFO = abre_planilha_navegador - --- Abrindo a planilha no EDGE.
2024-10-08 15:47:39,204 - INFO = abre_planilha_navegador - --- Planilha aberta e maximizada.
2024-10-08 15:47:39,204 - INFO = coleta_planilha - --- Copiando dados e formatando na planilha de debug
2024-10-08 15:47:39,204 - INFO = reaplica_filtro_status - --- Executando a função REAPLICA FILTRO STATUS
2024-10-08 15:47:44,322 - INFO = reaplica_filtro_status - --- Navegou até celula A1 e abriu o filtro do status 
2024-10-08 15:47:45,830 - INFO = reaplica_filtro_status - --- Na tela do menu de filtro, clicou no botão "Aplicar" para reaplicar o filtro 
2024-10-08 15:47:51,523 - INFO = coleta_planilha - --- Navegou até a celula A1, e foi para a linha logo a baixo.
2024-10-08 15:47:55,743 - INFO = marca_lancado - --- Abrindo planilha - MARCA_LANCADO, com parametro: chave_invalida
2024-10-08 15:48:01,551 - INFO = reaplica_filtro_status - --- Executando a função REAPLICA FILTRO STATUS
2024-10-08 15:48:06,659 - INFO = reaplica_filtro_status - --- Navegou até celula A1 e abriu o filtro do status 
2024-10-08 15:48:08,138 - INFO = reaplica_filtro_status - --- Na tela do menu de filtro, clicou no botão "Aplicar" para reaplicar o filtro 
2024-10-08 15:48:12,836 - INFO = marca_lancado - --------------------- Processou NFE, situação: chave_invalida ---------------------
2024-10-08 15:48:12,836 - INFO = coleta_planilha - --- Dados copiados: ['113068', '', '', '1001-VILA PRUDENTE', '4171172837728', '#NOME?', 'chave_invalida']
2024-10-08 15:48:12,836 - INFO = coleta_planilha - --- Chegou na ultima NFE 4171172837728
2024-10-08 15:48:12,836 - INFO = abre_planilha_navegador - --- Tentando abrir a planilha: db_alltrips.xlsx
2024-10-08 15:48:13,466 - INFO = abre_planilha_navegador - --- Abrindo a planilha no EDGE.
2024-10-08 15:48:24,937 - INFO = abre_planilha_navegador - --- Planilha aberta e maximizada.
2024-10-08 15:48:24,937 - INFO = encontra_ultimo_xml - --- Iniciando a navegação até a ultima chave XML: 4171172837728
2024-10-08 15:48:28,382 - INFO = encontra_ultimo_xml - --- Navegou até a coluna/celula A1
2024-10-08 15:48:30,292 - INFO = encontra_ultimo_xml - --- Navegou até a D. Inserção
2024-10-08 15:48:38,693 - INFO = encontra_ultimo_xml - --- Organizou a planilha da forma "da menor para a maior" 
2024-10-08 15:48:40,805 - INFO = encontra_ultimo_xml - --- Abrindo o menu de pesquisa na planilha
2024-10-08 15:48:48,314 - INFO = encontra_ultimo_xml - --- Digitando a ultima chave XML: 4171172837728
2024-10-08 15:48:54,324 - INFO = encontra_ultimo_xml - --- Fechou o menu de pesquisa
2024-10-08 15:48:55,825 - ERROR = encontra_ultimo_xml - --- Ops... não está na ultima chave 4171172837728, navegando novamente.
2024-10-08 15:48:55,825 - INFO = encontra_ultimo_xml - --- Iniciando a navegação até a ultima chave XML: 4171172837728
2024-10-08 15:48:59,162 - INFO = encontra_ultimo_xml - --- Navegou até a coluna/celula A1
2024-10-08 15:49:01,071 - INFO = encontra_ultimo_xml - --- Navegou até a D. Inserção
2024-10-08 15:49:09,452 - INFO = encontra_ultimo_xml - --- Organizou a planilha da forma "da menor para a maior" 
2024-10-08 15:49:11,568 - INFO = encontra_ultimo_xml - --- Abrindo o menu de pesquisa na planilha
2024-10-08 15:49:19,076 - INFO = encontra_ultimo_xml - --- Digitando a ultima chave XML: 4171172837728
2024-10-08 15:49:25,086 - INFO = encontra_ultimo_xml - --- Fechou o menu de pesquisa
2024-10-08 15:49:26,588 - INFO = encontra_ultimo_xml - --- Concluido a navegação até a ultima chave XML: 4171172837728
2024-10-08 15:49:26,588 - INFO = copia_dados - --- Iniciando o processo de cópia.
2024-10-08 15:49:28,708 - INFO = copia_dados - --- Dado copiado com sucesso, realizando avaliação.
2024-10-08 15:49:28,708 - INFO = copia_dados - --- Uma nova chave foi inserida: 35241060869336000621550000002517461196921376
2024-10-08 15:49:28,708 - INFO = copia_dados - --- Iniciando o processo de seleção dos dados
2024-10-08 15:49:34,719 - INFO = copia_dados - --- Pressionou SHIFT e CONTROL, indo até a ultima coluna preenchida
2024-10-08 15:50:11,784 - INFO = copia_dados - --- Novos dados copiados com sucesso da planilha db_alltrips
2024-10-08 15:50:11,785 - INFO = main - Não encontrou: 5/ nos dados copiados, os dados são novos!
2024-10-08 15:50:11,787 - INFO = cola_dados - --- Acessando a planilha de debug para COLAR os dados!
2024-10-08 15:50:11,788 - INFO = abre_planilha_navegador - --- Tentando abrir a planilha: debug_db_alltrips.xlsx
2024-10-08 15:50:12,424 - INFO = abre_planilha_navegador - --- Abrindo a planilha no EDGE.
2024-10-08 15:50:23,980 - INFO = abre_planilha_navegador - --- Planilha aberta e maximizada.
2024-10-08 15:50:26,484 - INFO = cola_dados - --- Navegou até a proxima linha sem informações
2024-10-08 15:50:30,991 - INFO = cola_dados - --- Copiado e colado com sucesso! Fechando a planilha original.
2024-10-08 15:50:30,992 - INFO = cola_dados - --- Fechou a planilha com os dados originais
2024-10-08 15:50:30,993 - INFO = coleta_planilha - --- Copiando dados e formatando na planilha de debug
2024-10-08 15:50:30,993 - INFO = reaplica_filtro_status - --- Executando a função REAPLICA FILTRO STATUS
2024-10-08 15:50:36,139 - INFO = reaplica_filtro_status - --- Navegou até celula A1 e abriu o filtro do status 
2024-10-08 15:50:37,940 - WARNING = procura_imagem - --- Não encontrou a imagem: imagens/img_planilha/bt_aplicar.png
2024-10-08 15:50:38,130 - ERROR = main - Os processos de coleta na PLANILHA deram erro, fechando planilha e executando novamente.
Traceback (most recent call last):
  File "c:\Users\bruno.santos\Documents\GitHub\AutomacaoRPA_Cortesia\coleta_planilha.py", line 26, in main
    dados_copiados = coleta_planilha()
                     ^^^^^^^^^^^^^^^^^
  File "c:\Users\bruno.santos\Documents\GitHub\AutomacaoRPA_Cortesia\coleta_planilha.py", line 43, in coleta_planilha
    reaplica_filtro_status()
  File "c:\Users\bruno.santos\Documents\GitHub\AutomacaoRPA_Cortesia\utils\funcoes.py", line 170, in reaplica_filtro_status
    bot.click(procura_imagem(imagem='imagens/img_planilha/bt_aplicar.png'))
              ^^^^^^^^^^^^^^^^^^^^^^^^^^^^^^^^^^^^^^^^^^^^^^^^^^^^^^^^^^^^
  File "c:\Users\bruno.santos\Documents\GitHub\AutomacaoRPA_Cortesia\utils\funcoes.py", line 106, in procura_imagem
    raise TimeoutError
TimeoutError
2024-10-08 15:50:38,338 - WARNING = main - Fechando o EDGE
2024-10-08 15:50:43,338 - INFO = abre_planilha_navegador - --- Tentando abrir a planilha: debug_db_alltrips.xlsx
2024-10-08 15:50:43,338 - INFO = abre_planilha_navegador - --- Abrindo a planilha no EDGE.
2024-10-08 15:50:54,774 - INFO = abre_planilha_navegador - --- Planilha aberta e maximizada.
2024-10-08 15:50:54,774 - INFO = coleta_planilha - --- Copiando dados e formatando na planilha de debug
2024-10-08 15:50:54,774 - INFO = reaplica_filtro_status - --- Executando a função REAPLICA FILTRO STATUS
2024-10-08 15:50:59,920 - INFO = reaplica_filtro_status - --- Navegou até celula A1 e abriu o filtro do status 
2024-10-08 15:51:01,719 - WARNING = procura_imagem - --- Não encontrou a imagem: imagens/img_planilha/bt_aplicar.png
2024-10-08 15:51:01,881 - ERROR = main - Os processos de coleta na PLANILHA deram erro, fechando planilha e executando novamente.
Traceback (most recent call last):
  File "c:\Users\bruno.santos\Documents\GitHub\AutomacaoRPA_Cortesia\coleta_planilha.py", line 26, in main
    dados_copiados = coleta_planilha()
                     ^^^^^^^^^^^^^^^^^
  File "c:\Users\bruno.santos\Documents\GitHub\AutomacaoRPA_Cortesia\coleta_planilha.py", line 43, in coleta_planilha
    reaplica_filtro_status()
  File "c:\Users\bruno.santos\Documents\GitHub\AutomacaoRPA_Cortesia\utils\funcoes.py", line 170, in reaplica_filtro_status
    bot.click(procura_imagem(imagem='imagens/img_planilha/bt_aplicar.png'))
              ^^^^^^^^^^^^^^^^^^^^^^^^^^^^^^^^^^^^^^^^^^^^^^^^^^^^^^^^^^^^
  File "c:\Users\bruno.santos\Documents\GitHub\AutomacaoRPA_Cortesia\utils\funcoes.py", line 106, in procura_imagem
    raise TimeoutError
TimeoutError
2024-10-08 15:51:02,074 - WARNING = main - Fechando o EDGE
2024-10-08 15:51:07,075 - INFO = abre_planilha_navegador - --- Tentando abrir a planilha: debug_db_alltrips.xlsx
2024-10-08 15:51:07,075 - INFO = abre_planilha_navegador - --- Abrindo a planilha no EDGE.
2024-10-08 15:51:18,544 - INFO = abre_planilha_navegador - --- Planilha aberta e maximizada.
2024-10-08 15:51:18,544 - INFO = coleta_planilha - --- Copiando dados e formatando na planilha de debug
2024-10-08 15:51:18,544 - INFO = reaplica_filtro_status - --- Executando a função REAPLICA FILTRO STATUS
2024-10-08 15:51:23,668 - INFO = reaplica_filtro_status - --- Navegou até celula A1 e abriu o filtro do status 
2024-10-08 15:51:25,469 - WARNING = procura_imagem - --- Não encontrou a imagem: imagens/img_planilha/bt_aplicar.png
2024-10-08 15:51:25,643 - ERROR = main - Os processos de coleta na PLANILHA deram erro, fechando planilha e executando novamente.
Traceback (most recent call last):
  File "c:\Users\bruno.santos\Documents\GitHub\AutomacaoRPA_Cortesia\coleta_planilha.py", line 26, in main
    dados_copiados = coleta_planilha()
                     ^^^^^^^^^^^^^^^^^
  File "c:\Users\bruno.santos\Documents\GitHub\AutomacaoRPA_Cortesia\coleta_planilha.py", line 43, in coleta_planilha
    reaplica_filtro_status()
  File "c:\Users\bruno.santos\Documents\GitHub\AutomacaoRPA_Cortesia\utils\funcoes.py", line 170, in reaplica_filtro_status
    bot.click(procura_imagem(imagem='imagens/img_planilha/bt_aplicar.png'))
              ^^^^^^^^^^^^^^^^^^^^^^^^^^^^^^^^^^^^^^^^^^^^^^^^^^^^^^^^^^^^
  File "c:\Users\bruno.santos\Documents\GitHub\AutomacaoRPA_Cortesia\utils\funcoes.py", line 106, in procura_imagem
    raise TimeoutError
TimeoutError
2024-10-08 15:51:25,846 - WARNING = main - Fechando o EDGE
2024-10-08 15:51:30,847 - INFO = abre_planilha_navegador - --- Tentando abrir a planilha: debug_db_alltrips.xlsx
2024-10-08 15:51:30,847 - INFO = abre_planilha_navegador - --- Abrindo a planilha no EDGE.
2024-10-08 15:51:42,299 - INFO = abre_planilha_navegador - --- Planilha aberta e maximizada.
2024-10-08 15:51:42,299 - INFO = coleta_planilha - --- Copiando dados e formatando na planilha de debug
2024-10-08 15:51:42,299 - INFO = reaplica_filtro_status - --- Executando a função REAPLICA FILTRO STATUS
2024-10-08 15:51:47,417 - INFO = reaplica_filtro_status - --- Navegou até celula A1 e abriu o filtro do status 
2024-10-08 15:51:48,920 - INFO = reaplica_filtro_status - --- Na tela do menu de filtro, clicou no botão "Aplicar" para reaplicar o filtro 
2024-10-08 15:51:54,619 - INFO = coleta_planilha - --- Navegou até a celula A1, e foi para a linha logo a baixo.
