2024-10-08 16:11:50,238 - INFO = <module> - ------------------------ Iniciando um novo log ------------------------ 
2024-10-08 16:11:50,421 - INFO = programa_principal - 
2024-10-08 16:11:50,421 - INFO = programa_principal - ---------------------------------------------------------------------------------------------------
2024-10-08 16:11:50,421 - INFO = programa_principal - --- INICIANDO UM NOVO LANÇAMENTO DE NFE --- 
2024-10-08 16:11:50,421 - INFO = programa_principal - ---------------------------------------------------------------------------------------------------
2024-10-08 16:11:50,422 - INFO = abre_planilha_navegador - --- Tentando abrir a planilha: debug_db_alltrips.xlsx
2024-10-08 16:11:50,533 - INFO = abre_planilha_navegador - --- Planilha já estava aberta, executou apenas um recarregamento
2024-10-08 16:11:59,254 - INFO = abre_planilha_navegador - --- Recarregou a planilha com sucesso.
2024-10-08 16:11:59,254 - INFO = coleta_planilha - --- Copiando dados e formatando na planilha de debug
2024-10-08 16:11:59,254 - INFO = reaplica_filtro_status - --- Executando a função REAPLICA FILTRO STATUS
2024-10-08 16:12:04,386 - INFO = reaplica_filtro_status - --- Navegou até celula A1 e abriu o filtro do status 
2024-10-08 16:12:05,943 - INFO = reaplica_filtro_status - --- Na tela do menu de filtro, clicou no botão "Aplicar" para reaplicar o filtro 
2024-10-08 16:12:11,644 - INFO = coleta_planilha - --- Navegou até a celula A1, e foi para a linha logo a baixo.
2024-10-08 16:12:15,865 - INFO = marca_lancado - --- Abrindo planilha - MARCA_LANCADO, com parametro: chave_invalida
2024-10-08 16:12:21,677 - INFO = reaplica_filtro_status - --- Executando a função REAPLICA FILTRO STATUS
2024-10-08 16:12:26,792 - INFO = reaplica_filtro_status - --- Navegou até celula A1 e abriu o filtro do status 
2024-10-08 16:12:28,321 - INFO = reaplica_filtro_status - --- Na tela do menu de filtro, clicou no botão "Aplicar" para reaplicar o filtro 
2024-10-08 16:12:33,028 - INFO = marca_lancado - --------------------- Processou NFE, situação: chave_invalida ---------------------
2024-10-08 16:12:33,028 - INFO = coleta_planilha - --- Dados copiados: ['113068', '', '', '1001-VILA PRUDENTE', '4171172837728', '#NOME?', 'chave_invalida']
2024-10-08 16:12:33,028 - INFO = coleta_planilha - --- Chegou na ultima NFE 4171172837728
2024-10-08 16:12:33,028 - INFO = abre_planilha_navegador - --- Tentando abrir a planilha: db_alltrips.xlsx
2024-10-08 16:12:33,657 - INFO = abre_planilha_navegador - --- Abrindo a planilha no EDGE.
2024-10-08 16:12:45,156 - INFO = abre_planilha_navegador - --- Planilha aberta e maximizada.
2024-10-08 16:12:45,156 - INFO = encontra_ultimo_xml - --- Iniciando a navegação até a ultima chave XML: 4171172837728
2024-10-08 16:12:48,601 - INFO = encontra_ultimo_xml - --- Navegou até a coluna/celula A1
2024-10-08 16:12:50,511 - INFO = encontra_ultimo_xml - --- Navegou até a D. Inserção
2024-10-08 16:12:58,688 - WARNING = procura_imagem - --- Não encontrou a imagem: imagens/img_planilha/icone_organiza_A_Z.png
2024-10-08 16:12:58,899 - ERROR = main - Os processos de coleta na PLANILHA deram erro, fechando planilha e executando novamente.
Traceback (most recent call last):
  File "c:\Users\bruno.santos\Documents\GitHub\AutomacaoRPA_Cortesia\coleta_planilha.py", line 26, in main
    dados_copiados = coleta_planilha()
                     ^^^^^^^^^^^^^^^^^
  File "c:\Users\bruno.santos\Documents\GitHub\AutomacaoRPA_Cortesia\coleta_planilha.py", line 58, in coleta_planilha
    copia_banco(chave_xml)
  File "c:\Users\bruno.santos\Documents\GitHub\AutomacaoRPA_Cortesia\copia_alltrips.py", line 200, in main
    encontra_ultimo_xml(ultimo_xml = ultimo_xml)
  File "c:\Users\bruno.santos\Documents\GitHub\AutomacaoRPA_Cortesia\copia_alltrips.py", line 55, in encontra_ultimo_xml
    bot.click(procura_imagem(imagem='imagens/img_planilha/icone_organiza_A_Z.png')) # Clica no botão "organizar do mais antigo ao mais novo"
              ^^^^^^^^^^^^^^^^^^^^^^^^^^^^^^^^^^^^^^^^^^^^^^^^^^^^^^^^^^^^^^^^^^^^
  File "c:\Users\bruno.santos\Documents\GitHub\AutomacaoRPA_Cortesia\utils\funcoes.py", line 106, in procura_imagem
    raise TimeoutError
TimeoutError
2024-10-08 16:12:59,258 - WARNING = main - Fechando o EDGE
2024-10-08 16:13:04,259 - INFO = abre_planilha_navegador - --- Tentando abrir a planilha: debug_db_alltrips.xlsx
2024-10-08 16:13:04,259 - INFO = abre_planilha_navegador - --- Abrindo a planilha no EDGE.
2024-10-08 16:13:15,745 - INFO = abre_planilha_navegador - --- Planilha aberta e maximizada.
2024-10-08 16:13:15,745 - INFO = coleta_planilha - --- Copiando dados e formatando na planilha de debug
2024-10-08 16:13:15,745 - INFO = reaplica_filtro_status - --- Executando a função REAPLICA FILTRO STATUS
2024-10-08 16:13:20,886 - INFO = reaplica_filtro_status - --- Navegou até celula A1 e abriu o filtro do status 
2024-10-08 16:13:22,716 - WARNING = procura_imagem - --- Não encontrou a imagem: imagens/img_planilha/bt_aplicar.png
2024-10-08 16:13:22,879 - ERROR = main - Os processos de coleta na PLANILHA deram erro, fechando planilha e executando novamente.
Traceback (most recent call last):
  File "c:\Users\bruno.santos\Documents\GitHub\AutomacaoRPA_Cortesia\coleta_planilha.py", line 26, in main
    dados_copiados = coleta_planilha()
                     ^^^^^^^^^^^^^^^^^
  File "c:\Users\bruno.santos\Documents\GitHub\AutomacaoRPA_Cortesia\coleta_planilha.py", line 43, in coleta_planilha
    reaplica_filtro_status()
  File "c:\Users\bruno.santos\Documents\GitHub\AutomacaoRPA_Cortesia\utils\funcoes.py", line 170, in reaplica_filtro_status
    bot.click(procura_imagem(imagem='imagens/img_planilha/bt_aplicar.png'))
              ^^^^^^^^^^^^^^^^^^^^^^^^^^^^^^^^^^^^^^^^^^^^^^^^^^^^^^^^^^^^
  File "c:\Users\bruno.santos\Documents\GitHub\AutomacaoRPA_Cortesia\utils\funcoes.py", line 106, in procura_imagem
    raise TimeoutError
TimeoutError
2024-10-08 16:13:23,078 - WARNING = main - Fechando o EDGE
2024-10-08 16:13:28,079 - INFO = abre_planilha_navegador - --- Tentando abrir a planilha: debug_db_alltrips.xlsx
2024-10-08 16:13:28,079 - INFO = abre_planilha_navegador - --- Abrindo a planilha no EDGE.
2024-10-08 16:13:39,518 - INFO = abre_planilha_navegador - --- Planilha aberta e maximizada.
2024-10-08 16:13:39,518 - INFO = coleta_planilha - --- Copiando dados e formatando na planilha de debug
2024-10-08 16:13:39,518 - INFO = reaplica_filtro_status - --- Executando a função REAPLICA FILTRO STATUS
2024-10-08 16:13:44,638 - INFO = reaplica_filtro_status - --- Navegou até celula A1 e abriu o filtro do status 
2024-10-08 16:13:46,474 - WARNING = procura_imagem - --- Não encontrou a imagem: imagens/img_planilha/bt_aplicar.png
2024-10-08 16:13:46,673 - ERROR = main - Os processos de coleta na PLANILHA deram erro, fechando planilha e executando novamente.
Traceback (most recent call last):
  File "c:\Users\bruno.santos\Documents\GitHub\AutomacaoRPA_Cortesia\coleta_planilha.py", line 26, in main
    dados_copiados = coleta_planilha()
                     ^^^^^^^^^^^^^^^^^
  File "c:\Users\bruno.santos\Documents\GitHub\AutomacaoRPA_Cortesia\coleta_planilha.py", line 43, in coleta_planilha
    reaplica_filtro_status()
  File "c:\Users\bruno.santos\Documents\GitHub\AutomacaoRPA_Cortesia\utils\funcoes.py", line 170, in reaplica_filtro_status
    bot.click(procura_imagem(imagem='imagens/img_planilha/bt_aplicar.png'))
              ^^^^^^^^^^^^^^^^^^^^^^^^^^^^^^^^^^^^^^^^^^^^^^^^^^^^^^^^^^^^
  File "c:\Users\bruno.santos\Documents\GitHub\AutomacaoRPA_Cortesia\utils\funcoes.py", line 106, in procura_imagem
    raise TimeoutError
TimeoutError
2024-10-08 16:13:46,875 - WARNING = main - Fechando o EDGE
2024-10-08 16:13:51,876 - INFO = abre_planilha_navegador - --- Tentando abrir a planilha: debug_db_alltrips.xlsx
2024-10-08 16:13:51,876 - INFO = abre_planilha_navegador - --- Abrindo a planilha no EDGE.
2024-10-08 16:14:03,357 - INFO = abre_planilha_navegador - --- Planilha aberta e maximizada.
2024-10-08 16:14:03,357 - INFO = coleta_planilha - --- Copiando dados e formatando na planilha de debug
2024-10-08 16:14:03,357 - INFO = reaplica_filtro_status - --- Executando a função REAPLICA FILTRO STATUS
2024-10-08 16:14:08,480 - INFO = reaplica_filtro_status - --- Navegou até celula A1 e abriu o filtro do status 
2024-10-08 16:14:10,312 - WARNING = procura_imagem - --- Não encontrou a imagem: imagens/img_planilha/bt_aplicar.png
2024-10-08 16:14:10,486 - ERROR = main - Os processos de coleta na PLANILHA deram erro, fechando planilha e executando novamente.
Traceback (most recent call last):
  File "c:\Users\bruno.santos\Documents\GitHub\AutomacaoRPA_Cortesia\coleta_planilha.py", line 26, in main
    dados_copiados = coleta_planilha()
                     ^^^^^^^^^^^^^^^^^
  File "c:\Users\bruno.santos\Documents\GitHub\AutomacaoRPA_Cortesia\coleta_planilha.py", line 43, in coleta_planilha
    reaplica_filtro_status()
  File "c:\Users\bruno.santos\Documents\GitHub\AutomacaoRPA_Cortesia\utils\funcoes.py", line 170, in reaplica_filtro_status
    bot.click(procura_imagem(imagem='imagens/img_planilha/bt_aplicar.png'))
              ^^^^^^^^^^^^^^^^^^^^^^^^^^^^^^^^^^^^^^^^^^^^^^^^^^^^^^^^^^^^
  File "c:\Users\bruno.santos\Documents\GitHub\AutomacaoRPA_Cortesia\utils\funcoes.py", line 106, in procura_imagem
    raise TimeoutError
TimeoutError
2024-10-08 16:14:10,723 - WARNING = main - Fechando o EDGE
2024-10-08 16:14:15,724 - INFO = abre_planilha_navegador - --- Tentando abrir a planilha: debug_db_alltrips.xlsx
2024-10-08 16:14:15,724 - INFO = abre_planilha_navegador - --- Abrindo a planilha no EDGE.
2024-10-08 16:14:27,199 - INFO = abre_planilha_navegador - --- Planilha aberta e maximizada.
2024-10-08 16:14:27,199 - INFO = coleta_planilha - --- Copiando dados e formatando na planilha de debug
2024-10-08 16:14:27,199 - INFO = reaplica_filtro_status - --- Executando a função REAPLICA FILTRO STATUS
2024-10-08 16:14:32,325 - INFO = reaplica_filtro_status - --- Navegou até celula A1 e abriu o filtro do status 
2024-10-08 16:14:34,153 - WARNING = procura_imagem - --- Não encontrou a imagem: imagens/img_planilha/bt_aplicar.png
2024-10-08 16:14:34,315 - ERROR = main - Os processos de coleta na PLANILHA deram erro, fechando planilha e executando novamente.
Traceback (most recent call last):
  File "c:\Users\bruno.santos\Documents\GitHub\AutomacaoRPA_Cortesia\coleta_planilha.py", line 26, in main
    dados_copiados = coleta_planilha()
                     ^^^^^^^^^^^^^^^^^
  File "c:\Users\bruno.santos\Documents\GitHub\AutomacaoRPA_Cortesia\coleta_planilha.py", line 43, in coleta_planilha
    reaplica_filtro_status()
  File "c:\Users\bruno.santos\Documents\GitHub\AutomacaoRPA_Cortesia\utils\funcoes.py", line 170, in reaplica_filtro_status
    bot.click(procura_imagem(imagem='imagens/img_planilha/bt_aplicar.png'))
              ^^^^^^^^^^^^^^^^^^^^^^^^^^^^^^^^^^^^^^^^^^^^^^^^^^^^^^^^^^^^
  File "c:\Users\bruno.santos\Documents\GitHub\AutomacaoRPA_Cortesia\utils\funcoes.py", line 106, in procura_imagem
    raise TimeoutError
TimeoutError
2024-10-08 16:14:34,509 - WARNING = main - Fechando o EDGE
2024-10-08 16:14:39,510 - INFO = abre_planilha_navegador - --- Tentando abrir a planilha: debug_db_alltrips.xlsx
2024-10-08 16:14:39,510 - INFO = abre_planilha_navegador - --- Abrindo a planilha no EDGE.
2024-10-08 16:14:50,978 - INFO = abre_planilha_navegador - --- Planilha aberta e maximizada.
2024-10-08 16:14:50,978 - INFO = coleta_planilha - --- Copiando dados e formatando na planilha de debug
2024-10-08 16:14:50,978 - INFO = reaplica_filtro_status - --- Executando a função REAPLICA FILTRO STATUS
2024-10-08 16:14:56,104 - INFO = reaplica_filtro_status - --- Navegou até celula A1 e abriu o filtro do status 
2024-10-08 16:14:57,632 - INFO = reaplica_filtro_status - --- Na tela do menu de filtro, clicou no botão "Aplicar" para reaplicar o filtro 
2024-10-08 16:15:03,335 - INFO = coleta_planilha - --- Navegou até a celula A1, e foi para a linha logo a baixo.
2024-10-08 16:15:07,557 - INFO = marca_lancado - --- Abrindo planilha - MARCA_LANCADO, com parametro: chave_invalida
2024-10-08 16:15:13,428 - INFO = reaplica_filtro_status - --- Executando a função REAPLICA FILTRO STATUS
2024-10-08 16:15:18,539 - INFO = reaplica_filtro_status - --- Navegou até celula A1 e abriu o filtro do status 
2024-10-08 16:15:20,073 - INFO = reaplica_filtro_status - --- Na tela do menu de filtro, clicou no botão "Aplicar" para reaplicar o filtro 
2024-10-08 16:15:24,776 - INFO = marca_lancado - --------------------- Processou NFE, situação: chave_invalida ---------------------
2024-10-08 16:15:24,776 - INFO = coleta_planilha - --- Dados copiados: ['113068', '', '', '1001-VILA PRUDENTE', '4171172837728', '#NOME?', 'chave_invalida']
2024-10-08 16:15:24,776 - INFO = coleta_planilha - --- Chegou na ultima NFE 4171172837728
2024-10-08 16:15:24,776 - INFO = abre_planilha_navegador - --- Tentando abrir a planilha: db_alltrips.xlsx
2024-10-08 16:15:25,406 - INFO = abre_planilha_navegador - --- Abrindo a planilha no EDGE.
2024-10-08 16:15:36,873 - INFO = abre_planilha_navegador - --- Planilha aberta e maximizada.
2024-10-08 16:15:36,873 - INFO = encontra_ultimo_xml - --- Iniciando a navegação até a ultima chave XML: 4171172837728
2024-10-08 16:15:40,225 - INFO = encontra_ultimo_xml - --- Navegou até a coluna/celula A1
2024-10-08 16:15:42,133 - INFO = encontra_ultimo_xml - --- Navegou até a D. Inserção
2024-10-08 16:15:50,339 - WARNING = procura_imagem - --- Não encontrou a imagem: imagens/img_planilha/icone_organiza_A_Z.png
2024-10-08 16:15:50,529 - ERROR = main - Os processos de coleta na PLANILHA deram erro, fechando planilha e executando novamente.
Traceback (most recent call last):
  File "c:\Users\bruno.santos\Documents\GitHub\AutomacaoRPA_Cortesia\coleta_planilha.py", line 26, in main
    dados_copiados = coleta_planilha()
                     ^^^^^^^^^^^^^^^^^
  File "c:\Users\bruno.santos\Documents\GitHub\AutomacaoRPA_Cortesia\coleta_planilha.py", line 58, in coleta_planilha
    copia_banco(chave_xml)
  File "c:\Users\bruno.santos\Documents\GitHub\AutomacaoRPA_Cortesia\copia_alltrips.py", line 200, in main
    encontra_ultimo_xml(ultimo_xml = ultimo_xml)
  File "c:\Users\bruno.santos\Documents\GitHub\AutomacaoRPA_Cortesia\copia_alltrips.py", line 55, in encontra_ultimo_xml
    bot.click(procura_imagem(imagem='imagens/img_planilha/icone_organiza_A_Z.png')) # Clica no botão "organizar do mais antigo ao mais novo"
              ^^^^^^^^^^^^^^^^^^^^^^^^^^^^^^^^^^^^^^^^^^^^^^^^^^^^^^^^^^^^^^^^^^^^
  File "c:\Users\bruno.santos\Documents\GitHub\AutomacaoRPA_Cortesia\utils\funcoes.py", line 106, in procura_imagem
    raise TimeoutError
TimeoutError
2024-10-08 16:15:50,765 - WARNING = main - Fechando o EDGE
2024-10-08 16:15:55,765 - INFO = abre_planilha_navegador - --- Tentando abrir a planilha: debug_db_alltrips.xlsx
2024-10-08 16:15:55,765 - INFO = abre_planilha_navegador - --- Abrindo a planilha no EDGE.
2024-10-08 16:16:07,196 - INFO = abre_planilha_navegador - --- Planilha aberta e maximizada.
2024-10-08 16:16:07,196 - INFO = coleta_planilha - --- Copiando dados e formatando na planilha de debug
2024-10-08 16:16:07,196 - INFO = reaplica_filtro_status - --- Executando a função REAPLICA FILTRO STATUS
2024-10-08 16:16:12,356 - INFO = reaplica_filtro_status - --- Navegou até celula A1 e abriu o filtro do status 
2024-10-08 16:16:13,911 - INFO = reaplica_filtro_status - --- Na tela do menu de filtro, clicou no botão "Aplicar" para reaplicar o filtro 
2024-10-08 16:16:19,616 - INFO = coleta_planilha - --- Navegou até a celula A1, e foi para a linha logo a baixo.
2024-10-08 16:16:23,856 - INFO = marca_lancado - --- Abrindo planilha - MARCA_LANCADO, com parametro: chave_invalida
2024-10-08 16:16:29,676 - INFO = reaplica_filtro_status - --- Executando a função REAPLICA FILTRO STATUS
2024-10-08 16:16:34,784 - INFO = reaplica_filtro_status - --- Navegou até celula A1 e abriu o filtro do status 
2024-10-08 16:16:36,282 - INFO = reaplica_filtro_status - --- Na tela do menu de filtro, clicou no botão "Aplicar" para reaplicar o filtro 
2024-10-08 16:16:40,994 - INFO = marca_lancado - --------------------- Processou NFE, situação: chave_invalida ---------------------
2024-10-08 16:16:40,994 - INFO = coleta_planilha - --- Dados copiados: ['113068', '', '', '1001-VILA PRUDENTE', '4171172837728', '#NOME?', 'chave_invalida']
2024-10-08 16:16:40,994 - INFO = coleta_planilha - --- Chegou na ultima NFE 4171172837728
2024-10-08 16:16:40,994 - INFO = abre_planilha_navegador - --- Tentando abrir a planilha: db_alltrips.xlsx
2024-10-08 16:16:41,627 - INFO = abre_planilha_navegador - --- Abrindo a planilha no EDGE.
