2024-11-30 20:48:22,911 - INFO - %(lineno)d = abre_topcon - --- Executando a função: ABRE TOPCON
2024-11-30 20:48:23,145 - INFO - %(lineno)d = fecha_execucoes - --- Iniciando fecha execucoes, para fechar o TopCompras e o RDP ---
2024-11-30 20:48:24,239 - INFO - %(lineno)d = fecha_execucoes - --- Fechou a tela "TopCompras" 
2024-11-30 20:48:25,228 - INFO - %(lineno)d = fecha_execucoes - --- Fechou o processo MSTSC.EXE" 
2024-11-30 20:48:25,229 - INFO - %(lineno)d = abre_topcon - --- Iniciando o RemoteApp
2024-11-30 20:48:35,454 - INFO - %(lineno)d = abre_topcon - --- Tentando a tela: Windows Security
2024-11-30 20:48:35,586 - INFO - %(lineno)d = abre_topcon - --- Encontrou com o nome Windows Security
2024-11-30 20:48:35,703 - INFO - %(lineno)d = abre_topcon - --- Tentando a tela: Segurança do Windows
2024-11-30 20:48:43,198 - INFO - %(lineno)d = abre_topcon - --- Abriu a tela "Windows Security", realizando o login" 
2024-11-30 20:48:46,577 - INFO - %(lineno)d = abre_topcon - --- Login realizado no RemoteApp-Cortesia.rdp
2024-11-30 20:48:51,678 - INFO - %(lineno)d = abre_mercantil - --- TopCon está aberto, pode prosseguir com a abertura do TopCompras
2024-11-30 20:49:04,678 - WARNING - %(lineno)d = corrige_nometela - Não encontrou o TopCompras nem a tela sem nome
2024-11-30 20:49:04,678 - INFO - %(lineno)d = abre_mercantil - --- Modulo de compras realmente está fechado, abrindo uma nova execução
2024-11-30 20:49:05,309 - INFO - %(lineno)d = abre_mercantil - --- Na tela do Topcon, clicou no logo do topcompras 
2024-11-30 20:49:13,411 - INFO - %(lineno)d = abre_mercantil - --- Encontrou a tela do interveniente, clicando no botão "OK"
2024-11-30 20:49:16,382 - INFO - %(lineno)d = abre_mercantil - --- Encontrou a tela do interveniente, clicando no botão "OK"
2024-11-30 20:49:18,959 - INFO - %(lineno)d = abre_mercantil - --- Fechou a tela dos intervenientes
2024-11-30 20:49:24,081 - INFO - %(lineno)d = corrige_nometela - --- TopCompras abriu com o nome normal, prosseguindo.
2024-11-30 20:49:24,081 - INFO - %(lineno)d = navega_topcompras - --- Executando a função: navega topcompras 
2024-11-30 20:49:32,318 - INFO - %(lineno)d = navega_topcompras - --- TopCompras aberto!
2024-11-30 20:49:33,862 - INFO - %(lineno)d = abre_topcon - --- Tela do Topcon já está aberta.
