2024-10-09 08:58:08,454 - WARNING - --- TopCon está fechado! executando ABRE TOPCON
2024-10-09 08:58:08,455 - INFO - --- Executando a função: ABRE TOPCON
2024-10-09 08:58:08,456 - INFO - --- Iniciando fecha execucoes, para fechar o TopCompras e o RDP ---
2024-10-09 08:58:08,708 - INFO - --- Fechou a tela "TopCompras" 
2024-10-09 08:58:08,787 - INFO - --- Fechou o processo MSTSC.EXE" 
2024-10-09 08:58:08,787 - INFO - --- Iniciando o RemoteApp
2024-10-09 08:58:08,879 - INFO - --- Tentando a tela: Windows Security
2024-10-09 08:58:10,225 - INFO - --- Encontrou com o nome Windows Security
2024-10-09 08:58:10,320 - INFO - --- Tentando a tela: Segurança do Windows
2024-10-09 08:58:17,832 - INFO - --- Abriu a tela "Windows Security", realizando o login" 
2024-10-09 08:58:21,210 - INFO - --- Login realizado no RemoteApp-Cortesia.rdp
2024-10-09 08:58:26,487 - DEBUG - --- Tentando encontrar: imagens/img_topcon/txt_ServidorAplicacao.png
2024-10-09 08:58:26,878 - DEBUG - --- Tentando encontrar: imagens/img_topcon/logo_principal.png
2024-10-09 08:58:27,472 - DEBUG - --- Tentando encontrar: imagens/img_topcon/txt_ServidorAplicacao.png
2024-10-09 08:58:27,863 - DEBUG - --- Tentando encontrar: imagens/img_topcon/logo_principal.png
2024-10-09 08:58:28,472 - DEBUG - --- Tentando encontrar: imagens/img_topcon/txt_ServidorAplicacao.png
2024-10-09 08:58:28,863 - DEBUG - --- Tentando encontrar: imagens/img_topcon/logo_principal.png
2024-10-09 08:58:29,472 - DEBUG - --- Tentando encontrar: imagens/img_topcon/txt_ServidorAplicacao.png
2024-10-09 08:58:29,878 - DEBUG - --- Tentando encontrar: imagens/img_topcon/logo_principal.png
2024-10-09 08:58:30,472 - DEBUG - --- Tentando encontrar: imagens/img_topcon/txt_ServidorAplicacao.png
2024-10-09 08:58:30,894 - DEBUG - --- Tentando encontrar: imagens/img_topcon/logo_principal.png
2024-10-09 08:58:31,300 - DEBUG - --- Encontrou imagens/img_topcon/logo_principal.png na posição: Point(x=125, y=82)
2024-10-09 08:58:31,806 - INFO - --- Tela do Topcon já está aberta.
2024-10-09 08:58:32,019 - WARNING - --- Encontrou tela sem o nome, e realizou a correção!
2024-10-09 08:58:32,019 - INFO - --- Tentando fechar o TopCompras
2024-10-09 08:58:35,128 - INFO - --- Tentando fechar o TopCompras
2024-10-09 08:58:38,237 - INFO - --- Tentando fechar o TopCompras
2024-10-09 08:58:41,347 - INFO - --- Tentando fechar o TopCompras
2024-10-09 08:58:44,456 - INFO - --- Tentando fechar o TopCompras
2024-10-09 08:58:47,565 - INFO - --- Tentando fechar o TopCompras
2024-10-09 08:58:50,675 - INFO - --- Tentando fechar o TopCompras
2024-10-09 08:58:53,784 - INFO - --- Tentando fechar o TopCompras
2024-10-09 08:58:56,894 - INFO - --- Tentando fechar o TopCompras
2024-10-09 08:59:00,003 - INFO - --- Tentando fechar o TopCompras
2024-10-09 08:59:03,106 - INFO - --- Tentando fechar o TopCompras
2024-10-09 08:59:06,221 - WARNING - --- Não foi possivel fechar apenas o TopCompras, reiniciando Topcon & TopCompras
2024-10-09 08:59:06,221 - INFO - --- Iniciando fecha execucoes, para fechar o TopCompras e o RDP ---
