2024-10-09 08:55:59,800 - WARNING - --- TopCon está fechado! executando ABRE TOPCON
2024-10-09 08:55:59,800 - INFO - --- Executando a função: ABRE TOPCON
2024-10-09 08:55:59,800 - INFO - --- Iniciando fecha execucoes, para fechar o TopCompras e o RDP ---
2024-10-09 08:56:00,066 - INFO - --- Fechou a tela "TopCompras" 
2024-10-09 08:56:00,228 - INFO - --- Fechou o processo MSTSC.EXE" 
2024-10-09 08:56:00,228 - INFO - --- Iniciando o RemoteApp
2024-10-09 08:56:00,311 - INFO - --- Tentando a tela: Windows Security
2024-10-09 08:56:01,785 - INFO - --- Encontrou com o nome Windows Security
2024-10-09 08:56:01,894 - INFO - --- Tentando a tela: Segurança do Windows
2024-10-09 08:56:09,394 - INFO - --- Abriu a tela "Windows Security", realizando o login" 
2024-10-09 08:56:12,774 - INFO - --- Login realizado no RemoteApp-Cortesia.rdp
2024-10-09 08:56:15,565 - DEBUG - --- Tentando encontrar: imagens/img_topcon/txt_ServidorAplicacao.png
2024-10-09 08:56:15,972 - DEBUG - --- Tentando encontrar: imagens/img_topcon/logo_principal.png
2024-10-09 08:56:16,565 - DEBUG - --- Tentando encontrar: imagens/img_topcon/txt_ServidorAplicacao.png
2024-10-09 08:56:16,956 - DEBUG - --- Tentando encontrar: imagens/img_topcon/logo_principal.png
2024-10-09 08:56:17,574 - DEBUG - --- Tentando encontrar: imagens/img_topcon/txt_ServidorAplicacao.png
2024-10-09 08:56:17,968 - DEBUG - --- Tentando encontrar: imagens/img_topcon/logo_principal.png
2024-10-09 08:56:18,565 - DEBUG - --- Tentando encontrar: imagens/img_topcon/txt_ServidorAplicacao.png
2024-10-09 08:56:18,972 - DEBUG - --- Tentando encontrar: imagens/img_topcon/logo_principal.png
2024-10-09 08:56:19,565 - DEBUG - --- Tentando encontrar: imagens/img_topcon/txt_ServidorAplicacao.png
2024-10-09 08:56:19,956 - DEBUG - --- Tentando encontrar: imagens/img_topcon/logo_principal.png
2024-10-09 08:56:20,565 - DEBUG - --- Tentando encontrar: imagens/img_topcon/txt_ServidorAplicacao.png
2024-10-09 08:56:20,956 - DEBUG - --- Tentando encontrar: imagens/img_topcon/logo_principal.png
2024-10-09 08:56:21,581 - DEBUG - --- Tentando encontrar: imagens/img_topcon/txt_ServidorAplicacao.png
2024-10-09 08:56:21,972 - DEBUG - --- Tentando encontrar: imagens/img_topcon/logo_principal.png
2024-10-09 08:56:22,347 - DEBUG - --- Encontrou imagens/img_topcon/logo_principal.png na posição: Point(x=125, y=82)
2024-10-09 08:56:22,856 - INFO - --- Tela do Topcon já está aberta.
2024-10-09 08:56:23,050 - WARNING - --- Encontrou tela sem o nome, e realizou a correção!
2024-10-09 08:56:23,050 - INFO - --- Tentando fechar o TopCompras
2024-10-09 08:56:26,160 - INFO - --- Tentando fechar o TopCompras
2024-10-09 08:56:29,269 - INFO - --- Tentando fechar o TopCompras
2024-10-09 08:56:32,378 - INFO - --- Tentando fechar o TopCompras
2024-10-09 08:56:35,487 - INFO - --- Tentando fechar o TopCompras
2024-10-09 08:56:38,597 - INFO - --- Tentando fechar o TopCompras
2024-10-09 08:56:41,709 - INFO - --- Tentando fechar o TopCompras
2024-10-09 08:56:44,808 - INFO - --- Tentando fechar o TopCompras
2024-10-09 08:56:47,925 - INFO - --- Tentando fechar o TopCompras
2024-10-09 08:56:51,034 - INFO - --- Tentando fechar o TopCompras
2024-10-09 08:56:54,144 - INFO - --- Tentando fechar o TopCompras
2024-10-09 08:56:57,253 - WARNING - --- Não foi possivel fechar apenas o TopCompras, reiniciando Topcon & TopCompras
2024-10-09 08:56:57,253 - INFO - --- Iniciando fecha execucoes, para fechar o TopCompras e o RDP ---
2024-10-09 08:57:22,005 - INFO - --- Fechou a tela "TopCompras" 
2024-10-09 08:57:22,086 - INFO - --- Fechou o processo MSTSC.EXE" 
2024-10-09 08:57:22,087 - INFO - --- Modulo de compras realmente está fechado, abrindo uma nova execução
2024-10-09 08:57:22,087 - DEBUG - --- Tentando encontrar: imagens/img_topcon/logo_topcompras.png
2024-10-09 08:57:23,788 - WARNING - --- Não encontrou a imagem: imagens/img_topcon/logo_topcompras.png
