2024-10-09 11:47:51,943 - WARNING - --- TopCon está fechado! executando ABRE TOPCON
2024-10-09 11:47:51,943 - INFO - --- Executando a função: ABRE TOPCON
2024-10-09 11:47:51,943 - INFO - --- Iniciando fecha execucoes, para fechar o TopCompras e o RDP ---
2024-10-09 11:47:52,203 - INFO - --- Fechou a tela "TopCompras" 
2024-10-09 11:47:52,341 - INFO - --- Fechou o processo MSTSC.EXE" 
2024-10-09 11:47:52,341 - INFO - --- Iniciando o RemoteApp
2024-10-09 11:47:52,417 - INFO - --- Tentando a tela: Windows Security
2024-10-09 11:47:53,854 - INFO - --- Encontrou com o nome Windows Security
2024-10-09 11:47:53,970 - INFO - --- Tentando a tela: Segurança do Windows
2024-10-09 11:48:01,472 - INFO - --- Abriu a tela "Windows Security", realizando o login" 
2024-10-09 11:48:04,860 - INFO - --- Login realizado no RemoteApp-Cortesia.rdp
2024-10-09 11:48:07,878 - DEBUG - --- Tentando encontrar: imagens/img_topcon/txt_ServidorAplicacao.png
2024-10-09 11:48:08,284 - DEBUG - --- Tentando encontrar: imagens/img_topcon/logo_principal.png
2024-10-09 11:48:08,878 - DEBUG - --- Tentando encontrar: imagens/img_topcon/txt_ServidorAplicacao.png
2024-10-09 11:48:09,269 - DEBUG - --- Tentando encontrar: imagens/img_topcon/logo_principal.png
2024-10-09 11:48:09,878 - DEBUG - --- Tentando encontrar: imagens/img_topcon/txt_ServidorAplicacao.png
2024-10-09 11:48:10,269 - DEBUG - --- Tentando encontrar: imagens/img_topcon/logo_principal.png
2024-10-09 11:48:10,878 - DEBUG - --- Tentando encontrar: imagens/img_topcon/txt_ServidorAplicacao.png
2024-10-09 11:48:11,284 - DEBUG - --- Tentando encontrar: imagens/img_topcon/logo_principal.png
2024-10-09 11:48:11,659 - DEBUG - --- Encontrou imagens/img_topcon/logo_principal.png na posição: Point(x=123, y=69)
2024-10-09 11:48:12,163 - INFO - --- Tela do Topcon já está aberta.
2024-10-09 11:48:12,347 - WARNING - --- Encontrou tela sem o nome, e realizou a correção!
2024-10-09 11:48:12,347 - INFO - --- Tentando fechar o TopCompras
2024-10-09 11:48:12,597 - INFO - --- Modulo de compras realmente está fechado, abrindo uma nova execução
